Using pre-set license
Built from '2021.3/release' branch; Version is '2021.3.12f1 (8af3c3e441b1) revision 9106371'; Using compiler version '192829333'; Build Type 'Release'
OS: 'Windows 10  (10.0.19044) 64bit Professional' Language: 'en' Physical Memory: 8057 MB
BatchMode: 1, IsHumanControllingUs: 0, StartBugReporterOnCrash: 0, Is64bit: 1, IsPro: 1

COMMAND LINE ARGUMENTS:
C:\Program Files\Unity\Hub\Editor\2021.3.12f1\Editor\Unity.exe
-adb2
-batchMode
-noUpm
-name
AssetImportWorker4
-projectPath
C:/Users/yandreev/Documents/GitHub/UnityExercises/ShootThemAll!
-logFile
Logs/AssetImportWorker4.log
-srvPort
56889
Successfully changed project path to: C:/Users/yandreev/Documents/GitHub/UnityExercises/ShootThemAll!
C:/Users/yandreev/Documents/GitHub/UnityExercises/ShootThemAll!
[UnityMemory] Configuration Parameters - Can be set up in boot.config
    "memorysetup-bucket-allocator-granularity=16"
    "memorysetup-bucket-allocator-bucket-count=8"
    "memorysetup-bucket-allocator-block-size=33554432"
    "memorysetup-bucket-allocator-block-count=8"
    "memorysetup-main-allocator-block-size=16777216"
    "memorysetup-thread-allocator-block-size=16777216"
    "memorysetup-gfx-main-allocator-block-size=16777216"
    "memorysetup-gfx-thread-allocator-block-size=16777216"
    "memorysetup-cache-allocator-block-size=4194304"
    "memorysetup-typetree-allocator-block-size=2097152"
    "memorysetup-profiler-bucket-allocator-granularity=16"
    "memorysetup-profiler-bucket-allocator-bucket-count=8"
    "memorysetup-profiler-bucket-allocator-block-size=33554432"
    "memorysetup-profiler-bucket-allocator-block-count=8"
    "memorysetup-profiler-allocator-block-size=16777216"
    "memorysetup-profiler-editor-allocator-block-size=1048576"
    "memorysetup-temp-allocator-size-main=16777216"
    "memorysetup-job-temp-allocator-block-size=2097152"
    "memorysetup-job-temp-allocator-block-size-background=1048576"
    "memorysetup-job-temp-allocator-reduction-small-platforms=262144"
    "memorysetup-temp-allocator-size-background-worker=32768"
    "memorysetup-temp-allocator-size-job-worker=262144"
    "memorysetup-temp-allocator-size-preload-manager=33554432"
    "memorysetup-temp-allocator-size-nav-mesh-worker=65536"
    "memorysetup-temp-allocator-size-audio-worker=65536"
    "memorysetup-temp-allocator-size-cloud-worker=32768"
    "memorysetup-temp-allocator-size-gi-baking-worker=262144"
    "memorysetup-temp-allocator-size-gfx=262144"
Refreshing native plugins compatible for Editor in 179.69 ms, found 3 plugins.
Preloading 0 native plugins for Editor in 0.00 ms.
Initialize engine version: 2021.3.12f1 (8af3c3e441b1)
[Subsystems] Discovering subsystems at path C:/Program Files/Unity/Hub/Editor/2021.3.12f1/Editor/Data/Resources/UnitySubsystems
[Subsystems] Discovering subsystems at path C:/Users/yandreev/Documents/GitHub/UnityExercises/ShootThemAll!/Assets
GfxDevice: creating device client; threaded=0; jobified=0
Direct3D:
    Version:  Direct3D 11.0 [level 11.1]
    Renderer: Intel(R) HD Graphics 4400 (ID=0x41e)
    Vendor:   Intel
    VRAM:     2048 MB
    Driver:   20.19.15.4835
Initialize mono
Mono path[0] = 'C:/Program Files/Unity/Hub/Editor/2021.3.12f1/Editor/Data/Managed'
Mono path[1] = 'C:/Program Files/Unity/Hub/Editor/2021.3.12f1/Editor/Data/MonoBleedingEdge/lib/mono/unityjit-win32'
Mono config path = 'C:/Program Files/Unity/Hub/Editor/2021.3.12f1/Editor/Data/MonoBleedingEdge/etc'
Using monoOptions --debugger-agent=transport=dt_socket,embedding=1,server=y,suspend=n,address=127.0.0.1:56392
Begin MonoManager ReloadAssembly
Registering precompiled unity dll's ...
Register platform support module: C:/Program Files/Unity/Hub/Editor/2021.3.12f1/Editor/Data/PlaybackEngines/WebGLSupport/UnityEditor.WebGL.Extensions.dll
Register platform support module: C:/Program Files/Unity/Hub/Editor/2021.3.12f1/Editor/Data/PlaybackEngines/AndroidPlayer/UnityEditor.Android.Extensions.dll
Register platform support module: C:/Program Files/Unity/Hub/Editor/2021.3.12f1/Editor/Data/PlaybackEngines/WindowsStandaloneSupport/UnityEditor.WindowsStandalone.Extensions.dll
Register platform support module: C:/Program Files/Unity/Hub/Editor/2021.3.12f1/Editor/Data/PlaybackEngines/MetroSupport/UnityEditor.UWP.Extensions.dll
Registered in 0.012243 seconds.
Native extension for UWP target not found
Native extension for WindowsStandalone target not found
Native extension for Android target not found
Native extension for WebGL target not found
Refreshing native plugins compatible for Editor in 170.87 ms, found 3 plugins.
Preloading 0 native plugins for Editor in 0.00 ms.
Mono: successfully reloaded assembly
- Completed reload, in  1.480 seconds
Domain Reload Profiling:
	ReloadAssembly (1481ms)
		BeginReloadAssembly (174ms)
			ExecutionOrderSort (0ms)
			DisableScriptedObjects (0ms)
			BackupInstance (0ms)
			ReleaseScriptingObjects (0ms)
			CreateAndSetChildDomain (8ms)
		EndReloadAssembly (1062ms)
			LoadAssemblies (160ms)
			RebuildTransferFunctionScriptingTraits (0ms)
			SetupTypeCache (261ms)
			ReleaseScriptCaches (0ms)
			RebuildScriptCaches (59ms)
			SetupLoadedEditorAssemblies (631ms)
				LogAssemblyErrors (0ms)
				InitializePlatformSupportModulesInManaged (134ms)
				SetLoadedEditorAssemblies (5ms)
				RefreshPlugins (171ms)
				BeforeProcessingInitializeOnLoad (2ms)
				ProcessInitializeOnLoadAttributes (217ms)
				ProcessInitializeOnLoadMethodAttributes (102ms)
				AfterProcessingInitializeOnLoad (0ms)
				EditorAssembliesLoaded (0ms)
			ExecutionOrderSort2 (0ms)
			AwakeInstancesAfterBackupRestoration (0ms)
Platform modules already initialized, skipping
Registering precompiled user dll's ...
Registered in 0.027620 seconds.
Android Extension - Scanning For ADB Devices 5884 ms
Begin MonoManager ReloadAssembly
Symbol file LoadedFromMemory doesn't match image C:\Users\yandreev\Documents\GitHub\UnityExercises\ShootThemAll!\Library\PackageCache\com.unity.visualscripting@1.7.8\Editor\VisualScripting.Core\Dependencies\YamlDotNet\Unity.VisualScripting.YamlDotNet.dll
Symbol file LoadedFromMemory doesn't match image C:\Users\yandreev\Documents\GitHub\UnityExercises\ShootThemAll!\Library\PackageCache\com.unity.visualscripting@1.7.8\Editor\VisualScripting.Core\Dependencies\DotNetZip\Unity.VisualScripting.IonicZip.dll
Native extension for UWP target not found
Native extension for WindowsStandalone target not found
Native extension for Android target not found
Native extension for WebGL target not found
Refreshing native plugins compatible for Editor in 151.00 ms, found 3 plugins.
Preloading 0 native plugins for Editor in 0.00 ms.
Mono: successfully reloaded assembly
- Completed reload, in  4.898 seconds
Domain Reload Profiling:
	ReloadAssembly (4899ms)
		BeginReloadAssembly (263ms)
			ExecutionOrderSort (0ms)
			DisableScriptedObjects (8ms)
			BackupInstance (0ms)
			ReleaseScriptingObjects (0ms)
			CreateAndSetChildDomain (59ms)
		EndReloadAssembly (4352ms)
			LoadAssemblies (1311ms)
			RebuildTransferFunctionScriptingTraits (1ms)
			SetupTypeCache (753ms)
			ReleaseScriptCaches (4ms)
			RebuildScriptCaches (118ms)
			SetupLoadedEditorAssemblies (2075ms)
				LogAssemblyErrors (0ms)
				InitializePlatformSupportModulesInManaged (44ms)
				SetLoadedEditorAssemblies (0ms)
				RefreshPlugins (151ms)
				BeforeProcessingInitializeOnLoad (169ms)
				ProcessInitializeOnLoadAttributes (1586ms)
				ProcessInitializeOnLoadMethodAttributes (103ms)
				AfterProcessingInitializeOnLoad (20ms)
				EditorAssembliesLoaded (0ms)
			ExecutionOrderSort2 (0ms)
			AwakeInstancesAfterBackupRestoration (9ms)
Platform modules already initialized, skipping
========================================================================
Worker process is ready to serve import requests
Launched and connected shader compiler UnityShaderCompiler.exe after 0.39 seconds
Refreshing native plugins compatible for Editor in 2.00 ms, found 3 plugins.
Preloading 0 native plugins for Editor in 0.00 ms.
Unloading 4042 Unused Serialized files (Serialized files now loaded: 0)
Unloading 49 unused Assets / (1.5 MB). Loaded Objects now: 4550.
Memory consumption went from 180.9 MB to 179.4 MB.
Total: 4.524400 ms (FindLiveObjects: 0.405500 ms CreateObjectMapping: 0.316000 ms MarkObjects: 3.318700 ms  DeleteObjects: 0.482600 ms)

AssetImportParameters requested are different than current active one (requested -> active):
  custom:video-decoder-ogg-theora: a1e56fd34408186e4bbccfd4996cb3dc -> 
  custom:container-muxer-webm: aa71ff27fc2769a1b78a27578f13a17b -> 
  custom:container-demuxer-webm: 4f35f7cbe854078d1ac9338744f61a02 -> 
  custom:video-encoder-webm-vp8: eb34c28f22e8b96e1ab97ce403110664 -> 
  custom:video-codec-MediaFoundation-h265: 746d11721c4dcdbdad8f713fa42b33f4 -> 
  custom:audio-encoder-webm-vorbis: bf7c407c2cedff20999df2af8eb42d56 -> 
  custom:framework-win-MediaFoundation: 216162199b28c13a410421893ffa2e32 -> 
  custom:container-demuxer-ogg: 62fdf1f143b41e24485cea50d1cbac27 -> 
  custom:video-decoder-webm-vp8: 9c59270c3fd7afecdb556c50c9e8de78 -> 
  custom:audio-decoder-ogg-vorbis: bf7c407c2cedff20999df2af8eb42d56 -> 
========================================================================
Received Import Request.
  Time since last request: 2191042.819332 seconds.
  path: Assets/OutsideAssets/StarSparrow/Readme/ReadmeStarSparrow.asset
  artifactKey: Guid(831b6df9656715346bac250feaa321a7) Importer(815301076,1909f56bfc062723c751e8b465ee728b)
Start importing Assets/OutsideAssets/StarSparrow/Readme/ReadmeStarSparrow.asset using Guid(831b6df9656715346bac250feaa321a7) Importer(815301076,1909f56bfc062723c751e8b465ee728b)  -> (artifact id: '5df434a56814b5c29aefe41f11103bbf') in 0.277156 seconds 
========================================================================
Received Import Request.
  Time since last request: 491.245330 seconds.
  path: Assets/OutsideAssets/GrassHill.terrainlayer
  artifactKey: Guid(c6ce7c9a9f22cc74193bc615ce92b430) Importer(815301076,1909f56bfc062723c751e8b465ee728b)
Start importing Assets/OutsideAssets/GrassHill.terrainlayer using Guid(c6ce7c9a9f22cc74193bc615ce92b430) Importer(815301076,1909f56bfc062723c751e8b465ee728b)  -> (artifact id: '79488e7db87d49c6487f0801bd8be991') in 0.289247 seconds 
========================================================================
Received Import Request.
  Time since last request: 100.960538 seconds.
  path: Assets/OutsideAssets/SciFi Warehouse Kit
  artifactKey: Guid(3a748566b03a6ee46be0f3e5fea949a4) Importer(815301076,1909f56bfc062723c751e8b465ee728b)
Start importing Assets/OutsideAssets/SciFi Warehouse Kit using Guid(3a748566b03a6ee46be0f3e5fea949a4) Importer(815301076,1909f56bfc062723c751e8b465ee728b)  -> (artifact id: '152b932305ce733f9c709a58a3fc777d') in 0.052787 seconds 
========================================================================
Received Import Request.
  Time since last request: 1.271082 seconds.
  path: Assets/OutsideAssets/SciFi Warehouse Kit/Prefabs
  artifactKey: Guid(4f2c79c5874c642489b8485f052249f7) Importer(815301076,1909f56bfc062723c751e8b465ee728b)
Start importing Assets/OutsideAssets/SciFi Warehouse Kit/Prefabs using Guid(4f2c79c5874c642489b8485f052249f7) Importer(815301076,1909f56bfc062723c751e8b465ee728b)  -> (artifact id: '0830bfaa4101753897a0f4b6e61f7005') in 0.028598 seconds 
========================================================================
Received Import Request.
  Time since last request: 2.113674 seconds.
  path: Assets/OutsideAssets/SciFi Warehouse Kit/Prefabs/Props
  artifactKey: Guid(ab7c12e406c781a47889386561de3a0d) Importer(815301076,1909f56bfc062723c751e8b465ee728b)
Start importing Assets/OutsideAssets/SciFi Warehouse Kit/Prefabs/Props using Guid(ab7c12e406c781a47889386561de3a0d) Importer(815301076,1909f56bfc062723c751e8b465ee728b)  -> (artifact id: '2634d636d6d54753f98ba00d97e12e84') in 0.012984 seconds 
========================================================================
Received Import Request.
  Time since last request: 1.397534 seconds.
  path: Assets/OutsideAssets/SciFi Warehouse Kit/Prefabs/Props/Crates Barrels Pallets
  artifactKey: Guid(b0cbbcf7554a69441a731afd8fc2a7f6) Importer(815301076,1909f56bfc062723c751e8b465ee728b)
Start importing Assets/OutsideAssets/SciFi Warehouse Kit/Prefabs/Props/Crates Barrels Pallets using Guid(b0cbbcf7554a69441a731afd8fc2a7f6) Importer(815301076,1909f56bfc062723c751e8b465ee728b)  -> (artifact id: 'e1961169c9ff175d61f2c7ecb1fce91d') in 0.011910 seconds 
========================================================================
Received Import Request.
  Time since last request: 0.056013 seconds.
  path: Assets/OutsideAssets/SciFi Warehouse Kit/Prefabs/Props/Crates Barrels Pallets/Barrel.prefab
  artifactKey: Guid(1e3974e3db8c48c41b2604d2478e7e9e) Importer(815301076,1909f56bfc062723c751e8b465ee728b)
Start importing Assets/OutsideAssets/SciFi Warehouse Kit/Prefabs/Props/Crates Barrels Pallets/Barrel.prefab using Guid(1e3974e3db8c48c41b2604d2478e7e9e) Importer(815301076,1909f56bfc062723c751e8b465ee728b)  -> (artifact id: '74980ac2a981b64033649133c09fe834') in 0.480793 seconds 
========================================================================
Received Import Request.
  Time since last request: 0.000060 seconds.
  path: Assets/OutsideAssets/SciFi Warehouse Kit/Prefabs/Props/Crates Barrels Pallets/Crate Short.prefab
  artifactKey: Guid(aedebdaeae12a6743b39120d2f5156b0) Importer(815301076,1909f56bfc062723c751e8b465ee728b)
Start importing Assets/OutsideAssets/SciFi Warehouse Kit/Prefabs/Props/Crates Barrels Pallets/Crate Short.prefab using Guid(aedebdaeae12a6743b39120d2f5156b0) Importer(815301076,1909f56bfc062723c751e8b465ee728b)  -> (artifact id: '9357e1b8f8fb1e73882055e68762bedc') in 0.241584 seconds 
========================================================================
Received Import Request.
  Time since last request: 0.000035 seconds.
  path: Assets/OutsideAssets/SciFi Warehouse Kit/Prefabs/Props/Crates Barrels Pallets/Crate Long.prefab
  artifactKey: Guid(e2fdcaac11701fe438724a8a8b3a76c5) Importer(815301076,1909f56bfc062723c751e8b465ee728b)
Start importing Assets/OutsideAssets/SciFi Warehouse Kit/Prefabs/Props/Crates Barrels Pallets/Crate Long.prefab using Guid(e2fdcaac11701fe438724a8a8b3a76c5) Importer(815301076,1909f56bfc062723c751e8b465ee728b)  -> (artifact id: 'ee544e06b5b00ca5767b09d01021fa6e') in 0.288019 seconds 
========================================================================
Received Import Request.
  Time since last request: 0.000096 seconds.
  path: Assets/OutsideAssets/SciFi Warehouse Kit/Prefabs/Props/Crates Barrels Pallets/Pallet.prefab
  artifactKey: Guid(528f6c40ba01da34f96f492e501fd927) Importer(815301076,1909f56bfc062723c751e8b465ee728b)
Start importing Assets/OutsideAssets/SciFi Warehouse Kit/Prefabs/Props/Crates Barrels Pallets/Pallet.prefab using Guid(528f6c40ba01da34f96f492e501fd927) Importer(815301076,1909f56bfc062723c751e8b465ee728b)  -> (artifact id: 'e7cfaabddebec3c0b5007c1f3134dde8') in 0.259677 seconds 
========================================================================
Received Import Request.
  Time since last request: 1.470528 seconds.
  path: Assets/OutsideAssets/SciFi Warehouse Kit/Prefabs/Props/Crates Barrels Pallets/Pallet Variations
  artifactKey: Guid(c438b4834a962a848a5087a219c5d4a3) Importer(815301076,1909f56bfc062723c751e8b465ee728b)
Start importing Assets/OutsideAssets/SciFi Warehouse Kit/Prefabs/Props/Crates Barrels Pallets/Pallet Variations using Guid(c438b4834a962a848a5087a219c5d4a3) Importer(815301076,1909f56bfc062723c751e8b465ee728b)  -> (artifact id: '3bedd10c9c50248c7fce96feaf1a55da') in 0.052548 seconds 
========================================================================
Received Import Request.
  Time since last request: 0.000081 seconds.
  path: Assets/OutsideAssets/SciFi Warehouse Kit/Prefabs/Props/Crates Barrels Pallets/Pallet Variations/Pallet Variation 01.prefab
  artifactKey: Guid(350af83ef7fbacf4c81d93aaca7de956) Importer(815301076,1909f56bfc062723c751e8b465ee728b)
Start importing Assets/OutsideAssets/SciFi Warehouse Kit/Prefabs/Props/Crates Barrels Pallets/Pallet Variations/Pallet Variation 01.prefab using Guid(350af83ef7fbacf4c81d93aaca7de956) Importer(815301076,1909f56bfc062723c751e8b465ee728b)  -> (artifact id: 'eda9b7cd8174931f4aa071a16a5820d2') in 0.134358 seconds 
========================================================================
Received Import Request.
  Time since last request: 0.000052 seconds.
  path: Assets/OutsideAssets/SciFi Warehouse Kit/Prefabs/Props/Crates Barrels Pallets/Pallet Variations/Pallet Variation 03.prefab
  artifactKey: Guid(e02a45feff251dc44bcb22375712232e) Importer(815301076,1909f56bfc062723c751e8b465ee728b)
Start importing Assets/OutsideAssets/SciFi Warehouse Kit/Prefabs/Props/Crates Barrels Pallets/Pallet Variations/Pallet Variation 03.prefab using Guid(e02a45feff251dc44bcb22375712232e) Importer(815301076,1909f56bfc062723c751e8b465ee728b)  -> (artifact id: '8614e267afd2bf79c008586d0972bafa') in 0.093734 seconds 
========================================================================
Received Import Request.
  Time since last request: 0.000049 seconds.
  path: Assets/OutsideAssets/SciFi Warehouse Kit/Prefabs/Props/Crates Barrels Pallets/Pallet Variations/Pallet Variation 06.prefab
  artifactKey: Guid(1b2e0c15a34b5e24ea266246ee7534f8) Importer(815301076,1909f56bfc062723c751e8b465ee728b)
Start importing Assets/OutsideAssets/SciFi Warehouse Kit/Prefabs/Props/Crates Barrels Pallets/Pallet Variations/Pallet Variation 06.prefab using Guid(1b2e0c15a34b5e24ea266246ee7534f8) Importer(815301076,1909f56bfc062723c751e8b465ee728b)  -> (artifact id: 'bbdc1b32144bcb9497c6b613a5a7ac13') in 0.086282 seconds 
========================================================================
Received Import Request.
  Time since last request: 0.000046 seconds.
  path: Assets/OutsideAssets/SciFi Warehouse Kit/Prefabs/Props/Crates Barrels Pallets/Pallet Variations/Pallet Variation 08.prefab
  artifactKey: Guid(6d25ffad04977674abb78a1e1ff00730) Importer(815301076,1909f56bfc062723c751e8b465ee728b)
Start importing Assets/OutsideAssets/SciFi Warehouse Kit/Prefabs/Props/Crates Barrels Pallets/Pallet Variations/Pallet Variation 08.prefab using Guid(6d25ffad04977674abb78a1e1ff00730) Importer(815301076,1909f56bfc062723c751e8b465ee728b)  -> (artifact id: 'c02fdd7e05d4df32b7aa075e3bfd0592') in 0.098889 seconds 
========================================================================
Received Import Request.
  Time since last request: 0.000051 seconds.
  path: Assets/OutsideAssets/SciFi Warehouse Kit/Prefabs/Props/Crates Barrels Pallets/Pallet Variations/Pallet Variation 09.prefab
  artifactKey: Guid(2f95fc8c5850f244490b2a999cdebf24) Importer(815301076,1909f56bfc062723c751e8b465ee728b)
Start importing Assets/OutsideAssets/SciFi Warehouse Kit/Prefabs/Props/Crates Barrels Pallets/Pallet Variations/Pallet Variation 09.prefab using Guid(2f95fc8c5850f244490b2a999cdebf24) Importer(815301076,1909f56bfc062723c751e8b465ee728b)  -> (artifact id: '4c25b77366dc2c230798b45128868291') in 0.118468 seconds 
========================================================================
Received Import Request.
  Time since last request: 0.000054 seconds.
  path: Assets/OutsideAssets/SciFi Warehouse Kit/Prefabs/Props/Crates Barrels Pallets/Pallet Variations/Pallet Variation 04.prefab
  artifactKey: Guid(b0e81b98347f86e4b8f377f20dcc2a4e) Importer(815301076,1909f56bfc062723c751e8b465ee728b)
Start importing Assets/OutsideAssets/SciFi Warehouse Kit/Prefabs/Props/Crates Barrels Pallets/Pallet Variations/Pallet Variation 04.prefab using Guid(b0e81b98347f86e4b8f377f20dcc2a4e) Importer(815301076,1909f56bfc062723c751e8b465ee728b)  -> (artifact id: 'bcca41d6ae824b08fa4d31608ec36fff') in 0.117477 seconds 
========================================================================
Received Import Request.
  Time since last request: 0.000106 seconds.
  path: Assets/OutsideAssets/SciFi Warehouse Kit/Prefabs/Props/Crates Barrels Pallets/Pallet Variations/Pallet Variation 07.prefab
  artifactKey: Guid(19782abfa2feab045a7110ffc30b6be8) Importer(815301076,1909f56bfc062723c751e8b465ee728b)
Start importing Assets/OutsideAssets/SciFi Warehouse Kit/Prefabs/Props/Crates Barrels Pallets/Pallet Variations/Pallet Variation 07.prefab using Guid(19782abfa2feab045a7110ffc30b6be8) Importer(815301076,1909f56bfc062723c751e8b465ee728b)  -> (artifact id: '4df25191e4fb1d177288b629108a5082') in 0.118003 seconds 
========================================================================
Received Import Request.
  Time since last request: 0.000092 seconds.
  path: Assets/OutsideAssets/SciFi Warehouse Kit/Prefabs/Props/Crates Barrels Pallets/Pallet Variations/Pallet Variation 02.prefab
  artifactKey: Guid(1a91b66dee996324fa51df60c547b29d) Importer(815301076,1909f56bfc062723c751e8b465ee728b)
Start importing Assets/OutsideAssets/SciFi Warehouse Kit/Prefabs/Props/Crates Barrels Pallets/Pallet Variations/Pallet Variation 02.prefab using Guid(1a91b66dee996324fa51df60c547b29d) Importer(815301076,1909f56bfc062723c751e8b465ee728b)  -> (artifact id: 'c59f50a96252bbda1137ccaeaf0335e6') in 0.133790 seconds 
========================================================================
Received Import Request.
  Time since last request: 0.000049 seconds.
  path: Assets/OutsideAssets/SciFi Warehouse Kit/Prefabs/Props/Crates Barrels Pallets/Pallet Variations/Pallet Variation 05.prefab
  artifactKey: Guid(d96e3ff0793bd824fb6771e987a80a35) Importer(815301076,1909f56bfc062723c751e8b465ee728b)
Start importing Assets/OutsideAssets/SciFi Warehouse Kit/Prefabs/Props/Crates Barrels Pallets/Pallet Variations/Pallet Variation 05.prefab using Guid(d96e3ff0793bd824fb6771e987a80a35) Importer(815301076,1909f56bfc062723c751e8b465ee728b)  -> (artifact id: 'ebe1f324c170ff3e3db3a8cbe7be09ea') in 0.123035 seconds 
========================================================================
Received Import Request.
  Time since last request: 3.678078 seconds.
  path: Assets/OutsideAssets/SciFi Warehouse Kit/Prefabs/Structures
  artifactKey: Guid(c6443e01b898d8e49a5aa452c0788b23) Importer(815301076,1909f56bfc062723c751e8b465ee728b)
Start importing Assets/OutsideAssets/SciFi Warehouse Kit/Prefabs/Structures using Guid(c6443e01b898d8e49a5aa452c0788b23) Importer(815301076,1909f56bfc062723c751e8b465ee728b)  -> (artifact id: 'b7926abe57ba5ef72d88aa0bfc67115f') in 0.011999 seconds 
========================================================================
Received Import Request.
  Time since last request: 1.466870 seconds.
  path: Assets/OutsideAssets/SciFi Warehouse Kit/Prefabs/Structures/Catwalk
  artifactKey: Guid(3c8377d7229e41f459774e1d7898b0e8) Importer(815301076,1909f56bfc062723c751e8b465ee728b)
Start importing Assets/OutsideAssets/SciFi Warehouse Kit/Prefabs/Structures/Catwalk using Guid(3c8377d7229e41f459774e1d7898b0e8) Importer(815301076,1909f56bfc062723c751e8b465ee728b)  -> (artifact id: 'b42a261889a903571d42db9b18ff5570') in 0.010515 seconds 
========================================================================
Received Import Request.
  Time since last request: 0.052722 seconds.
  path: Assets/OutsideAssets/SciFi Warehouse Kit/Prefabs/Structures/Catwalk/Catwalk Corner.prefab
  artifactKey: Guid(f3666c4739f55c24eb42ed8d7b508700) Importer(815301076,1909f56bfc062723c751e8b465ee728b)
Start importing Assets/OutsideAssets/SciFi Warehouse Kit/Prefabs/Structures/Catwalk/Catwalk Corner.prefab using Guid(f3666c4739f55c24eb42ed8d7b508700) Importer(815301076,1909f56bfc062723c751e8b465ee728b)  -> (artifact id: '38b00a2a983bfd6d8ccece776471ed90') in 0.417048 seconds 
========================================================================
Received Import Request.
  Time since last request: 0.000042 seconds.
  path: Assets/OutsideAssets/SciFi Warehouse Kit/Prefabs/Structures/Catwalk/Short Stairs.prefab
  artifactKey: Guid(251977d85f345b94c805b990d722732f) Importer(815301076,1909f56bfc062723c751e8b465ee728b)
Start importing Assets/OutsideAssets/SciFi Warehouse Kit/Prefabs/Structures/Catwalk/Short Stairs.prefab using Guid(251977d85f345b94c805b990d722732f) Importer(815301076,1909f56bfc062723c751e8b465ee728b)  -> (artifact id: 'd162d76eec58db787f0b9eb83fb8dda8') in 0.448263 seconds 
========================================================================
Received Import Request.
  Time since last request: 0.000067 seconds.
  path: Assets/OutsideAssets/SciFi Warehouse Kit/Prefabs/Structures/Catwalk/Catwalk Long Rails.prefab
  artifactKey: Guid(207f61281715ab24f9899fdfa960ca48) Importer(815301076,1909f56bfc062723c751e8b465ee728b)
Start importing Assets/OutsideAssets/SciFi Warehouse Kit/Prefabs/Structures/Catwalk/Catwalk Long Rails.prefab using Guid(207f61281715ab24f9899fdfa960ca48) Importer(815301076,1909f56bfc062723c751e8b465ee728b)  -> (artifact id: 'd5369501d0e091fc01d99f28249fb084') in 0.106553 seconds 
========================================================================
Received Import Request.
  Time since last request: 0.000044 seconds.
  path: Assets/OutsideAssets/SciFi Warehouse Kit/Prefabs/Structures/Catwalk/Catwalk Pillar 03.prefab
  artifactKey: Guid(0e4bdd2115ade4d4488a51806240803c) Importer(815301076,1909f56bfc062723c751e8b465ee728b)
Start importing Assets/OutsideAssets/SciFi Warehouse Kit/Prefabs/Structures/Catwalk/Catwalk Pillar 03.prefab using Guid(0e4bdd2115ade4d4488a51806240803c) Importer(815301076,1909f56bfc062723c751e8b465ee728b)  -> (artifact id: '9a0d6f9af66f16027f742d72190e97e8') in 0.105934 seconds 
========================================================================
Received Import Request.
  Time since last request: 0.000099 seconds.
  path: Assets/OutsideAssets/SciFi Warehouse Kit/Prefabs/Structures/Catwalk/Short Stairs Wide.prefab
  artifactKey: Guid(7e3f523375a441341abd337ac986d569) Importer(815301076,1909f56bfc062723c751e8b465ee728b)
Start importing Assets/OutsideAssets/SciFi Warehouse Kit/Prefabs/Structures/Catwalk/Short Stairs Wide.prefab using Guid(7e3f523375a441341abd337ac986d569) Importer(815301076,1909f56bfc062723c751e8b465ee728b)  -> (artifact id: '743d42f66584d1c6d125c8dd367c5fa4') in 0.063597 seconds 
========================================================================
Received Import Request.
  Time since last request: 0.000057 seconds.
  path: Assets/OutsideAssets/SciFi Warehouse Kit/Prefabs/Structures/Catwalk/CatWalk Stairs Wide.prefab
  artifactKey: Guid(63d248e67db58c04aa37512e19848568) Importer(815301076,1909f56bfc062723c751e8b465ee728b)
Start importing Assets/OutsideAssets/SciFi Warehouse Kit/Prefabs/Structures/Catwalk/CatWalk Stairs Wide.prefab using Guid(63d248e67db58c04aa37512e19848568) Importer(815301076,1909f56bfc062723c751e8b465ee728b)  -> (artifact id: '5c4aab67fa0e0c6305232906a6f54470') in 0.164483 seconds 
========================================================================
Received Import Request.
  Time since last request: 0.000032 seconds.
  path: Assets/OutsideAssets/SciFi Warehouse Kit/Prefabs/Structures/Catwalk/Catwalk Pillar Rails.prefab
  artifactKey: Guid(f533d3129260fec48aa145b87c3c9da9) Importer(815301076,1909f56bfc062723c751e8b465ee728b)
Start importing Assets/OutsideAssets/SciFi Warehouse Kit/Prefabs/Structures/Catwalk/Catwalk Pillar Rails.prefab using Guid(f533d3129260fec48aa145b87c3c9da9) Importer(815301076,1909f56bfc062723c751e8b465ee728b)  -> (artifact id: '499689d37e7ad6e19cc0baef90f9ce1e') in 0.066293 seconds 
========================================================================
Received Import Request.
  Time since last request: 0.000076 seconds.
  path: Assets/OutsideAssets/SciFi Warehouse Kit/Prefabs/Structures/Catwalk/Catwalk Stairs.prefab
  artifactKey: Guid(65467f6b70ddf5e4890bd9f317b3a5b7) Importer(815301076,1909f56bfc062723c751e8b465ee728b)
Start importing Assets/OutsideAssets/SciFi Warehouse Kit/Prefabs/Structures/Catwalk/Catwalk Stairs.prefab using Guid(65467f6b70ddf5e4890bd9f317b3a5b7) Importer(815301076,1909f56bfc062723c751e8b465ee728b)  -> (artifact id: 'b402d832d0fefb538ba5c5b9219fbcf5') in 0.147017 seconds 
========================================================================
Received Import Request.
  Time since last request: 0.000080 seconds.
  path: Assets/OutsideAssets/SciFi Warehouse Kit/Prefabs/Structures/Catwalk/Catwalk Rails Short.prefab
  artifactKey: Guid(e2065e8f29774454889634d57ec0a96f) Importer(815301076,1909f56bfc062723c751e8b465ee728b)
Start importing Assets/OutsideAssets/SciFi Warehouse Kit/Prefabs/Structures/Catwalk/Catwalk Rails Short.prefab using Guid(e2065e8f29774454889634d57ec0a96f) Importer(815301076,1909f56bfc062723c751e8b465ee728b)  -> (artifact id: 'f33d72fd4a8a074c13db2bc68f672c8b') in 0.077829 seconds 
========================================================================
Received Import Request.
  Time since last request: 0.000044 seconds.
  path: Assets/OutsideAssets/SciFi Warehouse Kit/Prefabs/Structures/Catwalk/Catwalk Long.prefab
  artifactKey: Guid(b76f846b3379607468a593969b575654) Importer(815301076,1909f56bfc062723c751e8b465ee728b)
Start importing Assets/OutsideAssets/SciFi Warehouse Kit/Prefabs/Structures/Catwalk/Catwalk Long.prefab using Guid(b76f846b3379607468a593969b575654) Importer(815301076,1909f56bfc062723c751e8b465ee728b)  -> (artifact id: '6b0518008a55472f972b093b371a86d0') in 0.064633 seconds 
========================================================================
Received Import Request.
  Time since last request: 0.000049 seconds.
  path: Assets/OutsideAssets/SciFi Warehouse Kit/Prefabs/Structures/Catwalk/Catwalk Pillar 01.prefab
  artifactKey: Guid(725564bae3f68e847ad41c0da4390174) Importer(815301076,1909f56bfc062723c751e8b465ee728b)
Start importing Assets/OutsideAssets/SciFi Warehouse Kit/Prefabs/Structures/Catwalk/Catwalk Pillar 01.prefab using Guid(725564bae3f68e847ad41c0da4390174) Importer(815301076,1909f56bfc062723c751e8b465ee728b)  -> (artifact id: '5bbf2b42e65700f96e619f5e5ab077d5') in 0.105214 seconds 
========================================================================
Received Import Request.
  Time since last request: 0.000048 seconds.
  path: Assets/OutsideAssets/SciFi Warehouse Kit/Prefabs/Structures/Catwalk/Catwalk Pillar 02.prefab
  artifactKey: Guid(a157851e6c66e1545ae48d5a470cdc64) Importer(815301076,1909f56bfc062723c751e8b465ee728b)
Start importing Assets/OutsideAssets/SciFi Warehouse Kit/Prefabs/Structures/Catwalk/Catwalk Pillar 02.prefab using Guid(a157851e6c66e1545ae48d5a470cdc64) Importer(815301076,1909f56bfc062723c751e8b465ee728b)  -> (artifact id: '43faedb8719446cc388765ffc691d4f3') in 0.097544 seconds 
========================================================================
Received Import Request.
  Time since last request: 0.000041 seconds.
  path: Assets/OutsideAssets/SciFi Warehouse Kit/Prefabs/Structures/Floor/Floor Tile 01.prefab
  artifactKey: Guid(cf8443763fc34314490f8a3e2f94dd37) Importer(815301076,1909f56bfc062723c751e8b465ee728b)
Start importing Assets/OutsideAssets/SciFi Warehouse Kit/Prefabs/Structures/Floor/Floor Tile 01.prefab using Guid(cf8443763fc34314490f8a3e2f94dd37) Importer(815301076,1909f56bfc062723c751e8b465ee728b)  -> (artifact id: '6f376e45494eb17778f07063f04d7190') in 0.211256 seconds 
========================================================================
Received Import Request.
  Time since last request: 0.000046 seconds.
  path: Assets/OutsideAssets/SciFi Warehouse Kit/Prefabs/Structures/Floor/Floor Tile 03.prefab
  artifactKey: Guid(4f019145598ea474b899ca25a03acd09) Importer(815301076,1909f56bfc062723c751e8b465ee728b)
Start importing Assets/OutsideAssets/SciFi Warehouse Kit/Prefabs/Structures/Floor/Floor Tile 03.prefab using Guid(4f019145598ea474b899ca25a03acd09) Importer(815301076,1909f56bfc062723c751e8b465ee728b)  -> (artifact id: '05061d678dbeffc1e358fb753b2d7097') in 0.078711 seconds 
========================================================================
Received Import Request.
  Time since last request: 0.000059 seconds.
  path: Assets/OutsideAssets/SciFi Warehouse Kit/Prefabs/Structures/Floor/Floor Tile 04.prefab
  artifactKey: Guid(f9e1a0158e9f7a545a16fa7c2aa7be4e) Importer(815301076,1909f56bfc062723c751e8b465ee728b)
Start importing Assets/OutsideAssets/SciFi Warehouse Kit/Prefabs/Structures/Floor/Floor Tile 04.prefab using Guid(f9e1a0158e9f7a545a16fa7c2aa7be4e) Importer(815301076,1909f56bfc062723c751e8b465ee728b)  -> (artifact id: 'eaf07ef857431866e374c9ef0b944139') in 0.103411 seconds 
========================================================================
Received Import Request.
  Time since last request: 0.000271 seconds.
  path: Assets/OutsideAssets/SciFi Warehouse Kit/Prefabs/Structures/Floor/Floor Tile 02.prefab
  artifactKey: Guid(aae952dc76387e84287a598d901b120d) Importer(815301076,1909f56bfc062723c751e8b465ee728b)
Start importing Assets/OutsideAssets/SciFi Warehouse Kit/Prefabs/Structures/Floor/Floor Tile 02.prefab using Guid(aae952dc76387e84287a598d901b120d) Importer(815301076,1909f56bfc062723c751e8b465ee728b)  -> (artifact id: 'fde1f8f481357d615d853b75d8016efa') in 0.084072 seconds 
========================================================================
Received Import Request.
  Time since last request: 0.000028 seconds.
  path: Assets/OutsideAssets/SciFi Warehouse Kit/Prefabs/Structures/Catwalk/Catwalk Short.prefab
  artifactKey: Guid(52c51744944b30b4395badb88a68a18b) Importer(815301076,1909f56bfc062723c751e8b465ee728b)
Start importing Assets/OutsideAssets/SciFi Warehouse Kit/Prefabs/Structures/Catwalk/Catwalk Short.prefab using Guid(52c51744944b30b4395badb88a68a18b) Importer(815301076,1909f56bfc062723c751e8b465ee728b)  -> (artifact id: 'b885083eccc936b7e11e7a3f0c55428f') in 0.116842 seconds 
========================================================================
Received Import Request.
  Time since last request: 0.000045 seconds.
  path: Assets/OutsideAssets/SciFi Warehouse Kit/Prefabs/Structures/Catwalk/Catwalk Rails Long.prefab
  artifactKey: Guid(4e661a4b9cf2fac4dbc610ceb59e77b8) Importer(815301076,1909f56bfc062723c751e8b465ee728b)
Start importing Assets/OutsideAssets/SciFi Warehouse Kit/Prefabs/Structures/Catwalk/Catwalk Rails Long.prefab using Guid(4e661a4b9cf2fac4dbc610ceb59e77b8) Importer(815301076,1909f56bfc062723c751e8b465ee728b)  -> (artifact id: 'b0c24fbb3f2ade37c4ef0167ea6205b7') in 0.071999 seconds 
========================================================================
Received Import Request.
  Time since last request: 0.000028 seconds.
  path: Assets/OutsideAssets/SciFi Warehouse Kit/Prefabs/Structures/Floor
  artifactKey: Guid(3a46817c220e67141814d59b2cc105c2) Importer(815301076,1909f56bfc062723c751e8b465ee728b)
Start importing Assets/OutsideAssets/SciFi Warehouse Kit/Prefabs/Structures/Floor using Guid(3a46817c220e67141814d59b2cc105c2) Importer(815301076,1909f56bfc062723c751e8b465ee728b)  -> (artifact id: 'a548ce6f175990d44fa06b7f93cb0df1') in 0.026315 seconds 
========================================================================
Received Import Request.
  Time since last request: 0.978132 seconds.
  path: Assets/OutsideAssets/SciFi Warehouse Kit/Prefabs/Structures/Walls
  artifactKey: Guid(c0c3e1e29fbcd8d4b9ff0c993dfcb31b) Importer(815301076,1909f56bfc062723c751e8b465ee728b)
Start importing Assets/OutsideAssets/SciFi Warehouse Kit/Prefabs/Structures/Walls using Guid(c0c3e1e29fbcd8d4b9ff0c993dfcb31b) Importer(815301076,1909f56bfc062723c751e8b465ee728b)  -> (artifact id: '4ab8cbcdf676d713cea0bb1d5abcbed3') in 0.011223 seconds 
========================================================================
Received Import Request.
  Time since last request: 0.055045 seconds.
  path: Assets/OutsideAssets/SciFi Warehouse Kit/Prefabs/Structures/Walls/Wall BayDoor.prefab
  artifactKey: Guid(d324de115c4dff845bee7b7f166883c4) Importer(815301076,1909f56bfc062723c751e8b465ee728b)
Start importing Assets/OutsideAssets/SciFi Warehouse Kit/Prefabs/Structures/Walls/Wall BayDoor.prefab using Guid(d324de115c4dff845bee7b7f166883c4) Importer(815301076,1909f56bfc062723c751e8b465ee728b)  -> (artifact id: '1345dc858edcc6ca7e4e82d9d8af46ad') in 0.652199 seconds 
========================================================================
Received Import Request.
  Time since last request: 0.000042 seconds.
  path: Assets/OutsideAssets/SciFi Warehouse Kit/Prefabs/Structures/Walls/Wall Door 02.prefab
  artifactKey: Guid(01f7094c0e795ad47b0ef77f3cf2ae66) Importer(815301076,1909f56bfc062723c751e8b465ee728b)
Start importing Assets/OutsideAssets/SciFi Warehouse Kit/Prefabs/Structures/Walls/Wall Door 02.prefab using Guid(01f7094c0e795ad47b0ef77f3cf2ae66) Importer(815301076,1909f56bfc062723c751e8b465ee728b)  -> (artifact id: 'b30c76387da484e5ef5425af2a45ddfa') in 0.084814 seconds 
========================================================================
Received Import Request.
  Time since last request: 0.000157 seconds.
  path: Assets/OutsideAssets/SciFi Warehouse Kit/Prefabs/Structures/Walls/Wall Corner.prefab
  artifactKey: Guid(32467b8dc355cd04da356b17dbac4f29) Importer(815301076,1909f56bfc062723c751e8b465ee728b)
Start importing Assets/OutsideAssets/SciFi Warehouse Kit/Prefabs/Structures/Walls/Wall Corner.prefab using Guid(32467b8dc355cd04da356b17dbac4f29) Importer(815301076,1909f56bfc062723c751e8b465ee728b)  -> (artifact id: '007a4be0b1f9b375ea9d62f1c2b408e6') in 0.089363 seconds 
========================================================================
Received Import Request.
  Time since last request: 0.000435 seconds.
  path: Assets/OutsideAssets/SciFi Warehouse Kit/Prefabs/Structures/Walls/Wall Window.prefab
  artifactKey: Guid(1b890216c6645c648bfde4c7ba8f0b08) Importer(815301076,1909f56bfc062723c751e8b465ee728b)
Start importing Assets/OutsideAssets/SciFi Warehouse Kit/Prefabs/Structures/Walls/Wall Window.prefab using Guid(1b890216c6645c648bfde4c7ba8f0b08) Importer(815301076,1909f56bfc062723c751e8b465ee728b)  -> (artifact id: '15f69e79f55d24304ef7df6e80bf6522') in 0.168602 seconds 
========================================================================
Received Import Request.
  Time since last request: 0.000042 seconds.
  path: Assets/OutsideAssets/SciFi Warehouse Kit/Prefabs/Structures/Walls/Wall Corridor.prefab
  artifactKey: Guid(cd25cf3d7c6ff0e4cb4a7056c87c3ba9) Importer(815301076,1909f56bfc062723c751e8b465ee728b)
Start importing Assets/OutsideAssets/SciFi Warehouse Kit/Prefabs/Structures/Walls/Wall Corridor.prefab using Guid(cd25cf3d7c6ff0e4cb4a7056c87c3ba9) Importer(815301076,1909f56bfc062723c751e8b465ee728b)  -> (artifact id: '68373eff0e090dafcff6d34594b92ad9') in 0.185254 seconds 
========================================================================
Received Import Request.
  Time since last request: 0.000048 seconds.
  path: Assets/OutsideAssets/SciFi Warehouse Kit/Prefabs/Structures/Walls/Wall Fan.prefab
  artifactKey: Guid(0a65198f3cbcab345bc0b33f23a45e76) Importer(815301076,1909f56bfc062723c751e8b465ee728b)
Start importing Assets/OutsideAssets/SciFi Warehouse Kit/Prefabs/Structures/Walls/Wall Fan.prefab using Guid(0a65198f3cbcab345bc0b33f23a45e76) Importer(815301076,1909f56bfc062723c751e8b465ee728b)  -> (artifact id: '3c27a599558337dea2141fb002e10094') in 0.519429 seconds 
========================================================================
Received Import Request.
  Time since last request: 0.000053 seconds.
  path: Assets/OutsideAssets/SciFi Warehouse Kit/Prefabs/Structures/Walls/Wall DoorClosed.prefab
  artifactKey: Guid(af0f215540b1a80498f1cc5db63afe57) Importer(815301076,1909f56bfc062723c751e8b465ee728b)
Start importing Assets/OutsideAssets/SciFi Warehouse Kit/Prefabs/Structures/Walls/Wall DoorClosed.prefab using Guid(af0f215540b1a80498f1cc5db63afe57) Importer(815301076,1909f56bfc062723c751e8b465ee728b)  -> (artifact id: '826715bf7e42f29b61e399ba0c758c52') in 0.070615 seconds 
========================================================================
Received Import Request.
  Time since last request: 0.000056 seconds.
  path: Assets/OutsideAssets/SciFi Warehouse Kit/Prefabs/Structures/Walls/Wall Plain.prefab
  artifactKey: Guid(b2452a5c2cd649a4db9eebcd16f7b155) Importer(815301076,1909f56bfc062723c751e8b465ee728b)
Start importing Assets/OutsideAssets/SciFi Warehouse Kit/Prefabs/Structures/Walls/Wall Plain.prefab using Guid(b2452a5c2cd649a4db9eebcd16f7b155) Importer(815301076,1909f56bfc062723c751e8b465ee728b)  -> (artifact id: '006779159d8ee25acbefc227054413bf') in 0.086040 seconds 
========================================================================
Received Import Request.
  Time since last request: 0.000044 seconds.
  path: Assets/OutsideAssets/SciFi Warehouse Kit/Prefabs/Structures/Walls/Wall Door.prefab
  artifactKey: Guid(dafe2f44374925b4692cd6dbc587c068) Importer(815301076,1909f56bfc062723c751e8b465ee728b)
Start importing Assets/OutsideAssets/SciFi Warehouse Kit/Prefabs/Structures/Walls/Wall Door.prefab using Guid(dafe2f44374925b4692cd6dbc587c068) Importer(815301076,1909f56bfc062723c751e8b465ee728b)  -> (artifact id: '912a58b641c1ad8e55e5a933587eb15e') in 0.118593 seconds 
========================================================================
Received Import Request.
  Time since last request: 5.915507 seconds.
  path: Assets/OutsideAssets/Standard Assets
  artifactKey: Guid(c6195a43a0187a34e9c6be23520d3766) Importer(815301076,1909f56bfc062723c751e8b465ee728b)
Start importing Assets/OutsideAssets/Standard Assets using Guid(c6195a43a0187a34e9c6be23520d3766) Importer(815301076,1909f56bfc062723c751e8b465ee728b)  -> (artifact id: '2f578e3cc997b20e767cadd8e2c4b708') in 0.012081 seconds 
========================================================================
Received Import Request.
  Time since last request: 6.078176 seconds.
  path: Assets/OutsideAssets/Standard Assets/Environment
  artifactKey: Guid(6ca8c4e270f964e0da9f731d7d34b123) Importer(815301076,1909f56bfc062723c751e8b465ee728b)
Start importing Assets/OutsideAssets/Standard Assets/Environment using Guid(6ca8c4e270f964e0da9f731d7d34b123) Importer(815301076,1909f56bfc062723c751e8b465ee728b)  -> (artifact id: 'fd58c34f6b2c6208615c81e878dfaa43') in 0.012141 seconds 
========================================================================
Received Import Request.
  Time since last request: 4.769249 seconds.
  path: Assets/OutsideAssets/Standard Assets/Environment/TerrainAssets
  artifactKey: Guid(7e6f84bf81c8d4de280f1133cff7e601) Importer(815301076,1909f56bfc062723c751e8b465ee728b)
Start importing Assets/OutsideAssets/Standard Assets/Environment/TerrainAssets using Guid(7e6f84bf81c8d4de280f1133cff7e601) Importer(815301076,1909f56bfc062723c751e8b465ee728b)  -> (artifact id: 'dac3db444bd8f53187301b2aca1f921e') in 0.044730 seconds 
========================================================================
Received Import Request.
  Time since last request: 1.311563 seconds.
  path: Assets/OutsideAssets/Standard Assets/Environment/TerrainAssets/BillboardTextures
  artifactKey: Guid(cba4562cece794697b418ce8e7c04b3c) Importer(815301076,1909f56bfc062723c751e8b465ee728b)
Start importing Assets/OutsideAssets/Standard Assets/Environment/TerrainAssets/BillboardTextures using Guid(cba4562cece794697b418ce8e7c04b3c) Importer(815301076,1909f56bfc062723c751e8b465ee728b)  -> (artifact id: '43600647a9676bf11610687f782445ca') in 0.012816 seconds 
========================================================================
Received Import Request.
  Time since last request: 0.035001 seconds.
  path: Assets/OutsideAssets/Standard Assets/Environment/TerrainAssets/BillboardTextures/GrassFrond01AlbedoAlpha.psd
  artifactKey: Guid(2c528fec5d95e4ac28cf46399b887662) Importer(815301076,1909f56bfc062723c751e8b465ee728b)
Start importing Assets/OutsideAssets/Standard Assets/Environment/TerrainAssets/BillboardTextures/GrassFrond01AlbedoAlpha.psd using Guid(2c528fec5d95e4ac28cf46399b887662) Importer(815301076,1909f56bfc062723c751e8b465ee728b)  -> (artifact id: '45ac22428ed3707b935ebe8d8bad586d') in 0.204402 seconds 
========================================================================
Received Import Request.
  Time since last request: 0.000053 seconds.
  path: Assets/OutsideAssets/Standard Assets/Environment/TerrainAssets/BillboardTextures/GrassFrond02AlbedoAlpha.psd
  artifactKey: Guid(d6cdc79ec19714fcd980ca3f6ac01a0a) Importer(815301076,1909f56bfc062723c751e8b465ee728b)
Start importing Assets/OutsideAssets/Standard Assets/Environment/TerrainAssets/BillboardTextures/GrassFrond02AlbedoAlpha.psd using Guid(d6cdc79ec19714fcd980ca3f6ac01a0a) Importer(815301076,1909f56bfc062723c751e8b465ee728b)  -> (artifact id: '5ab054ea2076cf2e40da8272e26fbaa4') in 0.087829 seconds 
========================================================================
Received Import Request.
  Time since last request: 2.158536 seconds.
  path: Assets/OutsideAssets/Standard Assets/Environment/TerrainAssets/SurfaceTextures
  artifactKey: Guid(4f9d71771b07cb6438e0d35b038b43a7) Importer(815301076,1909f56bfc062723c751e8b465ee728b)
Start importing Assets/OutsideAssets/Standard Assets/Environment/TerrainAssets/SurfaceTextures using Guid(4f9d71771b07cb6438e0d35b038b43a7) Importer(815301076,1909f56bfc062723c751e8b465ee728b)  -> (artifact id: 'ced8ed70a01d4e891b4b298cdd1a81fc') in 0.012579 seconds 
========================================================================
Received Import Request.
  Time since last request: 0.011284 seconds.
  path: Assets/OutsideAssets/Standard Assets/Environment/TerrainAssets/SurfaceTextures/CliffAlbedoSpecular.psd
  artifactKey: Guid(18214e9d6af6248559d501391856f1c7) Importer(815301076,1909f56bfc062723c751e8b465ee728b)
Start importing Assets/OutsideAssets/Standard Assets/Environment/TerrainAssets/SurfaceTextures/CliffAlbedoSpecular.psd using Guid(18214e9d6af6248559d501391856f1c7) Importer(815301076,1909f56bfc062723c751e8b465ee728b)  -> (artifact id: 'f2a87e5f9b699315028f6259130511d4') in 0.094599 seconds 
========================================================================
Received Import Request.
  Time since last request: 0.000052 seconds.
  path: Assets/OutsideAssets/Standard Assets/Environment/TerrainAssets/SurfaceTextures/MudRockyAlbedoSpecular.bmp
  artifactKey: Guid(ef5c51cfa2ce46043a41a376b560c525) Importer(815301076,1909f56bfc062723c751e8b465ee728b)
Start importing Assets/OutsideAssets/Standard Assets/Environment/TerrainAssets/SurfaceTextures/MudRockyAlbedoSpecular.bmp using Guid(ef5c51cfa2ce46043a41a376b560c525) Importer(815301076,1909f56bfc062723c751e8b465ee728b)  -> (artifact id: '14c7862275b573a9dd6bc39b58f26256') in 0.470795 seconds 
========================================================================
Received Import Request.
  Time since last request: 0.000189 seconds.
  path: Assets/OutsideAssets/Standard Assets/Environment/TerrainAssets/SurfaceTextures/MudRockyNormals.bmp
  artifactKey: Guid(58a059b07b093a745b47c2191525ddce) Importer(815301076,1909f56bfc062723c751e8b465ee728b)
Start importing Assets/OutsideAssets/Standard Assets/Environment/TerrainAssets/SurfaceTextures/MudRockyNormals.bmp using Guid(58a059b07b093a745b47c2191525ddce) Importer(815301076,1909f56bfc062723c751e8b465ee728b)  -> (artifact id: '32ae2eda51553f18ae8ac31fced5a017') in 0.318049 seconds 
========================================================================
Received Import Request.
  Time since last request: 0.000105 seconds.
  path: Assets/OutsideAssets/Standard Assets/Environment/TerrainAssets/SurfaceTextures/SandAlbedo.psd
  artifactKey: Guid(bfd675cc0db1d4656b75dc6d6ba91142) Importer(815301076,1909f56bfc062723c751e8b465ee728b)
Start importing Assets/OutsideAssets/Standard Assets/Environment/TerrainAssets/SurfaceTextures/SandAlbedo.psd using Guid(bfd675cc0db1d4656b75dc6d6ba91142) Importer(815301076,1909f56bfc062723c751e8b465ee728b)  -> (artifact id: 'd252c8e341cc7f42d42fd431ba8d42d3') in 0.188932 seconds 
========================================================================
Received Import Request.
  Time since last request: 0.000060 seconds.
  path: Assets/OutsideAssets/Standard Assets/Environment/TerrainAssets/SurfaceTextures/GrassRockyAlbedo.psd
  artifactKey: Guid(440eb36db91ca410f800ff3cfe43572f) Importer(815301076,1909f56bfc062723c751e8b465ee728b)
Start importing Assets/OutsideAssets/Standard Assets/Environment/TerrainAssets/SurfaceTextures/GrassRockyAlbedo.psd using Guid(440eb36db91ca410f800ff3cfe43572f) Importer(815301076,1909f56bfc062723c751e8b465ee728b)  -> (artifact id: '3322e70212d4be6c4efbb2c77b455d99') in 0.162337 seconds 
========================================================================
Received Import Request.
  Time since last request: 0.000115 seconds.
  path: Assets/OutsideAssets/Standard Assets/Environment/TerrainAssets/SurfaceTextures/GrassHillAlbedo.psd
  artifactKey: Guid(c6e0767b1f8c34890ac245217f4b9731) Importer(815301076,1909f56bfc062723c751e8b465ee728b)
Start importing Assets/OutsideAssets/Standard Assets/Environment/TerrainAssets/SurfaceTextures/GrassHillAlbedo.psd using Guid(c6e0767b1f8c34890ac245217f4b9731) Importer(815301076,1909f56bfc062723c751e8b465ee728b)  -> (artifact id: 'ebc45131091b967e02ad5ffc638aab2b') in 0.052069 seconds 
========================================================================
Received Import Request.
  Time since last request: 4.907460 seconds.
  path: Assets/OutsideAssets/StarSparrow
  artifactKey: Guid(68ba141d95b38104d9d463ad4786bd32) Importer(815301076,1909f56bfc062723c751e8b465ee728b)
Start importing Assets/OutsideAssets/StarSparrow using Guid(68ba141d95b38104d9d463ad4786bd32) Importer(815301076,1909f56bfc062723c751e8b465ee728b)  -> (artifact id: 'f10dd777fe5aed000e3ff2eb7e62a9c7') in 0.015794 seconds 
========================================================================
Received Import Request.
  Time since last request: 1.806941 seconds.
  path: Assets/OutsideAssets/StarSparrow/Prefabs
  artifactKey: Guid(0aa7bcc0cee9d024fbea84bf0552512f) Importer(815301076,1909f56bfc062723c751e8b465ee728b)
Start importing Assets/OutsideAssets/StarSparrow/Prefabs using Guid(0aa7bcc0cee9d024fbea84bf0552512f) Importer(815301076,1909f56bfc062723c751e8b465ee728b)  -> (artifact id: '8cade84616eb39c775ffef004302b6ef') in 0.006783 seconds 
========================================================================
Received Import Request.
  Time since last request: 1.410746 seconds.
  path: Assets/OutsideAssets/StarSparrow/Prefabs/BonusContent
  artifactKey: Guid(b481069d0e76fef479ad543caab87096) Importer(815301076,1909f56bfc062723c751e8b465ee728b)
Start importing Assets/OutsideAssets/StarSparrow/Prefabs/BonusContent using Guid(b481069d0e76fef479ad543caab87096) Importer(815301076,1909f56bfc062723c751e8b465ee728b)  -> (artifact id: '55c0e0353bea2ad6fb5843f195a9e8f1') in 0.013834 seconds 
========================================================================
Received Import Request.
  Time since last request: 0.000038 seconds.
  path: Assets/OutsideAssets/StarSparrow/Prefabs/BonusContent/Asteroid Lava Blue.prefab
  artifactKey: Guid(f603e71ddc270d54192200e95673e2a6) Importer(815301076,1909f56bfc062723c751e8b465ee728b)
Start importing Assets/OutsideAssets/StarSparrow/Prefabs/BonusContent/Asteroid Lava Blue.prefab using Guid(f603e71ddc270d54192200e95673e2a6) Importer(815301076,1909f56bfc062723c751e8b465ee728b)  -> (artifact id: '7d11955216ff934998b63f181b6e155a') in 0.300877 seconds 
========================================================================
Received Import Request.
  Time since last request: 0.000052 seconds.
  path: Assets/OutsideAssets/StarSparrow/Prefabs/BonusContent/Asteroid Lava Red.prefab
  artifactKey: Guid(45b62242ff99b0a48a47f713cd6d1687) Importer(815301076,1909f56bfc062723c751e8b465ee728b)
Start importing Assets/OutsideAssets/StarSparrow/Prefabs/BonusContent/Asteroid Lava Red.prefab using Guid(45b62242ff99b0a48a47f713cd6d1687) Importer(815301076,1909f56bfc062723c751e8b465ee728b)  -> (artifact id: '1b0cdfcd5c1f9cadc8e8746d3b27e09f') in 0.120146 seconds 
========================================================================
Received Import Request.
  Time since last request: 0.000143 seconds.
  path: Assets/OutsideAssets/StarSparrow/Prefabs/BonusContent/Bomb.prefab
  artifactKey: Guid(54958f8430f04ae4ab653a498c64314c) Importer(815301076,1909f56bfc062723c751e8b465ee728b)
Start importing Assets/OutsideAssets/StarSparrow/Prefabs/BonusContent/Bomb.prefab using Guid(54958f8430f04ae4ab653a498c64314c) Importer(815301076,1909f56bfc062723c751e8b465ee728b)  -> (artifact id: '3bfc04dd87a2dd7b788aaa0f23e026a6') in 0.299144 seconds 
========================================================================
Received Import Request.
  Time since last request: 0.000030 seconds.
  path: Assets/OutsideAssets/StarSparrow/Prefabs/BonusContent/Flying Insect.prefab
  artifactKey: Guid(6807a4fbab15c3444aa44ff82bcbe872) Importer(815301076,1909f56bfc062723c751e8b465ee728b)
Start importing Assets/OutsideAssets/StarSparrow/Prefabs/BonusContent/Flying Insect.prefab using Guid(6807a4fbab15c3444aa44ff82bcbe872) Importer(815301076,1909f56bfc062723c751e8b465ee728b)  -> (artifact id: '9b5bdd6c240ed293389fd555bf811cf6') in 0.433212 seconds 
========================================================================
Received Import Request.
  Time since last request: 0.000036 seconds.
  path: Assets/OutsideAssets/StarSparrow/Prefabs/BonusContent/Mine Sample 1.prefab
  artifactKey: Guid(5f7d5f60379571b4ab916f85aae80a71) Importer(815301076,1909f56bfc062723c751e8b465ee728b)
Start importing Assets/OutsideAssets/StarSparrow/Prefabs/BonusContent/Mine Sample 1.prefab using Guid(5f7d5f60379571b4ab916f85aae80a71) Importer(815301076,1909f56bfc062723c751e8b465ee728b)  -> (artifact id: '7715c0bd59d88200f8179166044d0994') in 0.220169 seconds 
========================================================================
Received Import Request.
  Time since last request: 0.000037 seconds.
  path: Assets/OutsideAssets/StarSparrow/Prefabs/BonusContent/Mine Sample 2.prefab
  artifactKey: Guid(fa8aadfb07ca2034188c69c6f2ab4624) Importer(815301076,1909f56bfc062723c751e8b465ee728b)
Start importing Assets/OutsideAssets/StarSparrow/Prefabs/BonusContent/Mine Sample 2.prefab using Guid(fa8aadfb07ca2034188c69c6f2ab4624) Importer(815301076,1909f56bfc062723c751e8b465ee728b)  -> (artifact id: '5a488c8ce8e812c03c15fefbdf94d81b') in 0.168260 seconds 
========================================================================
Received Import Request.
  Time since last request: 0.000040 seconds.
  path: Assets/OutsideAssets/StarSparrow/Prefabs/BonusContent/Missile.prefab
  artifactKey: Guid(8b227e0429c621940acb9e2e8d18d12f) Importer(815301076,1909f56bfc062723c751e8b465ee728b)
Start importing Assets/OutsideAssets/StarSparrow/Prefabs/BonusContent/Missile.prefab using Guid(8b227e0429c621940acb9e2e8d18d12f) Importer(815301076,1909f56bfc062723c751e8b465ee728b)  -> (artifact id: 'e8389b64c4da72250e1cc1d4525b56f9') in 0.207959 seconds 
========================================================================
Received Import Request.
  Time since last request: 0.000050 seconds.
  path: Assets/OutsideAssets/StarSparrow/Prefabs/BonusContent/Tinniuq Planet.prefab
  artifactKey: Guid(8c22678d7aa562145804b6f0af7e603a) Importer(815301076,1909f56bfc062723c751e8b465ee728b)
Start importing Assets/OutsideAssets/StarSparrow/Prefabs/BonusContent/Tinniuq Planet.prefab using Guid(8c22678d7aa562145804b6f0af7e603a) Importer(815301076,1909f56bfc062723c751e8b465ee728b)  -> (artifact id: '31ad526c17e036ed83e449d2d29d7d06') in 0.397848 seconds 
========================================================================
Received Import Request.
  Time since last request: 46.972414 seconds.
  path: Assets/MyPrefabs/Base.prefab
  artifactKey: Guid(c62589157b6bea948a3a12885db81d9d) Importer(815301076,1909f56bfc062723c751e8b465ee728b)
Start importing Assets/MyPrefabs/Base.prefab using Guid(c62589157b6bea948a3a12885db81d9d) Importer(815301076,1909f56bfc062723c751e8b465ee728b)  -> (artifact id: '03e020adcc17fac99e1563c14ece9260') in 0.409654 seconds 
========================================================================
Received Import Request.
  Time since last request: 0.000036 seconds.
  path: Assets/MyPrefabs/Canvas.prefab
  artifactKey: Guid(8abb8f01fb4daf54b9e3ec645e5d5d7d) Importer(815301076,1909f56bfc062723c751e8b465ee728b)
Start importing Assets/MyPrefabs/Canvas.prefab using Guid(8abb8f01fb4daf54b9e3ec645e5d5d7d) Importer(815301076,1909f56bfc062723c751e8b465ee728b)  -> (artifact id: '5cdafe7f5cdb4ed369750796816e5c4c') in 0.130125 seconds 
========================================================================
Received Import Request.
  Time since last request: 0.000045 seconds.
  path: Assets/MyPrefabs/Enemy.prefab
  artifactKey: Guid(f06eef48440e4284fbfa73281f831aeb) Importer(815301076,1909f56bfc062723c751e8b465ee728b)
Start importing Assets/MyPrefabs/Enemy.prefab using Guid(f06eef48440e4284fbfa73281f831aeb) Importer(815301076,1909f56bfc062723c751e8b465ee728b)  -> (artifact id: '018ad5c249797f06844d34ca4c1e0c3d') in 0.078707 seconds 
========================================================================
Received Import Request.
  Time since last request: 0.000050 seconds.
  path: Assets/MyPrefabs/Building.prefab
  artifactKey: Guid(3904b847ccae1c6458289cdeda804f7b) Importer(815301076,1909f56bfc062723c751e8b465ee728b)
Start importing Assets/MyPrefabs/Building.prefab using Guid(3904b847ccae1c6458289cdeda804f7b) Importer(815301076,1909f56bfc062723c751e8b465ee728b)  -> (artifact id: 'fcc3c8ebd653ab491b4c8e46d7e256ed') in 0.697573 seconds 
========================================================================
Received Import Request.
  Time since last request: 0.000335 seconds.
  path: Assets/MyPrefabs/SpawnAtRuntime.prefab
  artifactKey: Guid(75ec70123531a3c4c982eac4818ac2ba) Importer(815301076,1909f56bfc062723c751e8b465ee728b)
Start importing Assets/MyPrefabs/SpawnAtRuntime.prefab using Guid(75ec70123531a3c4c982eac4818ac2ba) Importer(815301076,1909f56bfc062723c751e8b465ee728b)  -> (artifact id: '30efc03faca33e3fb2a1eb3c8bd4f418') in 0.041900 seconds 
========================================================================
Received Import Request.
  Time since last request: 0.000055 seconds.
  path: Assets/MyPrefabs/Explosion.prefab
  artifactKey: Guid(dd135ceb0cf17f84f9b6e1cf3e16ac39) Importer(815301076,1909f56bfc062723c751e8b465ee728b)
Start importing Assets/MyPrefabs/Explosion.prefab using Guid(dd135ceb0cf17f84f9b6e1cf3e16ac39) Importer(815301076,1909f56bfc062723c751e8b465ee728b)  -> (artifact id: '0a2b42ce11397b25fa18b03b8d5a586a') in 0.414485 seconds 
========================================================================
Received Import Request.
  Time since last request: 0.000048 seconds.
  path: Assets/MyPrefabs/HitVFX.prefab
  artifactKey: Guid(bf495eacf58e31146ab012aa89ac68da) Importer(815301076,1909f56bfc062723c751e8b465ee728b)
Start importing Assets/MyPrefabs/HitVFX.prefab using Guid(bf495eacf58e31146ab012aa89ac68da) Importer(815301076,1909f56bfc062723c751e8b465ee728b)  -> (artifact id: '016db76fccb9268e66a40ebf978e6489') in 0.070334 seconds 
========================================================================
Received Import Request.
  Time since last request: 0.000148 seconds.
  path: Assets/MyPrefabs/Player Rig.prefab
  artifactKey: Guid(2e5cfa0fd6531774495ba8351b157989) Importer(815301076,1909f56bfc062723c751e8b465ee728b)
Start importing Assets/MyPrefabs/Player Rig.prefab using Guid(2e5cfa0fd6531774495ba8351b157989) Importer(815301076,1909f56bfc062723c751e8b465ee728b)  -> (artifact id: 'faa2fd7909bce920984ec6084826b1be') in 0.655574 seconds 
========================================================================
Received Import Request.
  Time since last request: 0.000097 seconds.
  path: Assets/MyPrefabs/Laser.prefab
  artifactKey: Guid(b9702c7330294474f8c65608ef4a8d9d) Importer(815301076,1909f56bfc062723c751e8b465ee728b)
Start importing Assets/MyPrefabs/Laser.prefab using Guid(b9702c7330294474f8c65608ef4a8d9d) Importer(815301076,1909f56bfc062723c751e8b465ee728b)  -> (artifact id: 'd8305dd06b8a7c6c779c4fc5c1ccc457') in 0.056141 seconds 
========================================================================
Received Import Request.
  Time since last request: 0.000036 seconds.
  path: Assets/MyPrefabs/StarSparrow2.prefab
  artifactKey: Guid(3b680b2d69cf9c845af3bb38ec9c20b9) Importer(815301076,1909f56bfc062723c751e8b465ee728b)
Start importing Assets/MyPrefabs/StarSparrow2.prefab using Guid(3b680b2d69cf9c845af3bb38ec9c20b9) Importer(815301076,1909f56bfc062723c751e8b465ee728b)  -> (artifact id: '8b87dfa9eea34e446908d30a0d9a38d1') in 0.071807 seconds 
========================================================================
Received Import Request.
  Time since last request: 0.000033 seconds.
  path: Assets/MyPrefabs/EnemyExplosion.prefab
  artifactKey: Guid(6127abc44f17a8d43b263e15d83b5a89) Importer(815301076,1909f56bfc062723c751e8b465ee728b)
Start importing Assets/MyPrefabs/EnemyExplosion.prefab using Guid(6127abc44f17a8d43b263e15d83b5a89) Importer(815301076,1909f56bfc062723c751e8b465ee728b)  -> (artifact id: 'c2b02c5fc3fe5028a2c3f02e4499771f') in 0.070980 seconds 
========================================================================
Received Import Request.
  Time since last request: 0.000054 seconds.
  path: Assets/MyPrefabs/Directional Light.prefab
  artifactKey: Guid(15bed1908f6979f4d84b1309f03b0691) Importer(815301076,1909f56bfc062723c751e8b465ee728b)
Start importing Assets/MyPrefabs/Directional Light.prefab using Guid(15bed1908f6979f4d84b1309f03b0691) Importer(815301076,1909f56bfc062723c751e8b465ee728b)  -> (artifact id: '1de96287cea493667310552cea2307e0') in 0.030959 seconds 
========================================================================
Received Prepare
Registering precompiled user dll's ...
Registered in 0.010463 seconds.
Begin MonoManager ReloadAssembly
Symbol file LoadedFromMemory doesn't match image C:\Users\yandreev\Documents\GitHub\UnityExercises\ShootThemAll!\Library\PackageCache\com.unity.visualscripting@1.7.8\Editor\VisualScripting.Core\Dependencies\YamlDotNet\Unity.VisualScripting.YamlDotNet.dll
Symbol file LoadedFromMemory doesn't match image C:\Users\yandreev\Documents\GitHub\UnityExercises\ShootThemAll!\Library\PackageCache\com.unity.visualscripting@1.7.8\Editor\VisualScripting.Core\Dependencies\DotNetZip\Unity.VisualScripting.IonicZip.dll
Native extension for UWP target not found
Native extension for WindowsStandalone target not found
Native extension for Android target not found
Native extension for WebGL target not found
Refreshing native plugins compatible for Editor in 1.11 ms, found 3 plugins.
Preloading 0 native plugins for Editor in 0.00 ms.
Mono: successfully reloaded assembly
- Completed reload, in  3.056 seconds
Domain Reload Profiling:
	ReloadAssembly (3058ms)
		BeginReloadAssembly (263ms)
			ExecutionOrderSort (0ms)
			DisableScriptedObjects (10ms)
			BackupInstance (0ms)
			ReleaseScriptingObjects (0ms)
			CreateAndSetChildDomain (72ms)
		EndReloadAssembly (2568ms)
			LoadAssemblies (171ms)
			RebuildTransferFunctionScriptingTraits (0ms)
			SetupTypeCache (648ms)
			ReleaseScriptCaches (2ms)
			RebuildScriptCaches (143ms)
			SetupLoadedEditorAssemblies (1397ms)
				LogAssemblyErrors (0ms)
				InitializePlatformSupportModulesInManaged (76ms)
				SetLoadedEditorAssemblies (1ms)
				RefreshPlugins (1ms)
				BeforeProcessingInitializeOnLoad (178ms)
				ProcessInitializeOnLoadAttributes (1013ms)
				ProcessInitializeOnLoadMethodAttributes (84ms)
				AfterProcessingInitializeOnLoad (43ms)
				EditorAssembliesLoaded (0ms)
			ExecutionOrderSort2 (0ms)
			AwakeInstancesAfterBackupRestoration (18ms)
Platform modules already initialized, skipping
Refreshing native plugins compatible for Editor in 15.21 ms, found 3 plugins.
Preloading 0 native plugins for Editor in 0.00 ms.
Unloading 3977 Unused Serialized files (Serialized files now loaded: 0)
Unloading 33 unused Assets / (1.5 MB). Loaded Objects now: 4570.
Memory consumption went from 192.3 MB to 190.8 MB.
Total: 6.994800 ms (FindLiveObjects: 0.693000 ms CreateObjectMapping: 0.390800 ms MarkObjects: 5.375300 ms  DeleteObjects: 0.534300 ms)

AssetImportParameters requested are different than current active one (requested -> active):
  custom:video-decoder-ogg-theora: a1e56fd34408186e4bbccfd4996cb3dc -> 
  custom:container-muxer-webm: aa71ff27fc2769a1b78a27578f13a17b -> 
  custom:container-demuxer-webm: 4f35f7cbe854078d1ac9338744f61a02 -> 
  custom:video-encoder-webm-vp8: eb34c28f22e8b96e1ab97ce403110664 -> 
  custom:video-codec-MediaFoundation-h265: 746d11721c4dcdbdad8f713fa42b33f4 -> 
  custom:audio-encoder-webm-vorbis: bf7c407c2cedff20999df2af8eb42d56 -> 
  custom:framework-win-MediaFoundation: 216162199b28c13a410421893ffa2e32 -> 
  custom:container-demuxer-ogg: 62fdf1f143b41e24485cea50d1cbac27 -> 
  custom:video-decoder-webm-vp8: 9c59270c3fd7afecdb556c50c9e8de78 -> 
  custom:audio-decoder-ogg-vorbis: bf7c407c2cedff20999df2af8eb42d56 -> 
========================================================================
Received Import Request.
  Time since last request: 130.584192 seconds.
  path: Assets/OutsideAssets/Standard Assets/ParticleSystems/Materials/ParticleSmokeBlack.mat
  artifactKey: Guid(fc626cffedc907848a7b47b87aa5e34f) Importer(815301076,1909f56bfc062723c751e8b465ee728b)
Start importing Assets/OutsideAssets/Standard Assets/ParticleSystems/Materials/ParticleSmokeBlack.mat using Guid(fc626cffedc907848a7b47b87aa5e34f) Importer(815301076,1909f56bfc062723c751e8b465ee728b)  -> (artifact id: 'acd27e8da4d3bffd8e2b5f6b5bcdfa61') in 0.531173 seconds 
========================================================================
Received Import Request.
  Time since last request: 123.218144 seconds.
  path: Assets/MyPrefabs/EnemyShips/Annoyng.prefab
  artifactKey: Guid(7569720e96ab54d4f8c6fee443ca0d1b) Importer(815301076,1909f56bfc062723c751e8b465ee728b)
Start importing Assets/MyPrefabs/EnemyShips/Annoyng.prefab using Guid(7569720e96ab54d4f8c6fee443ca0d1b) Importer(815301076,1909f56bfc062723c751e8b465ee728b)  -> (artifact id: '3a858fda7fda5e54e8b05acb73f2da00') in 0.797512 seconds 
========================================================================
Received Import Request.
  Time since last request: 0.000048 seconds.
  path: Assets/MyPrefabs/EnemyShips/StarDestroyer.prefab
  artifactKey: Guid(61a44f8ceda007f41b379ae7044bbd39) Importer(815301076,1909f56bfc062723c751e8b465ee728b)
Start importing Assets/MyPrefabs/EnemyShips/StarDestroyer.prefab using Guid(61a44f8ceda007f41b379ae7044bbd39) Importer(815301076,1909f56bfc062723c751e8b465ee728b)  -> (artifact id: '5019ec1276f670d212e9e1f2f35e9eb2') in 0.416569 seconds 
========================================================================
Received Import Request.
  Time since last request: 0.000049 seconds.
  path: Assets/MyPrefabs/EnemyShips/NeedleBoy.prefab
  artifactKey: Guid(43b39dcd67c1493428c5329f97f73ad8) Importer(815301076,1909f56bfc062723c751e8b465ee728b)
Start importing Assets/MyPrefabs/EnemyShips/NeedleBoy.prefab using Guid(43b39dcd67c1493428c5329f97f73ad8) Importer(815301076,1909f56bfc062723c751e8b465ee728b)  -> (artifact id: 'c9829ed9b366b2eb1da832e04dd7ea49') in 0.325257 seconds 
========================================================================
Received Import Request.
  Time since last request: 0.000032 seconds.
  path: Assets/MyPrefabs/EnemyShips/Trooper1.prefab
  artifactKey: Guid(ba95f8e2edbd0664f8d9024b43e24ddb) Importer(815301076,1909f56bfc062723c751e8b465ee728b)
Start importing Assets/MyPrefabs/EnemyShips/Trooper1.prefab using Guid(ba95f8e2edbd0664f8d9024b43e24ddb) Importer(815301076,1909f56bfc062723c751e8b465ee728b)  -> (artifact id: '182cd5ecf68619f17b535ed056bb2a1f') in 0.357403 seconds 
========================================================================
Received Import Request.
  Time since last request: 0.000094 seconds.
  path: Assets/MyPrefabs/EnemyShips/Destroyer.prefab
  artifactKey: Guid(aa54cda18305fea4e871a12d2978dd16) Importer(815301076,1909f56bfc062723c751e8b465ee728b)
Start importing Assets/MyPrefabs/EnemyShips/Destroyer.prefab using Guid(aa54cda18305fea4e871a12d2978dd16) Importer(815301076,1909f56bfc062723c751e8b465ee728b)  -> (artifact id: 'fdd24ec042a1f2d60cc243b9d0a200f6') in 0.137238 seconds 
========================================================================
Received Import Request.
  Time since last request: 0.000089 seconds.
  path: Assets/MyPrefabs/EnemyShips/Pesky.prefab
  artifactKey: Guid(a1842d0f912a6044daa68f6209eae67b) Importer(815301076,1909f56bfc062723c751e8b465ee728b)
Start importing Assets/MyPrefabs/EnemyShips/Pesky.prefab using Guid(a1842d0f912a6044daa68f6209eae67b) Importer(815301076,1909f56bfc062723c751e8b465ee728b)  -> (artifact id: 'd85ceed473b80e1f408bb2f1c800eaa9') in 0.284282 seconds 
========================================================================
Received Import Request.
  Time since last request: 0.000487 seconds.
  path: Assets/MyPrefabs/EnemyShips/FastMashine.prefab
  artifactKey: Guid(88b1521f081dd384fb3885b63d745b8e) Importer(815301076,1909f56bfc062723c751e8b465ee728b)
Start importing Assets/MyPrefabs/EnemyShips/FastMashine.prefab using Guid(88b1521f081dd384fb3885b63d745b8e) Importer(815301076,1909f56bfc062723c751e8b465ee728b)  -> (artifact id: 'b8f9cf9943a4bc5438250bb80bdb4156') in 0.299864 seconds 
========================================================================
Received Import Request.
  Time since last request: 0.000036 seconds.
  path: Assets/MyPrefabs/EnemyShips/Fly.prefab
  artifactKey: Guid(19902c7acca6c184590f72530964b58d) Importer(815301076,1909f56bfc062723c751e8b465ee728b)
Start importing Assets/MyPrefabs/EnemyShips/Fly.prefab using Guid(19902c7acca6c184590f72530964b58d) Importer(815301076,1909f56bfc062723c751e8b465ee728b)  -> (artifact id: '7decad78fd4fcc04ee7e97f23153019a') in 0.293962 seconds 
========================================================================
Received Import Request.
  Time since last request: 0.000063 seconds.
  path: Assets/MyPrefabs/EnemyShips/Veider.prefab
  artifactKey: Guid(c8fe79da5e603d247bab60ad01be0aea) Importer(815301076,1909f56bfc062723c751e8b465ee728b)
Start importing Assets/MyPrefabs/EnemyShips/Veider.prefab using Guid(c8fe79da5e603d247bab60ad01be0aea) Importer(815301076,1909f56bfc062723c751e8b465ee728b)  -> (artifact id: '76d22ac6a4a5aa7591d29d5ad73aa2cf') in 0.144270 seconds 
========================================================================
Received Import Request.
  Time since last request: 0.000192 seconds.
  path: Assets/MyPrefabs/EnemyShips/Trooper2.prefab
  artifactKey: Guid(3d9c43520779f7342a22d7c2f71bdb39) Importer(815301076,1909f56bfc062723c751e8b465ee728b)
Start importing Assets/MyPrefabs/EnemyShips/Trooper2.prefab using Guid(3d9c43520779f7342a22d7c2f71bdb39) Importer(815301076,1909f56bfc062723c751e8b465ee728b)  -> (artifact id: 'd59ffe9be25b2152c8a2f571dcdb1f89') in 0.249348 seconds 
========================================================================
Received Import Request.
  Time since last request: 0.000058 seconds.
  path: Assets/MyPrefabs/EnemyShips/Humongus.prefab
  artifactKey: Guid(bfcaa24f8875bf240b919821037ac964) Importer(815301076,1909f56bfc062723c751e8b465ee728b)
Start importing Assets/MyPrefabs/EnemyShips/Humongus.prefab using Guid(bfcaa24f8875bf240b919821037ac964) Importer(815301076,1909f56bfc062723c751e8b465ee728b)  -> (artifact id: 'c40698f85e9ba51b7d73bbffc6b52b10') in 0.145764 seconds 
========================================================================
Received Import Request.
  Time since last request: 6.380041 seconds.
  path: Assets/Scenes/New Terrain 1.asset
  artifactKey: Guid(6ff671c48d543024bb9ee454c1a6f050) Importer(815301076,1909f56bfc062723c751e8b465ee728b)
Start importing Assets/Scenes/New Terrain 1.asset using Guid(6ff671c48d543024bb9ee454c1a6f050) Importer(815301076,1909f56bfc062723c751e8b465ee728b)  -> (artifact id: '68ee58868e9f90479804e24de76fbfec') in 0.909400 seconds 
========================================================================
Received Import Request.
  Time since last request: 2.090273 seconds.
  path: Assets/Scripts/Enemy.cs
  artifactKey: Guid(ad90be67363243a479d6ec4a431b2023) Importer(815301076,1909f56bfc062723c751e8b465ee728b)
Start importing Assets/Scripts/Enemy.cs using Guid(ad90be67363243a479d6ec4a431b2023) Importer(815301076,1909f56bfc062723c751e8b465ee728b)  -> (artifact id: '16e6a38142e678467a3162bf4f85b186') in 0.342215 seconds 
========================================================================
Received Import Request.
  Time since last request: 31.628901 seconds.
  path: Assets/Scripts/PlayerControl.cs
  artifactKey: Guid(4d8bd5a35fa77394abb514bf4f91ecb2) Importer(815301076,1909f56bfc062723c751e8b465ee728b)
Start importing Assets/Scripts/PlayerControl.cs using Guid(4d8bd5a35fa77394abb514bf4f91ecb2) Importer(815301076,1909f56bfc062723c751e8b465ee728b)  -> (artifact id: 'bffbcb4ea230177c1e21ab5b7c3bf4b8') in 0.028642 seconds 
========================================================================
Received Import Request.
  Time since last request: 2.553881 seconds.
  path: Assets/Scripts/SelfDestruct.cs
  artifactKey: Guid(2d5d8a4d20002094f9eb2e23b6ccd92a) Importer(815301076,1909f56bfc062723c751e8b465ee728b)
Start importing Assets/Scripts/SelfDestruct.cs using Guid(2d5d8a4d20002094f9eb2e23b6ccd92a) Importer(815301076,1909f56bfc062723c751e8b465ee728b)  -> (artifact id: 'e2fd5a9476d78daf76b2e5d2d66accb5') in 0.041345 seconds 
========================================================================
Received Import Request.
  Time since last request: 33.961486 seconds.
  path: Assets/Scripts/CollisionHandler.cs
  artifactKey: Guid(3ca1537564dcf034988b2e8da52b4429) Importer(815301076,1909f56bfc062723c751e8b465ee728b)
Start importing Assets/Scripts/CollisionHandler.cs using Guid(3ca1537564dcf034988b2e8da52b4429) Importer(815301076,1909f56bfc062723c751e8b465ee728b)  -> (artifact id: '06f1d32f5fa85aaee001bf1701671ada') in 0.015509 seconds 
========================================================================
Received Prepare
Registering precompiled user dll's ...
Registered in 0.006731 seconds.
Begin MonoManager ReloadAssembly
Symbol file LoadedFromMemory doesn't match image C:\Users\yandreev\Documents\GitHub\UnityExercises\ShootThemAll!\Library\PackageCache\com.unity.visualscripting@1.7.8\Editor\VisualScripting.Core\Dependencies\YamlDotNet\Unity.VisualScripting.YamlDotNet.dll
Symbol file LoadedFromMemory doesn't match image C:\Users\yandreev\Documents\GitHub\UnityExercises\ShootThemAll!\Library\PackageCache\com.unity.visualscripting@1.7.8\Editor\VisualScripting.Core\Dependencies\DotNetZip\Unity.VisualScripting.IonicZip.dll
Native extension for UWP target not found
Native extension for WindowsStandalone target not found
Native extension for Android target not found
Native extension for WebGL target not found
Refreshing native plugins compatible for Editor in 1.20 ms, found 3 plugins.
Preloading 0 native plugins for Editor in 0.00 ms.
Mono: successfully reloaded assembly
- Completed reload, in  3.475 seconds
Domain Reload Profiling:
	ReloadAssembly (3476ms)
		BeginReloadAssembly (501ms)
			ExecutionOrderSort (0ms)
			DisableScriptedObjects (48ms)
			BackupInstance (0ms)
			ReleaseScriptingObjects (0ms)
			CreateAndSetChildDomain (153ms)
		EndReloadAssembly (2641ms)
			LoadAssemblies (314ms)
			RebuildTransferFunctionScriptingTraits (0ms)
			SetupTypeCache (908ms)
			ReleaseScriptCaches (3ms)
			RebuildScriptCaches (95ms)
			SetupLoadedEditorAssemblies (1248ms)
				LogAssemblyErrors (0ms)
				InitializePlatformSupportModulesInManaged (80ms)
				SetLoadedEditorAssemblies (1ms)
				RefreshPlugins (1ms)
				BeforeProcessingInitializeOnLoad (146ms)
				ProcessInitializeOnLoadAttributes (931ms)
				ProcessInitializeOnLoadMethodAttributes (68ms)
				AfterProcessingInitializeOnLoad (21ms)
				EditorAssembliesLoaded (0ms)
			ExecutionOrderSort2 (0ms)
			AwakeInstancesAfterBackupRestoration (8ms)
Platform modules already initialized, skipping
Refreshing native plugins compatible for Editor in 13.53 ms, found 3 plugins.
Preloading 0 native plugins for Editor in 0.00 ms.
Unloading 3977 Unused Serialized files (Serialized files now loaded: 0)
Unloading 31 unused Assets / (1.5 MB). Loaded Objects now: 4606.
Memory consumption went from 192.6 MB to 191.1 MB.
Total: 33.912900 ms (FindLiveObjects: 1.341800 ms CreateObjectMapping: 1.518300 ms MarkObjects: 30.379300 ms  DeleteObjects: 0.671700 ms)

AssetImportParameters requested are different than current active one (requested -> active):
  custom:video-decoder-ogg-theora: a1e56fd34408186e4bbccfd4996cb3dc -> 
  custom:container-muxer-webm: aa71ff27fc2769a1b78a27578f13a17b -> 
  custom:container-demuxer-webm: 4f35f7cbe854078d1ac9338744f61a02 -> 
  custom:video-encoder-webm-vp8: eb34c28f22e8b96e1ab97ce403110664 -> 
  custom:video-codec-MediaFoundation-h265: 746d11721c4dcdbdad8f713fa42b33f4 -> 
  custom:audio-encoder-webm-vorbis: bf7c407c2cedff20999df2af8eb42d56 -> 
  custom:framework-win-MediaFoundation: 216162199b28c13a410421893ffa2e32 -> 
  custom:container-demuxer-ogg: 62fdf1f143b41e24485cea50d1cbac27 -> 
  custom:video-decoder-webm-vp8: 9c59270c3fd7afecdb556c50c9e8de78 -> 
  custom:audio-decoder-ogg-vorbis: bf7c407c2cedff20999df2af8eb42d56 -> 
========================================================================
Received Prepare
Registering precompiled user dll's ...
Registered in 0.016867 seconds.
Begin MonoManager ReloadAssembly
Symbol file LoadedFromMemory doesn't match image C:\Users\yandreev\Documents\GitHub\UnityExercises\ShootThemAll!\Library\PackageCache\com.unity.visualscripting@1.7.8\Editor\VisualScripting.Core\Dependencies\YamlDotNet\Unity.VisualScripting.YamlDotNet.dll
Symbol file LoadedFromMemory doesn't match image C:\Users\yandreev\Documents\GitHub\UnityExercises\ShootThemAll!\Library\PackageCache\com.unity.visualscripting@1.7.8\Editor\VisualScripting.Core\Dependencies\DotNetZip\Unity.VisualScripting.IonicZip.dll
Native extension for UWP target not found
Native extension for WindowsStandalone target not found
Native extension for Android target not found
Native extension for WebGL target not found
Refreshing native plugins compatible for Editor in 1.56 ms, found 3 plugins.
Preloading 0 native plugins for Editor in 0.00 ms.
Mono: successfully reloaded assembly
- Completed reload, in  2.761 seconds
Domain Reload Profiling:
	ReloadAssembly (2764ms)
		BeginReloadAssembly (276ms)
			ExecutionOrderSort (0ms)
			DisableScriptedObjects (10ms)
			BackupInstance (0ms)
			ReleaseScriptingObjects (0ms)
			CreateAndSetChildDomain (77ms)
		EndReloadAssembly (2270ms)
			LoadAssemblies (187ms)
			RebuildTransferFunctionScriptingTraits (0ms)
			SetupTypeCache (594ms)
			ReleaseScriptCaches (2ms)
			RebuildScriptCaches (137ms)
			SetupLoadedEditorAssemblies (1195ms)
				LogAssemblyErrors (0ms)
				InitializePlatformSupportModulesInManaged (70ms)
				SetLoadedEditorAssemblies (1ms)
				RefreshPlugins (2ms)
				BeforeProcessingInitializeOnLoad (164ms)
				ProcessInitializeOnLoadAttributes (861ms)
				ProcessInitializeOnLoadMethodAttributes (77ms)
				AfterProcessingInitializeOnLoad (18ms)
				EditorAssembliesLoaded (2ms)
			ExecutionOrderSort2 (0ms)
			AwakeInstancesAfterBackupRestoration (22ms)
Platform modules already initialized, skipping
Refreshing native plugins compatible for Editor in 15.34 ms, found 3 plugins.
Preloading 0 native plugins for Editor in 0.00 ms.
Unloading 3977 Unused Serialized files (Serialized files now loaded: 0)
Unloading 31 unused Assets / (1.5 MB). Loaded Objects now: 4609.
Memory consumption went from 192.6 MB to 191.1 MB.
Total: 20.819500 ms (FindLiveObjects: 6.191300 ms CreateObjectMapping: 3.392400 ms MarkObjects: 10.813200 ms  DeleteObjects: 0.397200 ms)

AssetImportParameters requested are different than current active one (requested -> active):
  custom:video-decoder-ogg-theora: a1e56fd34408186e4bbccfd4996cb3dc -> 
  custom:container-muxer-webm: aa71ff27fc2769a1b78a27578f13a17b -> 
  custom:container-demuxer-webm: 4f35f7cbe854078d1ac9338744f61a02 -> 
  custom:video-encoder-webm-vp8: eb34c28f22e8b96e1ab97ce403110664 -> 
  custom:video-codec-MediaFoundation-h265: 746d11721c4dcdbdad8f713fa42b33f4 -> 
  custom:audio-encoder-webm-vorbis: bf7c407c2cedff20999df2af8eb42d56 -> 
  custom:framework-win-MediaFoundation: 216162199b28c13a410421893ffa2e32 -> 
  custom:container-demuxer-ogg: 62fdf1f143b41e24485cea50d1cbac27 -> 
  custom:video-decoder-webm-vp8: 9c59270c3fd7afecdb556c50c9e8de78 -> 
  custom:audio-decoder-ogg-vorbis: bf7c407c2cedff20999df2af8eb42d56 -> 
