Using pre-set license
Built from '2021.3/release' branch; Version is '2021.3.12f1 (8af3c3e441b1) revision 9106371'; Using compiler version '192829333'; Build Type 'Release'
OS: 'Windows 10  (10.0.19044) 64bit Professional' Language: 'en' Physical Memory: 8057 MB
BatchMode: 1, IsHumanControllingUs: 0, StartBugReporterOnCrash: 0, Is64bit: 1, IsPro: 1

COMMAND LINE ARGUMENTS:
C:\Program Files\Unity\Hub\Editor\2021.3.12f1\Editor\Unity.exe
-adb2
-batchMode
-noUpm
-name
AssetImportWorker2
-projectPath
C:/Users/yandreev/Documents/GitHub/UnityExercises/ShootThemAll!
-logFile
Logs/AssetImportWorker2.log
-srvPort
57476
Successfully changed project path to: C:/Users/yandreev/Documents/GitHub/UnityExercises/ShootThemAll!
C:/Users/yandreev/Documents/GitHub/UnityExercises/ShootThemAll!
[UnityMemory] Configuration Parameters - Can be set up in boot.config
    "memorysetup-bucket-allocator-granularity=16"
    "memorysetup-bucket-allocator-bucket-count=8"
    "memorysetup-bucket-allocator-block-size=33554432"
    "memorysetup-bucket-allocator-block-count=8"
    "memorysetup-main-allocator-block-size=16777216"
    "memorysetup-thread-allocator-block-size=16777216"
    "memorysetup-gfx-main-allocator-block-size=16777216"
    "memorysetup-gfx-thread-allocator-block-size=16777216"
    "memorysetup-cache-allocator-block-size=4194304"
    "memorysetup-typetree-allocator-block-size=2097152"
    "memorysetup-profiler-bucket-allocator-granularity=16"
    "memorysetup-profiler-bucket-allocator-bucket-count=8"
    "memorysetup-profiler-bucket-allocator-block-size=33554432"
    "memorysetup-profiler-bucket-allocator-block-count=8"
    "memorysetup-profiler-allocator-block-size=16777216"
    "memorysetup-profiler-editor-allocator-block-size=1048576"
    "memorysetup-temp-allocator-size-main=16777216"
    "memorysetup-job-temp-allocator-block-size=2097152"
    "memorysetup-job-temp-allocator-block-size-background=1048576"
    "memorysetup-job-temp-allocator-reduction-small-platforms=262144"
    "memorysetup-temp-allocator-size-background-worker=32768"
    "memorysetup-temp-allocator-size-job-worker=262144"
    "memorysetup-temp-allocator-size-preload-manager=33554432"
    "memorysetup-temp-allocator-size-nav-mesh-worker=65536"
    "memorysetup-temp-allocator-size-audio-worker=65536"
    "memorysetup-temp-allocator-size-cloud-worker=32768"
    "memorysetup-temp-allocator-size-gi-baking-worker=262144"
    "memorysetup-temp-allocator-size-gfx=262144"
Refreshing native plugins compatible for Editor in 141.12 ms, found 3 plugins.
Preloading 0 native plugins for Editor in 0.00 ms.
Initialize engine version: 2021.3.12f1 (8af3c3e441b1)
[Subsystems] Discovering subsystems at path C:/Program Files/Unity/Hub/Editor/2021.3.12f1/Editor/Data/Resources/UnitySubsystems
[Subsystems] Discovering subsystems at path C:/Users/yandreev/Documents/GitHub/UnityExercises/ShootThemAll!/Assets
GfxDevice: creating device client; threaded=0; jobified=0
Direct3D:
    Version:  Direct3D 11.0 [level 11.1]
    Renderer: Intel(R) HD Graphics 4400 (ID=0x41e)
    Vendor:   Intel
    VRAM:     2048 MB
    Driver:   20.19.15.4835
Initialize mono
Mono path[0] = 'C:/Program Files/Unity/Hub/Editor/2021.3.12f1/Editor/Data/Managed'
Mono path[1] = 'C:/Program Files/Unity/Hub/Editor/2021.3.12f1/Editor/Data/MonoBleedingEdge/lib/mono/unityjit-win32'
Mono config path = 'C:/Program Files/Unity/Hub/Editor/2021.3.12f1/Editor/Data/MonoBleedingEdge/etc'
Using monoOptions --debugger-agent=transport=dt_socket,embedding=1,server=y,suspend=n,address=127.0.0.1:56632
Begin MonoManager ReloadAssembly
Registering precompiled unity dll's ...
Register platform support module: C:/Program Files/Unity/Hub/Editor/2021.3.12f1/Editor/Data/PlaybackEngines/WebGLSupport/UnityEditor.WebGL.Extensions.dll
Register platform support module: C:/Program Files/Unity/Hub/Editor/2021.3.12f1/Editor/Data/PlaybackEngines/AndroidPlayer/UnityEditor.Android.Extensions.dll
Register platform support module: C:/Program Files/Unity/Hub/Editor/2021.3.12f1/Editor/Data/PlaybackEngines/WindowsStandaloneSupport/UnityEditor.WindowsStandalone.Extensions.dll
Register platform support module: C:/Program Files/Unity/Hub/Editor/2021.3.12f1/Editor/Data/PlaybackEngines/MetroSupport/UnityEditor.UWP.Extensions.dll
Registered in 0.013994 seconds.
Native extension for UWP target not found
Native extension for WindowsStandalone target not found
Native extension for Android target not found
Native extension for WebGL target not found
Refreshing native plugins compatible for Editor in 136.83 ms, found 3 plugins.
Preloading 0 native plugins for Editor in 0.00 ms.
Mono: successfully reloaded assembly
- Completed reload, in  1.100 seconds
Domain Reload Profiling:
	ReloadAssembly (1101ms)
		BeginReloadAssembly (110ms)
			ExecutionOrderSort (0ms)
			DisableScriptedObjects (0ms)
			BackupInstance (0ms)
			ReleaseScriptingObjects (0ms)
			CreateAndSetChildDomain (1ms)
		EndReloadAssembly (830ms)
			LoadAssemblies (109ms)
			RebuildTransferFunctionScriptingTraits (0ms)
			SetupTypeCache (188ms)
			ReleaseScriptCaches (0ms)
			RebuildScriptCaches (48ms)
			SetupLoadedEditorAssemblies (502ms)
				LogAssemblyErrors (0ms)
				InitializePlatformSupportModulesInManaged (97ms)
				SetLoadedEditorAssemblies (0ms)
				RefreshPlugins (137ms)
				BeforeProcessingInitializeOnLoad (3ms)
				ProcessInitializeOnLoadAttributes (193ms)
				ProcessInitializeOnLoadMethodAttributes (71ms)
				AfterProcessingInitializeOnLoad (0ms)
				EditorAssembliesLoaded (0ms)
			ExecutionOrderSort2 (0ms)
			AwakeInstancesAfterBackupRestoration (0ms)
Platform modules already initialized, skipping
Registering precompiled user dll's ...
Registered in 0.015089 seconds.
Android Extension - Scanning For ADB Devices 5586 ms
Begin MonoManager ReloadAssembly
Symbol file LoadedFromMemory doesn't match image C:\Users\yandreev\Documents\GitHub\UnityExercises\ShootThemAll!\Library\PackageCache\com.unity.visualscripting@1.7.8\Editor\VisualScripting.Core\Dependencies\YamlDotNet\Unity.VisualScripting.YamlDotNet.dll
Symbol file LoadedFromMemory doesn't match image C:\Users\yandreev\Documents\GitHub\UnityExercises\ShootThemAll!\Library\PackageCache\com.unity.visualscripting@1.7.8\Editor\VisualScripting.Core\Dependencies\DotNetZip\Unity.VisualScripting.IonicZip.dll
Native extension for UWP target not found
Native extension for WindowsStandalone target not found
Native extension for Android target not found
Native extension for WebGL target not found
Refreshing native plugins compatible for Editor in 154.60 ms, found 3 plugins.
Preloading 0 native plugins for Editor in 0.00 ms.
Mono: successfully reloaded assembly
- Completed reload, in  5.249 seconds
Domain Reload Profiling:
	ReloadAssembly (5250ms)
		BeginReloadAssembly (144ms)
			ExecutionOrderSort (0ms)
			DisableScriptedObjects (10ms)
			BackupInstance (0ms)
			ReleaseScriptingObjects (0ms)
			CreateAndSetChildDomain (30ms)
		EndReloadAssembly (4401ms)
			LoadAssemblies (1293ms)
			RebuildTransferFunctionScriptingTraits (0ms)
			SetupTypeCache (530ms)
			ReleaseScriptCaches (1ms)
			RebuildScriptCaches (112ms)
			SetupLoadedEditorAssemblies (2339ms)
				LogAssemblyErrors (0ms)
				InitializePlatformSupportModulesInManaged (26ms)
				SetLoadedEditorAssemblies (0ms)
				RefreshPlugins (155ms)
				BeforeProcessingInitializeOnLoad (149ms)
				ProcessInitializeOnLoadAttributes (1896ms)
				ProcessInitializeOnLoadMethodAttributes (103ms)
				AfterProcessingInitializeOnLoad (10ms)
				EditorAssembliesLoaded (0ms)
			ExecutionOrderSort2 (0ms)
			AwakeInstancesAfterBackupRestoration (8ms)
Platform modules already initialized, skipping
========================================================================
Worker process is ready to serve import requests
Launched and connected shader compiler UnityShaderCompiler.exe after 0.39 seconds
Refreshing native plugins compatible for Editor in 1.93 ms, found 3 plugins.
Preloading 0 native plugins for Editor in 0.00 ms.
Unloading 4042 Unused Serialized files (Serialized files now loaded: 0)
Unloading 49 unused Assets / (1.5 MB). Loaded Objects now: 4550.
Memory consumption went from 180.7 MB to 179.3 MB.
Total: 9.683600 ms (FindLiveObjects: 1.143000 ms CreateObjectMapping: 0.626000 ms MarkObjects: 7.311100 ms  DeleteObjects: 0.600400 ms)

AssetImportParameters requested are different than current active one (requested -> active):
  custom:video-decoder-ogg-theora: a1e56fd34408186e4bbccfd4996cb3dc -> 
  custom:container-muxer-webm: aa71ff27fc2769a1b78a27578f13a17b -> 
  custom:container-demuxer-webm: 4f35f7cbe854078d1ac9338744f61a02 -> 
  custom:video-encoder-webm-vp8: eb34c28f22e8b96e1ab97ce403110664 -> 
  custom:video-codec-MediaFoundation-h265: 746d11721c4dcdbdad8f713fa42b33f4 -> 
  custom:audio-encoder-webm-vorbis: bf7c407c2cedff20999df2af8eb42d56 -> 
  custom:framework-win-MediaFoundation: 216162199b28c13a410421893ffa2e32 -> 
  custom:container-demuxer-ogg: 62fdf1f143b41e24485cea50d1cbac27 -> 
  custom:video-decoder-webm-vp8: 9c59270c3fd7afecdb556c50c9e8de78 -> 
  custom:audio-decoder-ogg-vorbis: bf7c407c2cedff20999df2af8eb42d56 -> 
========================================================================
Received Import Request.
  Time since last request: 106843.636243 seconds.
  path: Assets/MyPrefabs/EnemyShips
  artifactKey: Guid(356d7c29140c8e54f8606ee16f385d4c) Importer(815301076,1909f56bfc062723c751e8b465ee728b)
Start importing Assets/MyPrefabs/EnemyShips using Guid(356d7c29140c8e54f8606ee16f385d4c) Importer(815301076,1909f56bfc062723c751e8b465ee728b)  -> (artifact id: '9edd884b1e3491eb5a4f602f182c4927') in 0.050215 seconds 
========================================================================
Received Import Request.
  Time since last request: 0.000032 seconds.
  path: Assets/MyPrefabs/EnemyShips/Annoyng.prefab
  artifactKey: Guid(7569720e96ab54d4f8c6fee443ca0d1b) Importer(815301076,1909f56bfc062723c751e8b465ee728b)
Start importing Assets/MyPrefabs/EnemyShips/Annoyng.prefab using Guid(7569720e96ab54d4f8c6fee443ca0d1b) Importer(815301076,1909f56bfc062723c751e8b465ee728b)  -> (artifact id: '17dd2bf16dbc56579497cb9d42a538c8') in 1.409082 seconds 
========================================================================
Received Prepare
Registering precompiled user dll's ...
Registered in 0.007005 seconds.
Begin MonoManager ReloadAssembly
Symbol file LoadedFromMemory doesn't match image C:\Users\yandreev\Documents\GitHub\UnityExercises\ShootThemAll!\Library\PackageCache\com.unity.visualscripting@1.7.8\Editor\VisualScripting.Core\Dependencies\YamlDotNet\Unity.VisualScripting.YamlDotNet.dll
Symbol file LoadedFromMemory doesn't match image C:\Users\yandreev\Documents\GitHub\UnityExercises\ShootThemAll!\Library\PackageCache\com.unity.visualscripting@1.7.8\Editor\VisualScripting.Core\Dependencies\DotNetZip\Unity.VisualScripting.IonicZip.dll
Native extension for UWP target not found
Native extension for WindowsStandalone target not found
Native extension for Android target not found
Native extension for WebGL target not found
Refreshing native plugins compatible for Editor in 1.02 ms, found 3 plugins.
Preloading 0 native plugins for Editor in 0.00 ms.
Mono: successfully reloaded assembly
- Completed reload, in  1.699 seconds
Domain Reload Profiling:
	ReloadAssembly (1700ms)
		BeginReloadAssembly (360ms)
			ExecutionOrderSort (0ms)
			DisableScriptedObjects (13ms)
			BackupInstance (0ms)
			ReleaseScriptingObjects (0ms)
			CreateAndSetChildDomain (148ms)
		EndReloadAssembly (1195ms)
			LoadAssemblies (193ms)
			RebuildTransferFunctionScriptingTraits (0ms)
			SetupTypeCache (369ms)
			ReleaseScriptCaches (2ms)
			RebuildScriptCaches (73ms)
			SetupLoadedEditorAssemblies (536ms)
				LogAssemblyErrors (0ms)
				InitializePlatformSupportModulesInManaged (29ms)
				SetLoadedEditorAssemblies (1ms)
				RefreshPlugins (1ms)
				BeforeProcessingInitializeOnLoad (82ms)
				ProcessInitializeOnLoadAttributes (384ms)
				ProcessInitializeOnLoadMethodAttributes (28ms)
				AfterProcessingInitializeOnLoad (10ms)
				EditorAssembliesLoaded (0ms)
			ExecutionOrderSort2 (0ms)
			AwakeInstancesAfterBackupRestoration (7ms)
Platform modules already initialized, skipping
Refreshing native plugins compatible for Editor in 2.60 ms, found 3 plugins.
Preloading 0 native plugins for Editor in 0.00 ms.
Unloading 3977 Unused Serialized files (Serialized files now loaded: 0)
Unloading 31 unused Assets / (1.5 MB). Loaded Objects now: 4561.
Memory consumption went from 178.9 MB to 177.4 MB.
Total: 5.983000 ms (FindLiveObjects: 0.372400 ms CreateObjectMapping: 0.174000 ms MarkObjects: 5.063000 ms  DeleteObjects: 0.371900 ms)

AssetImportParameters requested are different than current active one (requested -> active):
  custom:video-decoder-ogg-theora: a1e56fd34408186e4bbccfd4996cb3dc -> 
  custom:container-muxer-webm: aa71ff27fc2769a1b78a27578f13a17b -> 
  custom:container-demuxer-webm: 4f35f7cbe854078d1ac9338744f61a02 -> 
  custom:video-encoder-webm-vp8: eb34c28f22e8b96e1ab97ce403110664 -> 
  custom:video-codec-MediaFoundation-h265: 746d11721c4dcdbdad8f713fa42b33f4 -> 
  custom:audio-encoder-webm-vorbis: bf7c407c2cedff20999df2af8eb42d56 -> 
  custom:framework-win-MediaFoundation: 216162199b28c13a410421893ffa2e32 -> 
  custom:container-demuxer-ogg: 62fdf1f143b41e24485cea50d1cbac27 -> 
  custom:video-decoder-webm-vp8: 9c59270c3fd7afecdb556c50c9e8de78 -> 
  custom:audio-decoder-ogg-vorbis: bf7c407c2cedff20999df2af8eb42d56 -> 
========================================================================
Received Import Request.
  Time since last request: 8948.552727 seconds.
  path: Assets/MyPrefabs/EnemyShips/Annoyng.prefab
  artifactKey: Guid(7569720e96ab54d4f8c6fee443ca0d1b) Importer(815301076,1909f56bfc062723c751e8b465ee728b)
Start importing Assets/MyPrefabs/EnemyShips/Annoyng.prefab using Guid(7569720e96ab54d4f8c6fee443ca0d1b) Importer(815301076,1909f56bfc062723c751e8b465ee728b)  -> (artifact id: '1a280e266b61bfc78a657d94f2de2192') in 0.743506 seconds 
========================================================================
Received Import Request.
  Time since last request: 4.331980 seconds.
  path: Assets/MyPrefabs/EnemyShips/Annoyng.prefab
  artifactKey: Guid(7569720e96ab54d4f8c6fee443ca0d1b) Importer(815301076,1909f56bfc062723c751e8b465ee728b)
Start importing Assets/MyPrefabs/EnemyShips/Annoyng.prefab using Guid(7569720e96ab54d4f8c6fee443ca0d1b) Importer(815301076,1909f56bfc062723c751e8b465ee728b)  -> (artifact id: '6895e5422747cc9bb99763581f7a372d') in 0.160274 seconds 
========================================================================
Received Import Request.
  Time since last request: 4.267850 seconds.
  path: Assets/MyPrefabs/EnemyShips/Annoyng.prefab
  artifactKey: Guid(7569720e96ab54d4f8c6fee443ca0d1b) Importer(815301076,1909f56bfc062723c751e8b465ee728b)
Start importing Assets/MyPrefabs/EnemyShips/Annoyng.prefab using Guid(7569720e96ab54d4f8c6fee443ca0d1b) Importer(815301076,1909f56bfc062723c751e8b465ee728b)  -> (artifact id: 'ae06a4bcf12f411a8c0f7b6736e9400f') in 0.130626 seconds 
========================================================================
Received Import Request.
  Time since last request: 15.460626 seconds.
  path: Assets/MyPrefabs/EnemyShips/Destroyer.prefab
  artifactKey: Guid(aa54cda18305fea4e871a12d2978dd16) Importer(815301076,1909f56bfc062723c751e8b465ee728b)
Start importing Assets/MyPrefabs/EnemyShips/Destroyer.prefab using Guid(aa54cda18305fea4e871a12d2978dd16) Importer(815301076,1909f56bfc062723c751e8b465ee728b)  -> (artifact id: '68ee8409282338bc47ae8ee88650a857') in 0.135473 seconds 
========================================================================
Received Import Request.
  Time since last request: 12.955215 seconds.
  path: Assets/MyPrefabs/EnemyShips/Destroyer.prefab
  artifactKey: Guid(aa54cda18305fea4e871a12d2978dd16) Importer(815301076,1909f56bfc062723c751e8b465ee728b)
Start importing Assets/MyPrefabs/EnemyShips/Destroyer.prefab using Guid(aa54cda18305fea4e871a12d2978dd16) Importer(815301076,1909f56bfc062723c751e8b465ee728b)  -> (artifact id: '9f852c251f92a79035fb052a4d4fa811') in 0.134996 seconds 
========================================================================
Received Import Request.
  Time since last request: 1.987501 seconds.
  path: Assets/MyPrefabs/EnemyShips/Destroyer.prefab
  artifactKey: Guid(aa54cda18305fea4e871a12d2978dd16) Importer(815301076,1909f56bfc062723c751e8b465ee728b)
Start importing Assets/MyPrefabs/EnemyShips/Destroyer.prefab using Guid(aa54cda18305fea4e871a12d2978dd16) Importer(815301076,1909f56bfc062723c751e8b465ee728b)  -> (artifact id: 'afef1797849394054b35c63b1a4ea478') in 0.094508 seconds 
========================================================================
Received Import Request.
  Time since last request: 6.777955 seconds.
  path: Assets/MyPrefabs/EnemyShips/FastMashine.prefab
  artifactKey: Guid(88b1521f081dd384fb3885b63d745b8e) Importer(815301076,1909f56bfc062723c751e8b465ee728b)
Start importing Assets/MyPrefabs/EnemyShips/FastMashine.prefab using Guid(88b1521f081dd384fb3885b63d745b8e) Importer(815301076,1909f56bfc062723c751e8b465ee728b)  -> (artifact id: '7735a1df667710fba2d3209add72f2c8') in 0.247563 seconds 
========================================================================
Received Import Request.
  Time since last request: 5.925486 seconds.
  path: Assets/MyPrefabs/EnemyShips/FastMashine.prefab
  artifactKey: Guid(88b1521f081dd384fb3885b63d745b8e) Importer(815301076,1909f56bfc062723c751e8b465ee728b)
Start importing Assets/MyPrefabs/EnemyShips/FastMashine.prefab using Guid(88b1521f081dd384fb3885b63d745b8e) Importer(815301076,1909f56bfc062723c751e8b465ee728b)  -> (artifact id: 'ccbe4c8a2d452f6d85f835a60a2b9279') in 0.174164 seconds 
========================================================================
Received Import Request.
  Time since last request: 2.516754 seconds.
  path: Assets/MyPrefabs/EnemyShips/FastMashine.prefab
  artifactKey: Guid(88b1521f081dd384fb3885b63d745b8e) Importer(815301076,1909f56bfc062723c751e8b465ee728b)
Start importing Assets/MyPrefabs/EnemyShips/FastMashine.prefab using Guid(88b1521f081dd384fb3885b63d745b8e) Importer(815301076,1909f56bfc062723c751e8b465ee728b)  -> (artifact id: '1698fded63a9fcb300412d6f3bdfb153') in 0.086251 seconds 
========================================================================
Received Import Request.
  Time since last request: 10.690370 seconds.
  path: Assets/MyPrefabs/EnemyShips/Fly.prefab
  artifactKey: Guid(19902c7acca6c184590f72530964b58d) Importer(815301076,1909f56bfc062723c751e8b465ee728b)
Start importing Assets/MyPrefabs/EnemyShips/Fly.prefab using Guid(19902c7acca6c184590f72530964b58d) Importer(815301076,1909f56bfc062723c751e8b465ee728b)  -> (artifact id: '304e39bedef8a11158f7395ea6d69976') in 0.135673 seconds 
========================================================================
Received Import Request.
  Time since last request: 3.331511 seconds.
  path: Assets/MyPrefabs/EnemyShips/Fly.prefab
  artifactKey: Guid(19902c7acca6c184590f72530964b58d) Importer(815301076,1909f56bfc062723c751e8b465ee728b)
Start importing Assets/MyPrefabs/EnemyShips/Fly.prefab using Guid(19902c7acca6c184590f72530964b58d) Importer(815301076,1909f56bfc062723c751e8b465ee728b)  -> (artifact id: 'f52dac4aff9a101436b9c5aeb8da6c28') in 0.104536 seconds 
========================================================================
Received Import Request.
  Time since last request: 2.207889 seconds.
  path: Assets/MyPrefabs/EnemyShips/Fly.prefab
  artifactKey: Guid(19902c7acca6c184590f72530964b58d) Importer(815301076,1909f56bfc062723c751e8b465ee728b)
Start importing Assets/MyPrefabs/EnemyShips/Fly.prefab using Guid(19902c7acca6c184590f72530964b58d) Importer(815301076,1909f56bfc062723c751e8b465ee728b)  -> (artifact id: '1b889b98b08ba4369ec8365f3bb07f42') in 0.166023 seconds 
========================================================================
Received Import Request.
  Time since last request: 6.044000 seconds.
  path: Assets/MyPrefabs/EnemyShips/Humongus.prefab
  artifactKey: Guid(bfcaa24f8875bf240b919821037ac964) Importer(815301076,1909f56bfc062723c751e8b465ee728b)
Start importing Assets/MyPrefabs/EnemyShips/Humongus.prefab using Guid(bfcaa24f8875bf240b919821037ac964) Importer(815301076,1909f56bfc062723c751e8b465ee728b)  -> (artifact id: '4cb7795ed870b5902c4a297620bd253a') in 0.248983 seconds 
========================================================================
Received Import Request.
  Time since last request: 7.720624 seconds.
  path: Assets/MyPrefabs/EnemyShips/Humongus.prefab
  artifactKey: Guid(bfcaa24f8875bf240b919821037ac964) Importer(815301076,1909f56bfc062723c751e8b465ee728b)
Start importing Assets/MyPrefabs/EnemyShips/Humongus.prefab using Guid(bfcaa24f8875bf240b919821037ac964) Importer(815301076,1909f56bfc062723c751e8b465ee728b)  -> (artifact id: '71c3c9540c2059791785d55686ccafe8') in 0.130620 seconds 
========================================================================
Received Import Request.
  Time since last request: 2.289415 seconds.
  path: Assets/MyPrefabs/EnemyShips/Humongus.prefab
  artifactKey: Guid(bfcaa24f8875bf240b919821037ac964) Importer(815301076,1909f56bfc062723c751e8b465ee728b)
Start importing Assets/MyPrefabs/EnemyShips/Humongus.prefab using Guid(bfcaa24f8875bf240b919821037ac964) Importer(815301076,1909f56bfc062723c751e8b465ee728b)  -> (artifact id: '3b7520a6c7241d7f9cfd503d342dfdfa') in 0.134746 seconds 
========================================================================
Received Import Request.
  Time since last request: 7.922931 seconds.
  path: Assets/MyPrefabs/EnemyShips/NeedleBoy.prefab
  artifactKey: Guid(43b39dcd67c1493428c5329f97f73ad8) Importer(815301076,1909f56bfc062723c751e8b465ee728b)
Start importing Assets/MyPrefabs/EnemyShips/NeedleBoy.prefab using Guid(43b39dcd67c1493428c5329f97f73ad8) Importer(815301076,1909f56bfc062723c751e8b465ee728b)  -> (artifact id: '8d836e8e1384cb307856128b26b8e5f4') in 0.321410 seconds 
========================================================================
Received Import Request.
  Time since last request: 4.280157 seconds.
  path: Assets/MyPrefabs/EnemyShips/NeedleBoy.prefab
  artifactKey: Guid(43b39dcd67c1493428c5329f97f73ad8) Importer(815301076,1909f56bfc062723c751e8b465ee728b)
Start importing Assets/MyPrefabs/EnemyShips/NeedleBoy.prefab using Guid(43b39dcd67c1493428c5329f97f73ad8) Importer(815301076,1909f56bfc062723c751e8b465ee728b)  -> (artifact id: '89b752fd355336fb6d457d79bb9c77ed') in 0.131620 seconds 
========================================================================
Received Import Request.
  Time since last request: 3.785359 seconds.
  path: Assets/MyPrefabs/EnemyShips/NeedleBoy.prefab
  artifactKey: Guid(43b39dcd67c1493428c5329f97f73ad8) Importer(815301076,1909f56bfc062723c751e8b465ee728b)
Start importing Assets/MyPrefabs/EnemyShips/NeedleBoy.prefab using Guid(43b39dcd67c1493428c5329f97f73ad8) Importer(815301076,1909f56bfc062723c751e8b465ee728b)  -> (artifact id: 'fb730f60820139f81e1a8b980fb22262') in 0.100115 seconds 
========================================================================
Received Import Request.
  Time since last request: 3.737318 seconds.
  path: Assets/MyPrefabs
  artifactKey: Guid(0bed6e97525cf32478d27c47342b4053) Importer(815301076,1909f56bfc062723c751e8b465ee728b)
Start importing Assets/MyPrefabs using Guid(0bed6e97525cf32478d27c47342b4053) Importer(815301076,1909f56bfc062723c751e8b465ee728b)  -> (artifact id: '3a950cfb8e60ecd00f810b22055d31e3') in 0.014787 seconds 
========================================================================
Received Import Request.
  Time since last request: 7.231510 seconds.
  path: Assets/MyPrefabs/EnemyShips/Pesky.prefab
  artifactKey: Guid(a1842d0f912a6044daa68f6209eae67b) Importer(815301076,1909f56bfc062723c751e8b465ee728b)
Start importing Assets/MyPrefabs/EnemyShips/Pesky.prefab using Guid(a1842d0f912a6044daa68f6209eae67b) Importer(815301076,1909f56bfc062723c751e8b465ee728b)  -> (artifact id: '8d30887d6adb03ce0db0585d0cea7ffb') in 0.129668 seconds 
========================================================================
Received Import Request.
  Time since last request: 4.055614 seconds.
  path: Assets/MyPrefabs/EnemyShips/Pesky.prefab
  artifactKey: Guid(a1842d0f912a6044daa68f6209eae67b) Importer(815301076,1909f56bfc062723c751e8b465ee728b)
Start importing Assets/MyPrefabs/EnemyShips/Pesky.prefab using Guid(a1842d0f912a6044daa68f6209eae67b) Importer(815301076,1909f56bfc062723c751e8b465ee728b)  -> (artifact id: '45c7cd8ede4a4fd3b049c522ac8ef794') in 0.139154 seconds 
========================================================================
Received Import Request.
  Time since last request: 2.419008 seconds.
  path: Assets/MyPrefabs/EnemyShips/Pesky.prefab
  artifactKey: Guid(a1842d0f912a6044daa68f6209eae67b) Importer(815301076,1909f56bfc062723c751e8b465ee728b)
Start importing Assets/MyPrefabs/EnemyShips/Pesky.prefab using Guid(a1842d0f912a6044daa68f6209eae67b) Importer(815301076,1909f56bfc062723c751e8b465ee728b)  -> (artifact id: '2c82fdafb4cd07d6f634555c8fa2eb45') in 0.133600 seconds 
========================================================================
Received Import Request.
  Time since last request: 6.337736 seconds.
  path: Assets/MyPrefabs/EnemyShips/StarDestroyer.prefab
  artifactKey: Guid(61a44f8ceda007f41b379ae7044bbd39) Importer(815301076,1909f56bfc062723c751e8b465ee728b)
Start importing Assets/MyPrefabs/EnemyShips/StarDestroyer.prefab using Guid(61a44f8ceda007f41b379ae7044bbd39) Importer(815301076,1909f56bfc062723c751e8b465ee728b)  -> (artifact id: 'ee74a167630badafbe1ed4cbfdc20682') in 0.266485 seconds 
========================================================================
Received Import Request.
  Time since last request: 4.032235 seconds.
  path: Assets/MyPrefabs/EnemyShips/StarDestroyer.prefab
  artifactKey: Guid(61a44f8ceda007f41b379ae7044bbd39) Importer(815301076,1909f56bfc062723c751e8b465ee728b)
Start importing Assets/MyPrefabs/EnemyShips/StarDestroyer.prefab using Guid(61a44f8ceda007f41b379ae7044bbd39) Importer(815301076,1909f56bfc062723c751e8b465ee728b)  -> (artifact id: '09e64da62ef9fe20411fc56144a43081') in 0.098200 seconds 
========================================================================
Received Import Request.
  Time since last request: 2.524317 seconds.
  path: Assets/MyPrefabs/EnemyShips/StarDestroyer.prefab
  artifactKey: Guid(61a44f8ceda007f41b379ae7044bbd39) Importer(815301076,1909f56bfc062723c751e8b465ee728b)
Start importing Assets/MyPrefabs/EnemyShips/StarDestroyer.prefab using Guid(61a44f8ceda007f41b379ae7044bbd39) Importer(815301076,1909f56bfc062723c751e8b465ee728b)  -> (artifact id: 'd7b1d511f8949750e20fb5b9287903d2') in 0.103814 seconds 
========================================================================
Received Import Request.
  Time since last request: 5.145326 seconds.
  path: Assets/MyPrefabs/EnemyShips/Trooper1.prefab
  artifactKey: Guid(ba95f8e2edbd0664f8d9024b43e24ddb) Importer(815301076,1909f56bfc062723c751e8b465ee728b)
Start importing Assets/MyPrefabs/EnemyShips/Trooper1.prefab using Guid(ba95f8e2edbd0664f8d9024b43e24ddb) Importer(815301076,1909f56bfc062723c751e8b465ee728b)  -> (artifact id: '1330839876a734497fbaa24ce52ecef3') in 0.125295 seconds 
========================================================================
Received Import Request.
  Time since last request: 3.264634 seconds.
  path: Assets/MyPrefabs/EnemyShips/Trooper1.prefab
  artifactKey: Guid(ba95f8e2edbd0664f8d9024b43e24ddb) Importer(815301076,1909f56bfc062723c751e8b465ee728b)
Start importing Assets/MyPrefabs/EnemyShips/Trooper1.prefab using Guid(ba95f8e2edbd0664f8d9024b43e24ddb) Importer(815301076,1909f56bfc062723c751e8b465ee728b)  -> (artifact id: '112bf88cf7f029f0504f6762b5f67808') in 0.143601 seconds 
========================================================================
Received Import Request.
  Time since last request: 1.765342 seconds.
  path: Assets/MyPrefabs/EnemyShips/Trooper1.prefab
  artifactKey: Guid(ba95f8e2edbd0664f8d9024b43e24ddb) Importer(815301076,1909f56bfc062723c751e8b465ee728b)
Start importing Assets/MyPrefabs/EnemyShips/Trooper1.prefab using Guid(ba95f8e2edbd0664f8d9024b43e24ddb) Importer(815301076,1909f56bfc062723c751e8b465ee728b)  -> (artifact id: 'c55e21f2312d626701a4e287512efc83') in 0.119105 seconds 
========================================================================
Received Import Request.
  Time since last request: 8.980689 seconds.
  path: Assets/MyPrefabs/EnemyShips/Trooper2.prefab
  artifactKey: Guid(3d9c43520779f7342a22d7c2f71bdb39) Importer(815301076,1909f56bfc062723c751e8b465ee728b)
Start importing Assets/MyPrefabs/EnemyShips/Trooper2.prefab using Guid(3d9c43520779f7342a22d7c2f71bdb39) Importer(815301076,1909f56bfc062723c751e8b465ee728b)  -> (artifact id: '2347823e1eab4ae2a4f54bcd57f8941a') in 0.161451 seconds 
========================================================================
Received Import Request.
  Time since last request: 5.247439 seconds.
  path: Assets/MyPrefabs/EnemyShips/Trooper2.prefab
  artifactKey: Guid(3d9c43520779f7342a22d7c2f71bdb39) Importer(815301076,1909f56bfc062723c751e8b465ee728b)
Start importing Assets/MyPrefabs/EnemyShips/Trooper2.prefab using Guid(3d9c43520779f7342a22d7c2f71bdb39) Importer(815301076,1909f56bfc062723c751e8b465ee728b)  -> (artifact id: 'fdab1ab822ca683de0bfff4947d932e0') in 0.085588 seconds 
========================================================================
Received Import Request.
  Time since last request: 2.574202 seconds.
  path: Assets/MyPrefabs/EnemyShips/Trooper2.prefab
  artifactKey: Guid(3d9c43520779f7342a22d7c2f71bdb39) Importer(815301076,1909f56bfc062723c751e8b465ee728b)
Start importing Assets/MyPrefabs/EnemyShips/Trooper2.prefab using Guid(3d9c43520779f7342a22d7c2f71bdb39) Importer(815301076,1909f56bfc062723c751e8b465ee728b)  -> (artifact id: '74180179320685659653642cdddfa2e3') in 0.148225 seconds 
========================================================================
Received Import Request.
  Time since last request: 5.422060 seconds.
  path: Assets/MyPrefabs/EnemyShips/Veider.prefab
  artifactKey: Guid(c8fe79da5e603d247bab60ad01be0aea) Importer(815301076,1909f56bfc062723c751e8b465ee728b)
Start importing Assets/MyPrefabs/EnemyShips/Veider.prefab using Guid(c8fe79da5e603d247bab60ad01be0aea) Importer(815301076,1909f56bfc062723c751e8b465ee728b)  -> (artifact id: '27bfedb9895c1bbfcb4c5dbb6dd19c8e') in 0.122208 seconds 
========================================================================
Received Import Request.
  Time since last request: 4.628524 seconds.
  path: Assets/MyPrefabs/EnemyShips/Veider.prefab
  artifactKey: Guid(c8fe79da5e603d247bab60ad01be0aea) Importer(815301076,1909f56bfc062723c751e8b465ee728b)
Start importing Assets/MyPrefabs/EnemyShips/Veider.prefab using Guid(c8fe79da5e603d247bab60ad01be0aea) Importer(815301076,1909f56bfc062723c751e8b465ee728b)  -> (artifact id: '1271781d1e32cac5fa2914b605673437') in 0.101373 seconds 
========================================================================
Received Import Request.
  Time since last request: 3.130267 seconds.
  path: Assets/MyPrefabs/EnemyShips/Veider.prefab
  artifactKey: Guid(c8fe79da5e603d247bab60ad01be0aea) Importer(815301076,1909f56bfc062723c751e8b465ee728b)
Start importing Assets/MyPrefabs/EnemyShips/Veider.prefab using Guid(c8fe79da5e603d247bab60ad01be0aea) Importer(815301076,1909f56bfc062723c751e8b465ee728b)  -> (artifact id: 'a6b295c6f25a9c9df9d93d9e7fc1847b') in 0.095750 seconds 
========================================================================
Received Prepare
Registering precompiled user dll's ...
Registered in 0.007054 seconds.
Begin MonoManager ReloadAssembly
Symbol file LoadedFromMemory doesn't match image C:\Users\yandreev\Documents\GitHub\UnityExercises\ShootThemAll!\Library\PackageCache\com.unity.visualscripting@1.7.8\Editor\VisualScripting.Core\Dependencies\YamlDotNet\Unity.VisualScripting.YamlDotNet.dll
Symbol file LoadedFromMemory doesn't match image C:\Users\yandreev\Documents\GitHub\UnityExercises\ShootThemAll!\Library\PackageCache\com.unity.visualscripting@1.7.8\Editor\VisualScripting.Core\Dependencies\DotNetZip\Unity.VisualScripting.IonicZip.dll
Native extension for UWP target not found
Native extension for WindowsStandalone target not found
Native extension for Android target not found
Native extension for WebGL target not found
Refreshing native plugins compatible for Editor in 1.32 ms, found 3 plugins.
Preloading 0 native plugins for Editor in 0.00 ms.
Mono: successfully reloaded assembly
- Completed reload, in  1.820 seconds
Domain Reload Profiling:
	ReloadAssembly (1821ms)
		BeginReloadAssembly (192ms)
			ExecutionOrderSort (0ms)
			DisableScriptedObjects (6ms)
			BackupInstance (0ms)
			ReleaseScriptingObjects (0ms)
			CreateAndSetChildDomain (58ms)
		EndReloadAssembly (1492ms)
			LoadAssemblies (128ms)
			RebuildTransferFunctionScriptingTraits (0ms)
			SetupTypeCache (432ms)
			ReleaseScriptCaches (2ms)
			RebuildScriptCaches (63ms)
			SetupLoadedEditorAssemblies (795ms)
				LogAssemblyErrors (0ms)
				InitializePlatformSupportModulesInManaged (55ms)
				SetLoadedEditorAssemblies (1ms)
				RefreshPlugins (1ms)
				BeforeProcessingInitializeOnLoad (118ms)
				ProcessInitializeOnLoadAttributes (566ms)
				ProcessInitializeOnLoadMethodAttributes (39ms)
				AfterProcessingInitializeOnLoad (15ms)
				EditorAssembliesLoaded (0ms)
			ExecutionOrderSort2 (0ms)
			AwakeInstancesAfterBackupRestoration (7ms)
Platform modules already initialized, skipping
Refreshing native plugins compatible for Editor in 3.17 ms, found 3 plugins.
Preloading 0 native plugins for Editor in 0.00 ms.
Unloading 3977 Unused Serialized files (Serialized files now loaded: 0)
Unloading 33 unused Assets / (1.5 MB). Loaded Objects now: 4565.
Memory consumption went from 179.1 MB to 177.6 MB.
Total: 4.285800 ms (FindLiveObjects: 0.356500 ms CreateObjectMapping: 0.156400 ms MarkObjects: 3.337400 ms  DeleteObjects: 0.433400 ms)

AssetImportParameters requested are different than current active one (requested -> active):
  custom:video-decoder-ogg-theora: a1e56fd34408186e4bbccfd4996cb3dc -> 
  custom:container-muxer-webm: aa71ff27fc2769a1b78a27578f13a17b -> 
  custom:container-demuxer-webm: 4f35f7cbe854078d1ac9338744f61a02 -> 
  custom:video-encoder-webm-vp8: eb34c28f22e8b96e1ab97ce403110664 -> 
  custom:video-codec-MediaFoundation-h265: 746d11721c4dcdbdad8f713fa42b33f4 -> 
  custom:audio-encoder-webm-vorbis: bf7c407c2cedff20999df2af8eb42d56 -> 
  custom:framework-win-MediaFoundation: 216162199b28c13a410421893ffa2e32 -> 
  custom:container-demuxer-ogg: 62fdf1f143b41e24485cea50d1cbac27 -> 
  custom:video-decoder-webm-vp8: 9c59270c3fd7afecdb556c50c9e8de78 -> 
  custom:audio-decoder-ogg-vorbis: bf7c407c2cedff20999df2af8eb42d56 -> 
========================================================================
Received Prepare
Registering precompiled user dll's ...
Registered in 0.006854 seconds.
Begin MonoManager ReloadAssembly
Symbol file LoadedFromMemory doesn't match image C:\Users\yandreev\Documents\GitHub\UnityExercises\ShootThemAll!\Library\PackageCache\com.unity.visualscripting@1.7.8\Editor\VisualScripting.Core\Dependencies\YamlDotNet\Unity.VisualScripting.YamlDotNet.dll
Symbol file LoadedFromMemory doesn't match image C:\Users\yandreev\Documents\GitHub\UnityExercises\ShootThemAll!\Library\PackageCache\com.unity.visualscripting@1.7.8\Editor\VisualScripting.Core\Dependencies\DotNetZip\Unity.VisualScripting.IonicZip.dll
Native extension for UWP target not found
Native extension for WindowsStandalone target not found
Native extension for Android target not found
Native extension for WebGL target not found
Refreshing native plugins compatible for Editor in 0.99 ms, found 3 plugins.
Preloading 0 native plugins for Editor in 0.00 ms.
Mono: successfully reloaded assembly
- Completed reload, in  1.826 seconds
Domain Reload Profiling:
	ReloadAssembly (1827ms)
		BeginReloadAssembly (201ms)
			ExecutionOrderSort (0ms)
			DisableScriptedObjects (8ms)
			BackupInstance (0ms)
			ReleaseScriptingObjects (0ms)
			CreateAndSetChildDomain (48ms)
		EndReloadAssembly (1483ms)
			LoadAssemblies (131ms)
			RebuildTransferFunctionScriptingTraits (0ms)
			SetupTypeCache (441ms)
			ReleaseScriptCaches (1ms)
			RebuildScriptCaches (69ms)
			SetupLoadedEditorAssemblies (745ms)
				LogAssemblyErrors (0ms)
				InitializePlatformSupportModulesInManaged (50ms)
				SetLoadedEditorAssemblies (1ms)
				RefreshPlugins (1ms)
				BeforeProcessingInitializeOnLoad (103ms)
				ProcessInitializeOnLoadAttributes (534ms)
				ProcessInitializeOnLoadMethodAttributes (46ms)
				AfterProcessingInitializeOnLoad (10ms)
				EditorAssembliesLoaded (0ms)
			ExecutionOrderSort2 (0ms)
			AwakeInstancesAfterBackupRestoration (7ms)
Platform modules already initialized, skipping
Refreshing native plugins compatible for Editor in 3.24 ms, found 3 plugins.
Preloading 0 native plugins for Editor in 0.00 ms.
Unloading 3977 Unused Serialized files (Serialized files now loaded: 0)
Unloading 31 unused Assets / (1.5 MB). Loaded Objects now: 4568.
Memory consumption went from 179.1 MB to 177.6 MB.
Total: 9.990500 ms (FindLiveObjects: 3.070600 ms CreateObjectMapping: 1.117200 ms MarkObjects: 5.392700 ms  DeleteObjects: 0.406300 ms)

AssetImportParameters requested are different than current active one (requested -> active):
  custom:video-decoder-ogg-theora: a1e56fd34408186e4bbccfd4996cb3dc -> 
  custom:container-muxer-webm: aa71ff27fc2769a1b78a27578f13a17b -> 
  custom:container-demuxer-webm: 4f35f7cbe854078d1ac9338744f61a02 -> 
  custom:video-encoder-webm-vp8: eb34c28f22e8b96e1ab97ce403110664 -> 
  custom:video-codec-MediaFoundation-h265: 746d11721c4dcdbdad8f713fa42b33f4 -> 
  custom:audio-encoder-webm-vorbis: bf7c407c2cedff20999df2af8eb42d56 -> 
  custom:framework-win-MediaFoundation: 216162199b28c13a410421893ffa2e32 -> 
  custom:container-demuxer-ogg: 62fdf1f143b41e24485cea50d1cbac27 -> 
  custom:video-decoder-webm-vp8: 9c59270c3fd7afecdb556c50c9e8de78 -> 
  custom:audio-decoder-ogg-vorbis: bf7c407c2cedff20999df2af8eb42d56 -> 
