Using pre-set license
Built from '2021.3/release' branch; Version is '2021.3.12f1 (8af3c3e441b1) revision 9106371'; Using compiler version '192829333'; Build Type 'Release'
OS: 'Windows 10  (10.0.19044) 64bit Professional' Language: 'en' Physical Memory: 8057 MB
BatchMode: 1, IsHumanControllingUs: 0, StartBugReporterOnCrash: 0, Is64bit: 1, IsPro: 1

COMMAND LINE ARGUMENTS:
C:\Program Files\Unity\Hub\Editor\2021.3.12f1\Editor\Unity.exe
-adb2
-batchMode
-noUpm
-name
AssetImportWorker2
-projectPath
C:/Users/yandreev/Documents/GitHub/UnityExercises/ShootThemAll!
-logFile
Logs/AssetImportWorker2.log
-srvPort
49213
Successfully changed project path to: C:/Users/yandreev/Documents/GitHub/UnityExercises/ShootThemAll!
C:/Users/yandreev/Documents/GitHub/UnityExercises/ShootThemAll!
[UnityMemory] Configuration Parameters - Can be set up in boot.config
    "memorysetup-bucket-allocator-granularity=16"
    "memorysetup-bucket-allocator-bucket-count=8"
    "memorysetup-bucket-allocator-block-size=33554432"
    "memorysetup-bucket-allocator-block-count=8"
    "memorysetup-main-allocator-block-size=16777216"
    "memorysetup-thread-allocator-block-size=16777216"
    "memorysetup-gfx-main-allocator-block-size=16777216"
    "memorysetup-gfx-thread-allocator-block-size=16777216"
    "memorysetup-cache-allocator-block-size=4194304"
    "memorysetup-typetree-allocator-block-size=2097152"
    "memorysetup-profiler-bucket-allocator-granularity=16"
    "memorysetup-profiler-bucket-allocator-bucket-count=8"
    "memorysetup-profiler-bucket-allocator-block-size=33554432"
    "memorysetup-profiler-bucket-allocator-block-count=8"
    "memorysetup-profiler-allocator-block-size=16777216"
    "memorysetup-profiler-editor-allocator-block-size=1048576"
    "memorysetup-temp-allocator-size-main=16777216"
    "memorysetup-job-temp-allocator-block-size=2097152"
    "memorysetup-job-temp-allocator-block-size-background=1048576"
    "memorysetup-job-temp-allocator-reduction-small-platforms=262144"
    "memorysetup-temp-allocator-size-background-worker=32768"
    "memorysetup-temp-allocator-size-job-worker=262144"
    "memorysetup-temp-allocator-size-preload-manager=33554432"
    "memorysetup-temp-allocator-size-nav-mesh-worker=65536"
    "memorysetup-temp-allocator-size-audio-worker=65536"
    "memorysetup-temp-allocator-size-cloud-worker=32768"
    "memorysetup-temp-allocator-size-gi-baking-worker=262144"
    "memorysetup-temp-allocator-size-gfx=262144"
Refreshing native plugins compatible for Editor in 130.34 ms, found 3 plugins.
Preloading 0 native plugins for Editor in 0.00 ms.
Initialize engine version: 2021.3.12f1 (8af3c3e441b1)
[Subsystems] Discovering subsystems at path C:/Program Files/Unity/Hub/Editor/2021.3.12f1/Editor/Data/Resources/UnitySubsystems
[Subsystems] Discovering subsystems at path C:/Users/yandreev/Documents/GitHub/UnityExercises/ShootThemAll!/Assets
GfxDevice: creating device client; threaded=0; jobified=0
Direct3D:
    Version:  Direct3D 11.0 [level 11.1]
    Renderer: Intel(R) HD Graphics 4400 (ID=0x41e)
    Vendor:   Intel
    VRAM:     2048 MB
    Driver:   20.19.15.4835
Initialize mono
Mono path[0] = 'C:/Program Files/Unity/Hub/Editor/2021.3.12f1/Editor/Data/Managed'
Mono path[1] = 'C:/Program Files/Unity/Hub/Editor/2021.3.12f1/Editor/Data/MonoBleedingEdge/lib/mono/unityjit-win32'
Mono config path = 'C:/Program Files/Unity/Hub/Editor/2021.3.12f1/Editor/Data/MonoBleedingEdge/etc'
Using monoOptions --debugger-agent=transport=dt_socket,embedding=1,server=y,suspend=n,address=127.0.0.1:56616
Begin MonoManager ReloadAssembly
Registering precompiled unity dll's ...
Register platform support module: C:/Program Files/Unity/Hub/Editor/2021.3.12f1/Editor/Data/PlaybackEngines/WebGLSupport/UnityEditor.WebGL.Extensions.dll
Register platform support module: C:/Program Files/Unity/Hub/Editor/2021.3.12f1/Editor/Data/PlaybackEngines/AndroidPlayer/UnityEditor.Android.Extensions.dll
Register platform support module: C:/Program Files/Unity/Hub/Editor/2021.3.12f1/Editor/Data/PlaybackEngines/WindowsStandaloneSupport/UnityEditor.WindowsStandalone.Extensions.dll
Register platform support module: C:/Program Files/Unity/Hub/Editor/2021.3.12f1/Editor/Data/PlaybackEngines/MetroSupport/UnityEditor.UWP.Extensions.dll
Registered in 0.020147 seconds.
Native extension for UWP target not found
Native extension for WindowsStandalone target not found
Native extension for Android target not found
Native extension for WebGL target not found
Refreshing native plugins compatible for Editor in 160.97 ms, found 3 plugins.
Preloading 0 native plugins for Editor in 0.00 ms.
Mono: successfully reloaded assembly
- Completed reload, in  1.405 seconds
Domain Reload Profiling:
	ReloadAssembly (1406ms)
		BeginReloadAssembly (160ms)
			ExecutionOrderSort (0ms)
			DisableScriptedObjects (0ms)
			BackupInstance (0ms)
			ReleaseScriptingObjects (0ms)
			CreateAndSetChildDomain (1ms)
		EndReloadAssembly (994ms)
			LoadAssemblies (162ms)
			RebuildTransferFunctionScriptingTraits (0ms)
			SetupTypeCache (217ms)
			ReleaseScriptCaches (0ms)
			RebuildScriptCaches (55ms)
			SetupLoadedEditorAssemblies (612ms)
				LogAssemblyErrors (0ms)
				InitializePlatformSupportModulesInManaged (128ms)
				SetLoadedEditorAssemblies (3ms)
				RefreshPlugins (161ms)
				BeforeProcessingInitializeOnLoad (2ms)
				ProcessInitializeOnLoadAttributes (216ms)
				ProcessInitializeOnLoadMethodAttributes (100ms)
				AfterProcessingInitializeOnLoad (0ms)
				EditorAssembliesLoaded (0ms)
			ExecutionOrderSort2 (0ms)
			AwakeInstancesAfterBackupRestoration (0ms)
Platform modules already initialized, skipping
Registering precompiled user dll's ...
Registered in 0.013250 seconds.
Begin MonoManager ReloadAssembly
Symbol file LoadedFromMemory doesn't match image C:\Users\yandreev\Documents\GitHub\UnityExercises\ShootThemAll!\Library\PackageCache\com.unity.visualscripting@1.7.8\Editor\VisualScripting.Core\Dependencies\YamlDotNet\Unity.VisualScripting.YamlDotNet.dll
Symbol file LoadedFromMemory doesn't match image C:\Users\yandreev\Documents\GitHub\UnityExercises\ShootThemAll!\Library\PackageCache\com.unity.visualscripting@1.7.8\Editor\VisualScripting.Core\Dependencies\DotNetZip\Unity.VisualScripting.IonicZip.dll
Native extension for UWP target not found
Native extension for WindowsStandalone target not found
Native extension for Android target not found
Native extension for WebGL target not found
Refreshing native plugins compatible for Editor in 139.26 ms, found 3 plugins.
Preloading 0 native plugins for Editor in 0.00 ms.
Mono: successfully reloaded assembly
- Completed reload, in  3.479 seconds
Domain Reload Profiling:
	ReloadAssembly (3480ms)
		BeginReloadAssembly (325ms)
			ExecutionOrderSort (0ms)
			DisableScriptedObjects (7ms)
			BackupInstance (0ms)
			ReleaseScriptingObjects (0ms)
			CreateAndSetChildDomain (146ms)
		EndReloadAssembly (2860ms)
			LoadAssemblies (495ms)
			RebuildTransferFunctionScriptingTraits (0ms)
			SetupTypeCache (527ms)
			ReleaseScriptCaches (1ms)
			RebuildScriptCaches (107ms)
			SetupLoadedEditorAssemblies (1672ms)
				LogAssemblyErrors (0ms)
				InitializePlatformSupportModulesInManaged (36ms)
				SetLoadedEditorAssemblies (0ms)
				RefreshPlugins (139ms)
				BeforeProcessingInitializeOnLoad (151ms)
				ProcessInitializeOnLoadAttributes (1226ms)
				ProcessInitializeOnLoadMethodAttributes (96ms)
				AfterProcessingInitializeOnLoad (23ms)
				EditorAssembliesLoaded (0ms)
			ExecutionOrderSort2 (0ms)
			AwakeInstancesAfterBackupRestoration (12ms)
Platform modules already initialized, skipping
========================================================================
Worker process is ready to serve import requests
Launched and connected shader compiler UnityShaderCompiler.exe after 0.58 seconds
Refreshing native plugins compatible for Editor in 1.62 ms, found 3 plugins.
Preloading 0 native plugins for Editor in 0.00 ms.
Unloading 4042 Unused Serialized files (Serialized files now loaded: 0)
Unloading 49 unused Assets / (1.5 MB). Loaded Objects now: 4550.
Memory consumption went from 180.9 MB to 179.4 MB.
Total: 5.669700 ms (FindLiveObjects: 0.761000 ms CreateObjectMapping: 0.591500 ms MarkObjects: 3.752500 ms  DeleteObjects: 0.563200 ms)

AssetImportParameters requested are different than current active one (requested -> active):
  custom:video-decoder-ogg-theora: a1e56fd34408186e4bbccfd4996cb3dc -> 
  custom:container-muxer-webm: aa71ff27fc2769a1b78a27578f13a17b -> 
  custom:container-demuxer-webm: 4f35f7cbe854078d1ac9338744f61a02 -> 
  custom:video-encoder-webm-vp8: eb34c28f22e8b96e1ab97ce403110664 -> 
  custom:video-codec-MediaFoundation-h265: 746d11721c4dcdbdad8f713fa42b33f4 -> 
  custom:audio-encoder-webm-vorbis: bf7c407c2cedff20999df2af8eb42d56 -> 
  custom:framework-win-MediaFoundation: 216162199b28c13a410421893ffa2e32 -> 
  custom:container-demuxer-ogg: 62fdf1f143b41e24485cea50d1cbac27 -> 
  custom:video-decoder-webm-vp8: 9c59270c3fd7afecdb556c50c9e8de78 -> 
  custom:audio-decoder-ogg-vorbis: bf7c407c2cedff20999df2af8eb42d56 -> 
========================================================================
Received Import Request.
  Time since last request: 141127.407929 seconds.
  path: Assets/MyPrefabs/EnemyShips/StarDestroyer.prefab
  artifactKey: Guid(61a44f8ceda007f41b379ae7044bbd39) Importer(815301076,1909f56bfc062723c751e8b465ee728b)
Start importing Assets/MyPrefabs/EnemyShips/StarDestroyer.prefab using Guid(61a44f8ceda007f41b379ae7044bbd39) Importer(815301076,1909f56bfc062723c751e8b465ee728b)  -> (artifact id: '0c249912d6dcebdaca9dd315006abf04') in 1.451269 seconds 
========================================================================
Received Import Request.
  Time since last request: 0.000040 seconds.
  path: Assets/MyPrefabs/EnemyShips/NeedleBoy.prefab
  artifactKey: Guid(43b39dcd67c1493428c5329f97f73ad8) Importer(815301076,1909f56bfc062723c751e8b465ee728b)
Start importing Assets/MyPrefabs/EnemyShips/NeedleBoy.prefab using Guid(43b39dcd67c1493428c5329f97f73ad8) Importer(815301076,1909f56bfc062723c751e8b465ee728b)  -> (artifact id: '97fb430b8eade8c0967d783e8d991c6c') in 0.337915 seconds 
========================================================================
Received Import Request.
  Time since last request: 0.000049 seconds.
  path: Assets/MyPrefabs/EnemyShips/Trooper1.prefab
  artifactKey: Guid(ba95f8e2edbd0664f8d9024b43e24ddb) Importer(815301076,1909f56bfc062723c751e8b465ee728b)
Start importing Assets/MyPrefabs/EnemyShips/Trooper1.prefab using Guid(ba95f8e2edbd0664f8d9024b43e24ddb) Importer(815301076,1909f56bfc062723c751e8b465ee728b)  -> (artifact id: '2ac4f4d0837ab854c82129e3f13432a4') in 0.333993 seconds 
========================================================================
Received Import Request.
  Time since last request: 0.000046 seconds.
  path: Assets/MyPrefabs/EnemyShips/Destroyer.prefab
  artifactKey: Guid(aa54cda18305fea4e871a12d2978dd16) Importer(815301076,1909f56bfc062723c751e8b465ee728b)
Start importing Assets/MyPrefabs/EnemyShips/Destroyer.prefab using Guid(aa54cda18305fea4e871a12d2978dd16) Importer(815301076,1909f56bfc062723c751e8b465ee728b)  -> (artifact id: '39ddc331c8abec55d75ba7776b13c7cc') in 0.271048 seconds 
========================================================================
Received Import Request.
  Time since last request: 0.000058 seconds.
  path: Assets/MyPrefabs/EnemyShips/Pesky.prefab
  artifactKey: Guid(a1842d0f912a6044daa68f6209eae67b) Importer(815301076,1909f56bfc062723c751e8b465ee728b)
Start importing Assets/MyPrefabs/EnemyShips/Pesky.prefab using Guid(a1842d0f912a6044daa68f6209eae67b) Importer(815301076,1909f56bfc062723c751e8b465ee728b)  -> (artifact id: 'ed99ed2cef5f9b88c43ad3250f260209') in 0.283910 seconds 
========================================================================
Received Import Request.
  Time since last request: 0.000034 seconds.
  path: Assets/MyPrefabs/EnemyShips/Annoyng.prefab
  artifactKey: Guid(7569720e96ab54d4f8c6fee443ca0d1b) Importer(815301076,1909f56bfc062723c751e8b465ee728b)
Start importing Assets/MyPrefabs/EnemyShips/Annoyng.prefab using Guid(7569720e96ab54d4f8c6fee443ca0d1b) Importer(815301076,1909f56bfc062723c751e8b465ee728b)  -> (artifact id: 'b5d08cbb142d47c2e64f57c1183872c1') in 0.191397 seconds 
========================================================================
Received Import Request.
  Time since last request: 0.000057 seconds.
  path: Assets/MyPrefabs/EnemyShips/FastMashine.prefab
  artifactKey: Guid(88b1521f081dd384fb3885b63d745b8e) Importer(815301076,1909f56bfc062723c751e8b465ee728b)
Start importing Assets/MyPrefabs/EnemyShips/FastMashine.prefab using Guid(88b1521f081dd384fb3885b63d745b8e) Importer(815301076,1909f56bfc062723c751e8b465ee728b)  -> (artifact id: 'da06edf0ccdc9f95d086e543fd4600ab') in 0.304482 seconds 
========================================================================
Received Import Request.
  Time since last request: 0.000129 seconds.
  path: Assets/MyPrefabs/EnemyShips/Fly.prefab
  artifactKey: Guid(19902c7acca6c184590f72530964b58d) Importer(815301076,1909f56bfc062723c751e8b465ee728b)
Start importing Assets/MyPrefabs/EnemyShips/Fly.prefab using Guid(19902c7acca6c184590f72530964b58d) Importer(815301076,1909f56bfc062723c751e8b465ee728b)  -> (artifact id: '57e74e8d3c3fbf7305c52d62c0563751') in 0.338429 seconds 
========================================================================
Received Import Request.
  Time since last request: 0.000053 seconds.
  path: Assets/MyPrefabs/EnemyShips/Veider.prefab
  artifactKey: Guid(c8fe79da5e603d247bab60ad01be0aea) Importer(815301076,1909f56bfc062723c751e8b465ee728b)
Start importing Assets/MyPrefabs/EnemyShips/Veider.prefab using Guid(c8fe79da5e603d247bab60ad01be0aea) Importer(815301076,1909f56bfc062723c751e8b465ee728b)  -> (artifact id: '6b494e059a7268cd7581e730cd633afc') in 0.183583 seconds 
========================================================================
Received Import Request.
  Time since last request: 0.000046 seconds.
  path: Assets/MyPrefabs/EnemyShips/Trooper2.prefab
  artifactKey: Guid(3d9c43520779f7342a22d7c2f71bdb39) Importer(815301076,1909f56bfc062723c751e8b465ee728b)
Start importing Assets/MyPrefabs/EnemyShips/Trooper2.prefab using Guid(3d9c43520779f7342a22d7c2f71bdb39) Importer(815301076,1909f56bfc062723c751e8b465ee728b)  -> (artifact id: '75e46db66603baf80d7b691688b37c91') in 0.192600 seconds 
========================================================================
Received Import Request.
  Time since last request: 0.000059 seconds.
  path: Assets/MyPrefabs/EnemyShips/Humongus.prefab
  artifactKey: Guid(bfcaa24f8875bf240b919821037ac964) Importer(815301076,1909f56bfc062723c751e8b465ee728b)
Start importing Assets/MyPrefabs/EnemyShips/Humongus.prefab using Guid(bfcaa24f8875bf240b919821037ac964) Importer(815301076,1909f56bfc062723c751e8b465ee728b)  -> (artifact id: '0a281a1bbf34fbb29e8794c6c1260ab7') in 0.310500 seconds 
========================================================================
Received Import Request.
  Time since last request: 2373.718995 seconds.
  path: Assets/MyPrefabs/Laser 1.prefab
  artifactKey: Guid(c7322e6d50565d54b979df832c9b34c7) Importer(815301076,1909f56bfc062723c751e8b465ee728b)
Start importing Assets/MyPrefabs/Laser 1.prefab using Guid(c7322e6d50565d54b979df832c9b34c7) Importer(815301076,1909f56bfc062723c751e8b465ee728b)  -> (artifact id: 'e0722e3be8d54d3c7bdd59590583b227') in 0.145213 seconds 
========================================================================
Received Import Request.
  Time since last request: 12.499432 seconds.
  path: Assets/MyPrefabs/HumongusLaser.prefab
  artifactKey: Guid(c7322e6d50565d54b979df832c9b34c7) Importer(815301076,1909f56bfc062723c751e8b465ee728b)
Start importing Assets/MyPrefabs/HumongusLaser.prefab using Guid(c7322e6d50565d54b979df832c9b34c7) Importer(815301076,1909f56bfc062723c751e8b465ee728b)  -> (artifact id: 'd1581ca04d4520f324cd827eef7dcc76') in 0.036111 seconds 
========================================================================
Received Import Request.
  Time since last request: 28.019240 seconds.
  path: Assets/MyPrefabs/HumongusLaser.prefab
  artifactKey: Guid(c7322e6d50565d54b979df832c9b34c7) Importer(815301076,1909f56bfc062723c751e8b465ee728b)
Start importing Assets/MyPrefabs/HumongusLaser.prefab using Guid(c7322e6d50565d54b979df832c9b34c7) Importer(815301076,1909f56bfc062723c751e8b465ee728b)  -> (artifact id: '979395ef4e9a52ff8723e66c0c62deed') in 0.029783 seconds 
========================================================================
Received Import Request.
  Time since last request: 20.799340 seconds.
  path: Assets/MyPrefabs/HumongusLaser.prefab
  artifactKey: Guid(c7322e6d50565d54b979df832c9b34c7) Importer(815301076,1909f56bfc062723c751e8b465ee728b)
Start importing Assets/MyPrefabs/HumongusLaser.prefab using Guid(c7322e6d50565d54b979df832c9b34c7) Importer(815301076,1909f56bfc062723c751e8b465ee728b)  -> (artifact id: 'f369fff42825fbe8ddffd3153537f13c') in 0.035001 seconds 
========================================================================
Received Import Request.
  Time since last request: 11.017369 seconds.
  path: Assets/MyPrefabs/HumongusLaser.prefab
  artifactKey: Guid(c7322e6d50565d54b979df832c9b34c7) Importer(815301076,1909f56bfc062723c751e8b465ee728b)
Start importing Assets/MyPrefabs/HumongusLaser.prefab using Guid(c7322e6d50565d54b979df832c9b34c7) Importer(815301076,1909f56bfc062723c751e8b465ee728b)  -> (artifact id: '071d91ffb7a84438264d13d52edaf682') in 0.029573 seconds 
========================================================================
Received Import Request.
  Time since last request: 18.510081 seconds.
  path: Assets/MyPrefabs/HumongusLaser.prefab
  artifactKey: Guid(c7322e6d50565d54b979df832c9b34c7) Importer(815301076,1909f56bfc062723c751e8b465ee728b)
Start importing Assets/MyPrefabs/HumongusLaser.prefab using Guid(c7322e6d50565d54b979df832c9b34c7) Importer(815301076,1909f56bfc062723c751e8b465ee728b)  -> (artifact id: 'ad9c5814ea1d6003ac0585497537afbe') in 0.047828 seconds 
========================================================================
Received Import Request.
  Time since last request: 25.894784 seconds.
  path: Assets/MyPrefabs/HumongusLaser.prefab
  artifactKey: Guid(c7322e6d50565d54b979df832c9b34c7) Importer(815301076,1909f56bfc062723c751e8b465ee728b)
Start importing Assets/MyPrefabs/HumongusLaser.prefab using Guid(c7322e6d50565d54b979df832c9b34c7) Importer(815301076,1909f56bfc062723c751e8b465ee728b)  -> (artifact id: 'b27aeab809c2d251414b8166cf7da25c') in 0.029669 seconds 
========================================================================
Received Import Request.
  Time since last request: 15.779352 seconds.
  path: Assets/MyPrefabs/HumongusLaser.prefab
  artifactKey: Guid(c7322e6d50565d54b979df832c9b34c7) Importer(815301076,1909f56bfc062723c751e8b465ee728b)
Start importing Assets/MyPrefabs/HumongusLaser.prefab using Guid(c7322e6d50565d54b979df832c9b34c7) Importer(815301076,1909f56bfc062723c751e8b465ee728b)  -> (artifact id: '7df9c4ca7a0956e480d6ed1d58d1c379') in 0.028462 seconds 
========================================================================
Received Import Request.
  Time since last request: 20.013180 seconds.
  path: Assets/MyPrefabs/HumongusLaser.prefab
  artifactKey: Guid(c7322e6d50565d54b979df832c9b34c7) Importer(815301076,1909f56bfc062723c751e8b465ee728b)
Start importing Assets/MyPrefabs/HumongusLaser.prefab using Guid(c7322e6d50565d54b979df832c9b34c7) Importer(815301076,1909f56bfc062723c751e8b465ee728b)  -> (artifact id: '4af2ca8ee61120eeaeecd55c071048fa') in 0.029366 seconds 
========================================================================
Received Import Request.
  Time since last request: 8.405163 seconds.
  path: Assets/MyPrefabs/HumongusLaser.prefab
  artifactKey: Guid(c7322e6d50565d54b979df832c9b34c7) Importer(815301076,1909f56bfc062723c751e8b465ee728b)
Start importing Assets/MyPrefabs/HumongusLaser.prefab using Guid(c7322e6d50565d54b979df832c9b34c7) Importer(815301076,1909f56bfc062723c751e8b465ee728b)  -> (artifact id: 'c04436fa0f4a0ba6e8bda0d320561f51') in 0.030686 seconds 
========================================================================
Received Import Request.
  Time since last request: 7.510218 seconds.
  path: Assets/MyPrefabs/HumongusLaser.prefab
  artifactKey: Guid(c7322e6d50565d54b979df832c9b34c7) Importer(815301076,1909f56bfc062723c751e8b465ee728b)
Start importing Assets/MyPrefabs/HumongusLaser.prefab using Guid(c7322e6d50565d54b979df832c9b34c7) Importer(815301076,1909f56bfc062723c751e8b465ee728b)  -> (artifact id: '6e1ddc595f22bab1f1d8af63012ac08b') in 0.029986 seconds 
========================================================================
Received Import Request.
  Time since last request: 31.341911 seconds.
  path: Assets/MyPrefabs/HumongusLaser.prefab
  artifactKey: Guid(c7322e6d50565d54b979df832c9b34c7) Importer(815301076,1909f56bfc062723c751e8b465ee728b)
Start importing Assets/MyPrefabs/HumongusLaser.prefab using Guid(c7322e6d50565d54b979df832c9b34c7) Importer(815301076,1909f56bfc062723c751e8b465ee728b)  -> (artifact id: '00481e58cd1d492f6538cc18dde1e3d8') in 0.027388 seconds 
========================================================================
Received Import Request.
  Time since last request: 18.490119 seconds.
  path: Assets/MyPrefabs/HumongusLaser.prefab
  artifactKey: Guid(c7322e6d50565d54b979df832c9b34c7) Importer(815301076,1909f56bfc062723c751e8b465ee728b)
Start importing Assets/MyPrefabs/HumongusLaser.prefab using Guid(c7322e6d50565d54b979df832c9b34c7) Importer(815301076,1909f56bfc062723c751e8b465ee728b)  -> (artifact id: '74e447e7cea7f34de7c01e4a79505345') in 0.049551 seconds 
========================================================================
Received Import Request.
  Time since last request: 4.344450 seconds.
  path: Assets/MyPrefabs/HumongusLaser.prefab
  artifactKey: Guid(c7322e6d50565d54b979df832c9b34c7) Importer(815301076,1909f56bfc062723c751e8b465ee728b)
Start importing Assets/MyPrefabs/HumongusLaser.prefab using Guid(c7322e6d50565d54b979df832c9b34c7) Importer(815301076,1909f56bfc062723c751e8b465ee728b)  -> (artifact id: '123e540f7ddcb4e0057a7acd6c8be3a0') in 0.034892 seconds 
========================================================================
Received Import Request.
  Time since last request: 24.211959 seconds.
  path: Assets/MyPrefabs/HumongusLaser.prefab
  artifactKey: Guid(c7322e6d50565d54b979df832c9b34c7) Importer(815301076,1909f56bfc062723c751e8b465ee728b)
Start importing Assets/MyPrefabs/HumongusLaser.prefab using Guid(c7322e6d50565d54b979df832c9b34c7) Importer(815301076,1909f56bfc062723c751e8b465ee728b)  -> (artifact id: '6008a81f517dcac5160dc27eeb44d17f') in 0.035340 seconds 
========================================================================
Received Import Request.
  Time since last request: 9.721673 seconds.
  path: Assets/MyPrefabs/HumongusLaser.prefab
  artifactKey: Guid(c7322e6d50565d54b979df832c9b34c7) Importer(815301076,1909f56bfc062723c751e8b465ee728b)
Start importing Assets/MyPrefabs/HumongusLaser.prefab using Guid(c7322e6d50565d54b979df832c9b34c7) Importer(815301076,1909f56bfc062723c751e8b465ee728b)  -> (artifact id: '0b99a4b675197765ab20351995146445') in 0.027109 seconds 
========================================================================
Received Import Request.
  Time since last request: 31.612880 seconds.
  path: Assets/MyPrefabs/HumongusLaser.prefab
  artifactKey: Guid(c7322e6d50565d54b979df832c9b34c7) Importer(815301076,1909f56bfc062723c751e8b465ee728b)
Start importing Assets/MyPrefabs/HumongusLaser.prefab using Guid(c7322e6d50565d54b979df832c9b34c7) Importer(815301076,1909f56bfc062723c751e8b465ee728b)  -> (artifact id: '51d9df525efba210f2aa7904bfd9f9a3') in 0.071703 seconds 
========================================================================
Received Import Request.
  Time since last request: 14.359105 seconds.
  path: Assets/MyPrefabs/HumongusLaser.prefab
  artifactKey: Guid(c7322e6d50565d54b979df832c9b34c7) Importer(815301076,1909f56bfc062723c751e8b465ee728b)
Start importing Assets/MyPrefabs/HumongusLaser.prefab using Guid(c7322e6d50565d54b979df832c9b34c7) Importer(815301076,1909f56bfc062723c751e8b465ee728b)  -> (artifact id: '8a621c6c8da3b18c1975441675aa2198') in 0.027431 seconds 
========================================================================
Received Import Request.
  Time since last request: 4.698851 seconds.
  path: Assets/MyPrefabs/HumongusLaser.prefab
  artifactKey: Guid(c7322e6d50565d54b979df832c9b34c7) Importer(815301076,1909f56bfc062723c751e8b465ee728b)
Start importing Assets/MyPrefabs/HumongusLaser.prefab using Guid(c7322e6d50565d54b979df832c9b34c7) Importer(815301076,1909f56bfc062723c751e8b465ee728b)  -> (artifact id: 'd2263f58f616374054b7bc9683f5a86a') in 0.029516 seconds 
========================================================================
Received Import Request.
  Time since last request: 2.719939 seconds.
  path: Assets/MyPrefabs/HumongusLaser.prefab
  artifactKey: Guid(c7322e6d50565d54b979df832c9b34c7) Importer(815301076,1909f56bfc062723c751e8b465ee728b)
Start importing Assets/MyPrefabs/HumongusLaser.prefab using Guid(c7322e6d50565d54b979df832c9b34c7) Importer(815301076,1909f56bfc062723c751e8b465ee728b)  -> (artifact id: '059420009fbeb4a849397381de37a946') in 0.032221 seconds 
========================================================================
Received Import Request.
  Time since last request: 3.665131 seconds.
  path: Assets/MyPrefabs/HumongusLaser.prefab
  artifactKey: Guid(c7322e6d50565d54b979df832c9b34c7) Importer(815301076,1909f56bfc062723c751e8b465ee728b)
Start importing Assets/MyPrefabs/HumongusLaser.prefab using Guid(c7322e6d50565d54b979df832c9b34c7) Importer(815301076,1909f56bfc062723c751e8b465ee728b)  -> (artifact id: 'd6646b621197ed4ba2bcf6baf838d6c1') in 0.138318 seconds 
========================================================================
Received Import Request.
  Time since last request: 6.159631 seconds.
  path: Assets/MyPrefabs/HumongusLaser.prefab
  artifactKey: Guid(c7322e6d50565d54b979df832c9b34c7) Importer(815301076,1909f56bfc062723c751e8b465ee728b)
Start importing Assets/MyPrefabs/HumongusLaser.prefab using Guid(c7322e6d50565d54b979df832c9b34c7) Importer(815301076,1909f56bfc062723c751e8b465ee728b)  -> (artifact id: '20ffd35b69ac9bee3c799e6f7d8c3cdc') in 0.034998 seconds 
========================================================================
Received Import Request.
  Time since last request: 42.295203 seconds.
  path: Assets/OutsideAssets/Particles/Particle Square.png
  artifactKey: Guid(2963cc06c0ffac94c8dc1a0c50c0974d) Importer(815301076,1909f56bfc062723c751e8b465ee728b)
Start importing Assets/OutsideAssets/Particles/Particle Square.png using Guid(2963cc06c0ffac94c8dc1a0c50c0974d) Importer(815301076,1909f56bfc062723c751e8b465ee728b)  -> (artifact id: 'e4898fe03ad4f817c9df2000935fef48') in 0.277156 seconds 
========================================================================
Received Import Request.
  Time since last request: 77.688675 seconds.
  path: Assets/MyPrefabs/HumongusLaser.prefab
  artifactKey: Guid(c7322e6d50565d54b979df832c9b34c7) Importer(815301076,1909f56bfc062723c751e8b465ee728b)
Start importing Assets/MyPrefabs/HumongusLaser.prefab using Guid(c7322e6d50565d54b979df832c9b34c7) Importer(815301076,1909f56bfc062723c751e8b465ee728b)  -> (artifact id: 'ffc6df42fdc7ad8a81cd45d1b2df16c5') in 0.032090 seconds 
========================================================================
Received Import Request.
  Time since last request: 13.698273 seconds.
  path: Assets/MyPrefabs/HumongusLaser.prefab
  artifactKey: Guid(c7322e6d50565d54b979df832c9b34c7) Importer(815301076,1909f56bfc062723c751e8b465ee728b)
Start importing Assets/MyPrefabs/HumongusLaser.prefab using Guid(c7322e6d50565d54b979df832c9b34c7) Importer(815301076,1909f56bfc062723c751e8b465ee728b)  -> (artifact id: '9b4f094c4b35a928c4ee7fb920c4190a') in 0.039427 seconds 
========================================================================
Received Import Request.
  Time since last request: 19.195747 seconds.
  path: Assets/MyPrefabs/HumongusLaser.prefab
  artifactKey: Guid(c7322e6d50565d54b979df832c9b34c7) Importer(815301076,1909f56bfc062723c751e8b465ee728b)
Start importing Assets/MyPrefabs/HumongusLaser.prefab using Guid(c7322e6d50565d54b979df832c9b34c7) Importer(815301076,1909f56bfc062723c751e8b465ee728b)  -> (artifact id: '5f1490c49c642e42c9af715a1032c6d5') in 0.027799 seconds 
========================================================================
Received Import Request.
  Time since last request: 4.766936 seconds.
  path: Assets/MyPrefabs/HumongusLaser.prefab
  artifactKey: Guid(c7322e6d50565d54b979df832c9b34c7) Importer(815301076,1909f56bfc062723c751e8b465ee728b)
Start importing Assets/MyPrefabs/HumongusLaser.prefab using Guid(c7322e6d50565d54b979df832c9b34c7) Importer(815301076,1909f56bfc062723c751e8b465ee728b)  -> (artifact id: '873bf86735b9729886cb9df6cc66c257') in 0.028282 seconds 
========================================================================
Received Import Request.
  Time since last request: 38.814240 seconds.
  path: Assets/MyPrefabs/HumongusLaser.prefab
  artifactKey: Guid(c7322e6d50565d54b979df832c9b34c7) Importer(815301076,1909f56bfc062723c751e8b465ee728b)
Start importing Assets/MyPrefabs/HumongusLaser.prefab using Guid(c7322e6d50565d54b979df832c9b34c7) Importer(815301076,1909f56bfc062723c751e8b465ee728b)  -> (artifact id: '59f4b449675950bcbd6be7793110d543') in 0.052536 seconds 
========================================================================
Received Import Request.
  Time since last request: 67.767324 seconds.
  path: Assets/MyPrefabs/HumongusLaser.prefab
  artifactKey: Guid(c7322e6d50565d54b979df832c9b34c7) Importer(815301076,1909f56bfc062723c751e8b465ee728b)
Start importing Assets/MyPrefabs/HumongusLaser.prefab using Guid(c7322e6d50565d54b979df832c9b34c7) Importer(815301076,1909f56bfc062723c751e8b465ee728b)  -> (artifact id: '5a874cffb5a73964dc3e4222a6cd3969') in 0.069651 seconds 
========================================================================
Received Import Request.
  Time since last request: 12.702892 seconds.
  path: Assets/MyPrefabs/HumongusLaser.prefab
  artifactKey: Guid(c7322e6d50565d54b979df832c9b34c7) Importer(815301076,1909f56bfc062723c751e8b465ee728b)
Start importing Assets/MyPrefabs/HumongusLaser.prefab using Guid(c7322e6d50565d54b979df832c9b34c7) Importer(815301076,1909f56bfc062723c751e8b465ee728b)  -> (artifact id: '1c8440b41dd21e99a4e98d2c53dd9164') in 0.041445 seconds 
========================================================================
Received Import Request.
  Time since last request: 8.058459 seconds.
  path: Assets/MyPrefabs/HumongusLaser.prefab
  artifactKey: Guid(c7322e6d50565d54b979df832c9b34c7) Importer(815301076,1909f56bfc062723c751e8b465ee728b)
Start importing Assets/MyPrefabs/HumongusLaser.prefab using Guid(c7322e6d50565d54b979df832c9b34c7) Importer(815301076,1909f56bfc062723c751e8b465ee728b)  -> (artifact id: '8235f0037c31b3e0ff6e6e1ef99e231c') in 0.029545 seconds 
========================================================================
Received Import Request.
  Time since last request: 28.526902 seconds.
  path: Assets/MyPrefabs/HumongusLaser.prefab
  artifactKey: Guid(c7322e6d50565d54b979df832c9b34c7) Importer(815301076,1909f56bfc062723c751e8b465ee728b)
Start importing Assets/MyPrefabs/HumongusLaser.prefab using Guid(c7322e6d50565d54b979df832c9b34c7) Importer(815301076,1909f56bfc062723c751e8b465ee728b)  -> (artifact id: '8250f0cf8e705400c8bca647e9a8bac6') in 0.046494 seconds 
========================================================================
Received Import Request.
  Time since last request: 11.994036 seconds.
  path: Assets/MyPrefabs/HumongusLaser.prefab
  artifactKey: Guid(c7322e6d50565d54b979df832c9b34c7) Importer(815301076,1909f56bfc062723c751e8b465ee728b)
Start importing Assets/MyPrefabs/HumongusLaser.prefab using Guid(c7322e6d50565d54b979df832c9b34c7) Importer(815301076,1909f56bfc062723c751e8b465ee728b)  -> (artifact id: 'bfb9ae0f9787a00cc9ccef3625b3cf9d') in 0.050140 seconds 
========================================================================
Received Import Request.
  Time since last request: 19.890942 seconds.
  path: Assets/MyPrefabs/HumongusLaser.prefab
  artifactKey: Guid(c7322e6d50565d54b979df832c9b34c7) Importer(815301076,1909f56bfc062723c751e8b465ee728b)
Start importing Assets/MyPrefabs/HumongusLaser.prefab using Guid(c7322e6d50565d54b979df832c9b34c7) Importer(815301076,1909f56bfc062723c751e8b465ee728b)  -> (artifact id: 'd9d7d01e5ea65657efd9e5f39fa9a136') in 0.049210 seconds 
========================================================================
Received Import Request.
  Time since last request: 58.275886 seconds.
  path: Assets/MyPrefabs/HumongusLaser.prefab
  artifactKey: Guid(c7322e6d50565d54b979df832c9b34c7) Importer(815301076,1909f56bfc062723c751e8b465ee728b)
Start importing Assets/MyPrefabs/HumongusLaser.prefab using Guid(c7322e6d50565d54b979df832c9b34c7) Importer(815301076,1909f56bfc062723c751e8b465ee728b)  -> (artifact id: '445cedd1c7891d28beb642360003232f') in 0.044561 seconds 
========================================================================
Received Import Request.
  Time since last request: 11.192848 seconds.
  path: Assets/MyPrefabs/HumongusLaser.prefab
  artifactKey: Guid(c7322e6d50565d54b979df832c9b34c7) Importer(815301076,1909f56bfc062723c751e8b465ee728b)
Start importing Assets/MyPrefabs/HumongusLaser.prefab using Guid(c7322e6d50565d54b979df832c9b34c7) Importer(815301076,1909f56bfc062723c751e8b465ee728b)  -> (artifact id: '76e355ca3cc153810078ffcee4b58b6f') in 0.028688 seconds 
========================================================================
Received Import Request.
  Time since last request: 7.902034 seconds.
  path: Assets/MyPrefabs/HumongusLaser.prefab
  artifactKey: Guid(c7322e6d50565d54b979df832c9b34c7) Importer(815301076,1909f56bfc062723c751e8b465ee728b)
Start importing Assets/MyPrefabs/HumongusLaser.prefab using Guid(c7322e6d50565d54b979df832c9b34c7) Importer(815301076,1909f56bfc062723c751e8b465ee728b)  -> (artifact id: '1e236d428b3242bb01dc0172fe0cad1a') in 0.038393 seconds 
========================================================================
Received Import Request.
  Time since last request: 4.738764 seconds.
  path: Assets/MyPrefabs/HumongusLaser.prefab
  artifactKey: Guid(c7322e6d50565d54b979df832c9b34c7) Importer(815301076,1909f56bfc062723c751e8b465ee728b)
Start importing Assets/MyPrefabs/HumongusLaser.prefab using Guid(c7322e6d50565d54b979df832c9b34c7) Importer(815301076,1909f56bfc062723c751e8b465ee728b)  -> (artifact id: '573dc02f97ddd51594910d79a6b4d963') in 0.029246 seconds 
========================================================================
Received Import Request.
  Time since last request: 7.889575 seconds.
  path: Assets/MyPrefabs/HumongusLaser.prefab
  artifactKey: Guid(c7322e6d50565d54b979df832c9b34c7) Importer(815301076,1909f56bfc062723c751e8b465ee728b)
Start importing Assets/MyPrefabs/HumongusLaser.prefab using Guid(c7322e6d50565d54b979df832c9b34c7) Importer(815301076,1909f56bfc062723c751e8b465ee728b)  -> (artifact id: '27e792c1c45fc2d21786ab7fdd9842aa') in 0.027981 seconds 
========================================================================
Received Import Request.
  Time since last request: 6.891033 seconds.
  path: Assets/MyPrefabs/HumongusLaser.prefab
  artifactKey: Guid(c7322e6d50565d54b979df832c9b34c7) Importer(815301076,1909f56bfc062723c751e8b465ee728b)
Start importing Assets/MyPrefabs/HumongusLaser.prefab using Guid(c7322e6d50565d54b979df832c9b34c7) Importer(815301076,1909f56bfc062723c751e8b465ee728b)  -> (artifact id: 'e89f4a426bed04e8d922dfbb81838354') in 0.028489 seconds 
========================================================================
Received Import Request.
  Time since last request: 9.697819 seconds.
  path: Assets/MyPrefabs/HumongusLaser.prefab
  artifactKey: Guid(c7322e6d50565d54b979df832c9b34c7) Importer(815301076,1909f56bfc062723c751e8b465ee728b)
Start importing Assets/MyPrefabs/HumongusLaser.prefab using Guid(c7322e6d50565d54b979df832c9b34c7) Importer(815301076,1909f56bfc062723c751e8b465ee728b)  -> (artifact id: '8fdadd2812cd9da763e33ea3165f8c88') in 0.030895 seconds 
========================================================================
Received Import Request.
  Time since last request: 15.641391 seconds.
  path: Assets/MyPrefabs/HumongusLaser.prefab
  artifactKey: Guid(c7322e6d50565d54b979df832c9b34c7) Importer(815301076,1909f56bfc062723c751e8b465ee728b)
Start importing Assets/MyPrefabs/HumongusLaser.prefab using Guid(c7322e6d50565d54b979df832c9b34c7) Importer(815301076,1909f56bfc062723c751e8b465ee728b)  -> (artifact id: 'afd8f2da9cad4a8691f8a01e97dd9228') in 0.030053 seconds 
========================================================================
Received Import Request.
  Time since last request: 67.548912 seconds.
  path: Assets/MyPrefabs/HumongusLaser.prefab
  artifactKey: Guid(c7322e6d50565d54b979df832c9b34c7) Importer(815301076,1909f56bfc062723c751e8b465ee728b)
Start importing Assets/MyPrefabs/HumongusLaser.prefab using Guid(c7322e6d50565d54b979df832c9b34c7) Importer(815301076,1909f56bfc062723c751e8b465ee728b)  -> (artifact id: '366edb7d25d5ffdd7c1ac4244466bde5') in 0.027817 seconds 
========================================================================
Received Import Request.
  Time since last request: 9.176979 seconds.
  path: Assets/MyPrefabs/HumongusLaser.prefab
  artifactKey: Guid(c7322e6d50565d54b979df832c9b34c7) Importer(815301076,1909f56bfc062723c751e8b465ee728b)
Start importing Assets/MyPrefabs/HumongusLaser.prefab using Guid(c7322e6d50565d54b979df832c9b34c7) Importer(815301076,1909f56bfc062723c751e8b465ee728b)  -> (artifact id: '9a44de347b500b60f517b0eff7561352') in 0.056373 seconds 
========================================================================
Received Import Request.
  Time since last request: 4.347164 seconds.
  path: Assets/MyPrefabs/HumongusLaser.prefab
  artifactKey: Guid(c7322e6d50565d54b979df832c9b34c7) Importer(815301076,1909f56bfc062723c751e8b465ee728b)
Start importing Assets/MyPrefabs/HumongusLaser.prefab using Guid(c7322e6d50565d54b979df832c9b34c7) Importer(815301076,1909f56bfc062723c751e8b465ee728b)  -> (artifact id: '148d00e0600d20441cd262f2e2c5b558') in 0.081012 seconds 
========================================================================
Received Prepare
Registering precompiled user dll's ...
Registered in 0.011376 seconds.
Begin MonoManager ReloadAssembly
Symbol file LoadedFromMemory doesn't match image C:\Users\yandreev\Documents\GitHub\UnityExercises\ShootThemAll!\Library\PackageCache\com.unity.visualscripting@1.7.8\Editor\VisualScripting.Core\Dependencies\YamlDotNet\Unity.VisualScripting.YamlDotNet.dll
Symbol file LoadedFromMemory doesn't match image C:\Users\yandreev\Documents\GitHub\UnityExercises\ShootThemAll!\Library\PackageCache\com.unity.visualscripting@1.7.8\Editor\VisualScripting.Core\Dependencies\DotNetZip\Unity.VisualScripting.IonicZip.dll
Native extension for UWP target not found
Native extension for WindowsStandalone target not found
Native extension for Android target not found
Native extension for WebGL target not found
Refreshing native plugins compatible for Editor in 1.00 ms, found 3 plugins.
Preloading 0 native plugins for Editor in 0.00 ms.
Mono: successfully reloaded assembly
- Completed reload, in  2.033 seconds
Domain Reload Profiling:
	ReloadAssembly (2034ms)
		BeginReloadAssembly (333ms)
			ExecutionOrderSort (0ms)
			DisableScriptedObjects (14ms)
			BackupInstance (0ms)
			ReleaseScriptingObjects (0ms)
			CreateAndSetChildDomain (126ms)
		EndReloadAssembly (1551ms)
			LoadAssemblies (192ms)
			RebuildTransferFunctionScriptingTraits (0ms)
			SetupTypeCache (423ms)
			ReleaseScriptCaches (2ms)
			RebuildScriptCaches (59ms)
			SetupLoadedEditorAssemblies (808ms)
				LogAssemblyErrors (0ms)
				InitializePlatformSupportModulesInManaged (42ms)
				SetLoadedEditorAssemblies (1ms)
				RefreshPlugins (1ms)
				BeforeProcessingInitializeOnLoad (97ms)
				ProcessInitializeOnLoadAttributes (603ms)
				ProcessInitializeOnLoadMethodAttributes (50ms)
				AfterProcessingInitializeOnLoad (14ms)
				EditorAssembliesLoaded (0ms)
			ExecutionOrderSort2 (0ms)
			AwakeInstancesAfterBackupRestoration (7ms)
Platform modules already initialized, skipping
Refreshing native plugins compatible for Editor in 5.35 ms, found 3 plugins.
Preloading 0 native plugins for Editor in 0.00 ms.
Unloading 3977 Unused Serialized files (Serialized files now loaded: 0)
Unloading 33 unused Assets / (1.5 MB). Loaded Objects now: 4564.
Memory consumption went from 179.3 MB to 177.8 MB.
Total: 26.658800 ms (FindLiveObjects: 1.617300 ms CreateObjectMapping: 4.798000 ms MarkObjects: 18.989900 ms  DeleteObjects: 1.247400 ms)

AssetImportParameters requested are different than current active one (requested -> active):
  custom:video-decoder-ogg-theora: a1e56fd34408186e4bbccfd4996cb3dc -> 
  custom:container-muxer-webm: aa71ff27fc2769a1b78a27578f13a17b -> 
  custom:container-demuxer-webm: 4f35f7cbe854078d1ac9338744f61a02 -> 
  custom:video-encoder-webm-vp8: eb34c28f22e8b96e1ab97ce403110664 -> 
  custom:video-codec-MediaFoundation-h265: 746d11721c4dcdbdad8f713fa42b33f4 -> 
  custom:audio-encoder-webm-vorbis: bf7c407c2cedff20999df2af8eb42d56 -> 
  custom:framework-win-MediaFoundation: 216162199b28c13a410421893ffa2e32 -> 
  custom:container-demuxer-ogg: 62fdf1f143b41e24485cea50d1cbac27 -> 
  custom:video-decoder-webm-vp8: 9c59270c3fd7afecdb556c50c9e8de78 -> 
  custom:audio-decoder-ogg-vorbis: bf7c407c2cedff20999df2af8eb42d56 -> 
========================================================================
Received Prepare
Registering precompiled user dll's ...
Registered in 0.006767 seconds.
Begin MonoManager ReloadAssembly
Symbol file LoadedFromMemory doesn't match image C:\Users\yandreev\Documents\GitHub\UnityExercises\ShootThemAll!\Library\PackageCache\com.unity.visualscripting@1.7.8\Editor\VisualScripting.Core\Dependencies\YamlDotNet\Unity.VisualScripting.YamlDotNet.dll
Symbol file LoadedFromMemory doesn't match image C:\Users\yandreev\Documents\GitHub\UnityExercises\ShootThemAll!\Library\PackageCache\com.unity.visualscripting@1.7.8\Editor\VisualScripting.Core\Dependencies\DotNetZip\Unity.VisualScripting.IonicZip.dll
Native extension for UWP target not found
Native extension for WindowsStandalone target not found
Native extension for Android target not found
Native extension for WebGL target not found
Refreshing native plugins compatible for Editor in 1.08 ms, found 3 plugins.
Preloading 0 native plugins for Editor in 0.00 ms.
Mono: successfully reloaded assembly
- Completed reload, in  1.846 seconds
Domain Reload Profiling:
	ReloadAssembly (1847ms)
		BeginReloadAssembly (210ms)
			ExecutionOrderSort (0ms)
			DisableScriptedObjects (6ms)
			BackupInstance (0ms)
			ReleaseScriptingObjects (0ms)
			CreateAndSetChildDomain (73ms)
		EndReloadAssembly (1499ms)
			LoadAssemblies (137ms)
			RebuildTransferFunctionScriptingTraits (0ms)
			SetupTypeCache (439ms)
			ReleaseScriptCaches (2ms)
			RebuildScriptCaches (62ms)
			SetupLoadedEditorAssemblies (781ms)
				LogAssemblyErrors (0ms)
				InitializePlatformSupportModulesInManaged (31ms)
				SetLoadedEditorAssemblies (1ms)
				RefreshPlugins (1ms)
				BeforeProcessingInitializeOnLoad (87ms)
				ProcessInitializeOnLoadAttributes (593ms)
				ProcessInitializeOnLoadMethodAttributes (53ms)
				AfterProcessingInitializeOnLoad (15ms)
				EditorAssembliesLoaded (0ms)
			ExecutionOrderSort2 (0ms)
			AwakeInstancesAfterBackupRestoration (8ms)
Platform modules already initialized, skipping
Refreshing native plugins compatible for Editor in 4.80 ms, found 3 plugins.
Preloading 0 native plugins for Editor in 0.00 ms.
Unloading 3977 Unused Serialized files (Serialized files now loaded: 0)
Unloading 31 unused Assets / (1.5 MB). Loaded Objects now: 4567.
Memory consumption went from 179.3 MB to 177.8 MB.
Total: 6.250000 ms (FindLiveObjects: 0.418500 ms CreateObjectMapping: 0.407000 ms MarkObjects: 4.984700 ms  DeleteObjects: 0.437800 ms)

AssetImportParameters requested are different than current active one (requested -> active):
  custom:video-decoder-ogg-theora: a1e56fd34408186e4bbccfd4996cb3dc -> 
  custom:container-muxer-webm: aa71ff27fc2769a1b78a27578f13a17b -> 
  custom:container-demuxer-webm: 4f35f7cbe854078d1ac9338744f61a02 -> 
  custom:video-encoder-webm-vp8: eb34c28f22e8b96e1ab97ce403110664 -> 
  custom:video-codec-MediaFoundation-h265: 746d11721c4dcdbdad8f713fa42b33f4 -> 
  custom:audio-encoder-webm-vorbis: bf7c407c2cedff20999df2af8eb42d56 -> 
  custom:framework-win-MediaFoundation: 216162199b28c13a410421893ffa2e32 -> 
  custom:container-demuxer-ogg: 62fdf1f143b41e24485cea50d1cbac27 -> 
  custom:video-decoder-webm-vp8: 9c59270c3fd7afecdb556c50c9e8de78 -> 
  custom:audio-decoder-ogg-vorbis: bf7c407c2cedff20999df2af8eb42d56 -> 
========================================================================
Received Prepare
Registering precompiled user dll's ...
Registered in 0.007310 seconds.
Begin MonoManager ReloadAssembly
Symbol file LoadedFromMemory doesn't match image C:\Users\yandreev\Documents\GitHub\UnityExercises\ShootThemAll!\Library\PackageCache\com.unity.visualscripting@1.7.8\Editor\VisualScripting.Core\Dependencies\YamlDotNet\Unity.VisualScripting.YamlDotNet.dll
Symbol file LoadedFromMemory doesn't match image C:\Users\yandreev\Documents\GitHub\UnityExercises\ShootThemAll!\Library\PackageCache\com.unity.visualscripting@1.7.8\Editor\VisualScripting.Core\Dependencies\DotNetZip\Unity.VisualScripting.IonicZip.dll
Native extension for UWP target not found
Native extension for WindowsStandalone target not found
Native extension for Android target not found
Native extension for WebGL target not found
Refreshing native plugins compatible for Editor in 0.95 ms, found 3 plugins.
Preloading 0 native plugins for Editor in 0.00 ms.
Mono: successfully reloaded assembly
- Completed reload, in  1.830 seconds
Domain Reload Profiling:
	ReloadAssembly (1832ms)
		BeginReloadAssembly (188ms)
			ExecutionOrderSort (0ms)
			DisableScriptedObjects (6ms)
			BackupInstance (0ms)
			ReleaseScriptingObjects (0ms)
			CreateAndSetChildDomain (55ms)
		EndReloadAssembly (1482ms)
			LoadAssemblies (133ms)
			RebuildTransferFunctionScriptingTraits (0ms)
			SetupTypeCache (379ms)
			ReleaseScriptCaches (2ms)
			RebuildScriptCaches (58ms)
			SetupLoadedEditorAssemblies (851ms)
				LogAssemblyErrors (0ms)
				InitializePlatformSupportModulesInManaged (34ms)
				SetLoadedEditorAssemblies (1ms)
				RefreshPlugins (1ms)
				BeforeProcessingInitializeOnLoad (107ms)
				ProcessInitializeOnLoadAttributes (630ms)
				ProcessInitializeOnLoadMethodAttributes (54ms)
				AfterProcessingInitializeOnLoad (23ms)
				EditorAssembliesLoaded (1ms)
			ExecutionOrderSort2 (0ms)
			AwakeInstancesAfterBackupRestoration (11ms)
Platform modules already initialized, skipping
Refreshing native plugins compatible for Editor in 5.43 ms, found 3 plugins.
Preloading 0 native plugins for Editor in 0.00 ms.
Unloading 3977 Unused Serialized files (Serialized files now loaded: 0)
Unloading 31 unused Assets / (1.5 MB). Loaded Objects now: 4570.
Memory consumption went from 179.3 MB to 177.8 MB.
Total: 8.957400 ms (FindLiveObjects: 0.666900 ms CreateObjectMapping: 0.962300 ms MarkObjects: 6.776100 ms  DeleteObjects: 0.549500 ms)

AssetImportParameters requested are different than current active one (requested -> active):
  custom:video-decoder-ogg-theora: a1e56fd34408186e4bbccfd4996cb3dc -> 
  custom:container-muxer-webm: aa71ff27fc2769a1b78a27578f13a17b -> 
  custom:container-demuxer-webm: 4f35f7cbe854078d1ac9338744f61a02 -> 
  custom:video-encoder-webm-vp8: eb34c28f22e8b96e1ab97ce403110664 -> 
  custom:video-codec-MediaFoundation-h265: 746d11721c4dcdbdad8f713fa42b33f4 -> 
  custom:audio-encoder-webm-vorbis: bf7c407c2cedff20999df2af8eb42d56 -> 
  custom:framework-win-MediaFoundation: 216162199b28c13a410421893ffa2e32 -> 
  custom:container-demuxer-ogg: 62fdf1f143b41e24485cea50d1cbac27 -> 
  custom:video-decoder-webm-vp8: 9c59270c3fd7afecdb556c50c9e8de78 -> 
  custom:audio-decoder-ogg-vorbis: bf7c407c2cedff20999df2af8eb42d56 -> 
