Using pre-set license
Built from '2021.3/staging' branch; Version is '2021.3.10f1 (1c7d0df0160b) revision 1867021'; Using compiler version '192829333'; Build Type 'Release'
OS: 'Windows 10  (10.0.19044) 64bit Professional' Language: 'en' Physical Memory: 8057 MB
BatchMode: 1, IsHumanControllingUs: 0, StartBugReporterOnCrash: 0, Is64bit: 1, IsPro: 1

COMMAND LINE ARGUMENTS:
C:\Program Files\Unity\Hub\Editor\2021.3.10f1\Editor\Unity.exe
-adb2
-batchMode
-noUpm
-name
AssetImportWorker2
-projectPath
C:/Users/yandreev/Documents/GitHub/UnityExercises/FlyBy
-logFile
Logs/AssetImportWorker2.log
-srvPort
64535
Successfully changed project path to: C:/Users/yandreev/Documents/GitHub/UnityExercises/FlyBy
C:/Users/yandreev/Documents/GitHub/UnityExercises/FlyBy
[UnityMemory] Configuration Parameters - Can be set up in boot.config
    "memorysetup-bucket-allocator-granularity=16"
    "memorysetup-bucket-allocator-bucket-count=8"
    "memorysetup-bucket-allocator-block-size=33554432"
    "memorysetup-bucket-allocator-block-count=8"
    "memorysetup-main-allocator-block-size=16777216"
    "memorysetup-thread-allocator-block-size=16777216"
    "memorysetup-gfx-main-allocator-block-size=16777216"
    "memorysetup-gfx-thread-allocator-block-size=16777216"
    "memorysetup-cache-allocator-block-size=4194304"
    "memorysetup-typetree-allocator-block-size=2097152"
    "memorysetup-profiler-bucket-allocator-granularity=16"
    "memorysetup-profiler-bucket-allocator-bucket-count=8"
    "memorysetup-profiler-bucket-allocator-block-size=33554432"
    "memorysetup-profiler-bucket-allocator-block-count=8"
    "memorysetup-profiler-allocator-block-size=16777216"
    "memorysetup-profiler-editor-allocator-block-size=1048576"
    "memorysetup-temp-allocator-size-main=16777216"
    "memorysetup-job-temp-allocator-block-size=2097152"
    "memorysetup-job-temp-allocator-block-size-background=1048576"
    "memorysetup-job-temp-allocator-reduction-small-platforms=262144"
    "memorysetup-temp-allocator-size-background-worker=32768"
    "memorysetup-temp-allocator-size-job-worker=262144"
    "memorysetup-temp-allocator-size-preload-manager=33554432"
    "memorysetup-temp-allocator-size-nav-mesh-worker=65536"
    "memorysetup-temp-allocator-size-audio-worker=65536"
    "memorysetup-temp-allocator-size-cloud-worker=32768"
    "memorysetup-temp-allocator-size-gi-baking-worker=262144"
    "memorysetup-temp-allocator-size-gfx=262144"
Refreshing native plugins compatible for Editor in 346.29 ms, found 3 plugins.
Preloading 0 native plugins for Editor in 0.00 ms.
Initialize engine version: 2021.3.10f1 (1c7d0df0160b)
[Subsystems] Discovering subsystems at path C:/Program Files/Unity/Hub/Editor/2021.3.10f1/Editor/Data/Resources/UnitySubsystems
[Subsystems] Discovering subsystems at path C:/Users/yandreev/Documents/GitHub/UnityExercises/FlyBy/Assets
GfxDevice: creating device client; threaded=0; jobified=0
Direct3D:
    Version:  Direct3D 11.0 [level 11.1]
    Renderer: Intel(R) HD Graphics 4400 (ID=0x41e)
    Vendor:   Intel
    VRAM:     2048 MB
    Driver:   20.19.15.4835
Initialize mono
Mono path[0] = 'C:/Program Files/Unity/Hub/Editor/2021.3.10f1/Editor/Data/Managed'
Mono path[1] = 'C:/Program Files/Unity/Hub/Editor/2021.3.10f1/Editor/Data/MonoBleedingEdge/lib/mono/unityjit-win32'
Mono config path = 'C:/Program Files/Unity/Hub/Editor/2021.3.10f1/Editor/Data/MonoBleedingEdge/etc'
Using monoOptions --debugger-agent=transport=dt_socket,embedding=1,server=y,suspend=n,address=127.0.0.1:56560
Begin MonoManager ReloadAssembly
Registering precompiled unity dll's ...
Register platform support module: C:/Program Files/Unity/Hub/Editor/2021.3.10f1/Editor/Data/PlaybackEngines/WebGLSupport/UnityEditor.WebGL.Extensions.dll
Register platform support module: C:/Program Files/Unity/Hub/Editor/2021.3.10f1/Editor/Data/PlaybackEngines/AndroidPlayer/UnityEditor.Android.Extensions.dll
Register platform support module: C:/Program Files/Unity/Hub/Editor/2021.3.10f1/Editor/Data/PlaybackEngines/WindowsStandaloneSupport/UnityEditor.WindowsStandalone.Extensions.dll
Registered in 0.038450 seconds.
Native extension for WindowsStandalone target not found
Native extension for Android target not found
Native extension for WebGL target not found
Refreshing native plugins compatible for Editor in 295.32 ms, found 3 plugins.
Preloading 0 native plugins for Editor in 0.00 ms.
Mono: successfully reloaded assembly
- Completed reload, in  2.733 seconds
Domain Reload Profiling:
	ReloadAssembly (2734ms)
		BeginReloadAssembly (390ms)
			ExecutionOrderSort (0ms)
			DisableScriptedObjects (0ms)
			BackupInstance (0ms)
			ReleaseScriptingObjects (0ms)
			CreateAndSetChildDomain (1ms)
		EndReloadAssembly (1835ms)
			LoadAssemblies (394ms)
			RebuildTransferFunctionScriptingTraits (0ms)
			SetupTypeCache (452ms)
			ReleaseScriptCaches (0ms)
			RebuildScriptCaches (128ms)
			SetupLoadedEditorAssemblies (1041ms)
				LogAssemblyErrors (0ms)
				InitializePlatformSupportModulesInManaged (303ms)
				SetLoadedEditorAssemblies (1ms)
				RefreshPlugins (296ms)
				BeforeProcessingInitializeOnLoad (5ms)
				ProcessInitializeOnLoadAttributes (269ms)
				ProcessInitializeOnLoadMethodAttributes (166ms)
				AfterProcessingInitializeOnLoad (0ms)
				EditorAssembliesLoaded (0ms)
			ExecutionOrderSort2 (0ms)
			AwakeInstancesAfterBackupRestoration (0ms)
Platform modules already initialized, skipping
Registering precompiled user dll's ...
Registered in 0.013596 seconds.
Begin MonoManager ReloadAssembly
Android Extension - Scanning For ADB Devices 8514 ms
Symbol file LoadedFromMemory doesn't match image C:\Users\yandreev\Documents\GitHub\UnityExercises\FlyBy\Library\PackageCache\com.unity.visualscripting@1.7.8\Editor\VisualScripting.Core\Dependencies\YamlDotNet\Unity.VisualScripting.YamlDotNet.dll
Symbol file LoadedFromMemory doesn't match image C:\Users\yandreev\Documents\GitHub\UnityExercises\FlyBy\Library\PackageCache\com.unity.visualscripting@1.7.8\Editor\VisualScripting.Core\Dependencies\DotNetZip\Unity.VisualScripting.IonicZip.dll
Native extension for WindowsStandalone target not found
Native extension for Android target not found
Native extension for WebGL target not found
Refreshing native plugins compatible for Editor in 1.16 ms, found 3 plugins.
Preloading 0 native plugins for Editor in 0.00 ms.
Mono: successfully reloaded assembly
- Completed reload, in  8.248 seconds
Domain Reload Profiling:
	ReloadAssembly (8250ms)
		BeginReloadAssembly (4637ms)
			ExecutionOrderSort (0ms)
			DisableScriptedObjects (12ms)
			BackupInstance (0ms)
			ReleaseScriptingObjects (0ms)
			CreateAndSetChildDomain (52ms)
		EndReloadAssembly (3172ms)
			LoadAssemblies (4588ms)
			RebuildTransferFunctionScriptingTraits (0ms)
			SetupTypeCache (1000ms)
			ReleaseScriptCaches (1ms)
			RebuildScriptCaches (187ms)
			SetupLoadedEditorAssemblies (1455ms)
				LogAssemblyErrors (0ms)
				InitializePlatformSupportModulesInManaged (59ms)
				SetLoadedEditorAssemblies (1ms)
				RefreshPlugins (1ms)
				BeforeProcessingInitializeOnLoad (271ms)
				ProcessInitializeOnLoadAttributes (1001ms)
				ProcessInitializeOnLoadMethodAttributes (99ms)
				AfterProcessingInitializeOnLoad (22ms)
				EditorAssembliesLoaded (0ms)
			ExecutionOrderSort2 (0ms)
			AwakeInstancesAfterBackupRestoration (19ms)
Platform modules already initialized, skipping
========================================================================
Worker process is ready to serve import requests
Launched and connected shader compiler UnityShaderCompiler.exe after 0.19 seconds
Refreshing native plugins compatible for Editor in 4.17 ms, found 3 plugins.
Preloading 0 native plugins for Editor in 0.00 ms.
Unloading 3382 Unused Serialized files (Serialized files now loaded: 0)
Unloading 27 unused Assets / (113.5 KB). Loaded Objects now: 3855.
Memory consumption went from 128.3 MB to 128.2 MB.
Total: 6.936300 ms (FindLiveObjects: 0.529500 ms CreateObjectMapping: 0.309300 ms MarkObjects: 5.908800 ms  DeleteObjects: 0.186500 ms)

AssetImportParameters requested are different than current active one (requested -> active):
  custom:video-decoder-ogg-theora: a1e56fd34408186e4bbccfd4996cb3dc -> 
  custom:container-muxer-webm: aa71ff27fc2769a1b78a27578f13a17b -> 
  custom:container-demuxer-webm: 4f35f7cbe854078d1ac9338744f61a02 -> 
  custom:video-encoder-webm-vp8: eb34c28f22e8b96e1ab97ce403110664 -> 
  custom:video-codec-MediaFoundation-h265: 746d11721c4dcdbdad8f713fa42b33f4 -> 
  custom:audio-encoder-webm-vorbis: bf7c407c2cedff20999df2af8eb42d56 -> 
  custom:framework-win-MediaFoundation: 216162199b28c13a410421893ffa2e32 -> 
  custom:container-demuxer-ogg: 62fdf1f143b41e24485cea50d1cbac27 -> 
  custom:video-decoder-webm-vp8: 9c59270c3fd7afecdb556c50c9e8de78 -> 
  custom:audio-decoder-ogg-vorbis: bf7c407c2cedff20999df2af8eb42d56 -> 
========================================================================
Received Import Request.
  Time since last request: 537132.609254 seconds.
  path: Assets/Audio
  artifactKey: Guid(6fcba518120a4fa4187a79ea79dd1d84) Importer(815301076,1909f56bfc062723c751e8b465ee728b)
Start importing Assets/Audio using Guid(6fcba518120a4fa4187a79ea79dd1d84) Importer(815301076,1909f56bfc062723c751e8b465ee728b)  -> (artifact id: 'b1a4bb922d08dbccfba26f752965f333') in 0.033315 seconds 
========================================================================
Received Import Request.
  Time since last request: 0.000055 seconds.
  path: Assets/Audio/SFX_Explosion.mp3
  artifactKey: Guid(c66e15c3c38692f4daaaf9504c4f6eb2) Importer(815301076,1909f56bfc062723c751e8b465ee728b)
Start importing Assets/Audio/SFX_Explosion.mp3 using Guid(c66e15c3c38692f4daaaf9504c4f6eb2) Importer(815301076,1909f56bfc062723c751e8b465ee728b)  -> (artifact id: 'cbcc8f5186ec9e7ca74bc73a5db18bb2') in 0.823010 seconds 
========================================================================
Received Prepare
Registering precompiled user dll's ...
Registered in 0.011317 seconds.
Begin MonoManager ReloadAssembly
Symbol file LoadedFromMemory doesn't match image C:\Users\yandreev\Documents\GitHub\UnityExercises\FlyBy\Library\PackageCache\com.unity.visualscripting@1.7.8\Editor\VisualScripting.Core\Dependencies\YamlDotNet\Unity.VisualScripting.YamlDotNet.dll
Symbol file LoadedFromMemory doesn't match image C:\Users\yandreev\Documents\GitHub\UnityExercises\FlyBy\Library\PackageCache\com.unity.visualscripting@1.7.8\Editor\VisualScripting.Core\Dependencies\DotNetZip\Unity.VisualScripting.IonicZip.dll
Native extension for WindowsStandalone target not found
Native extension for Android target not found
Native extension for WebGL target not found
Refreshing native plugins compatible for Editor in 2.54 ms, found 3 plugins.
Preloading 0 native plugins for Editor in 0.00 ms.
Mono: successfully reloaded assembly
- Completed reload, in  3.867 seconds
Domain Reload Profiling:
	ReloadAssembly (3869ms)
		BeginReloadAssembly (647ms)
			ExecutionOrderSort (0ms)
			DisableScriptedObjects (14ms)
			BackupInstance (0ms)
			ReleaseScriptingObjects (0ms)
			CreateAndSetChildDomain (142ms)
		EndReloadAssembly (2836ms)
			LoadAssemblies (627ms)
			RebuildTransferFunctionScriptingTraits (0ms)
			SetupTypeCache (931ms)
			ReleaseScriptCaches (4ms)
			RebuildScriptCaches (139ms)
			SetupLoadedEditorAssemblies (1202ms)
				LogAssemblyErrors (0ms)
				InitializePlatformSupportModulesInManaged (87ms)
				SetLoadedEditorAssemblies (1ms)
				RefreshPlugins (3ms)
				BeforeProcessingInitializeOnLoad (221ms)
				ProcessInitializeOnLoadAttributes (735ms)
				ProcessInitializeOnLoadMethodAttributes (122ms)
				AfterProcessingInitializeOnLoad (31ms)
				EditorAssembliesLoaded (1ms)
			ExecutionOrderSort2 (0ms)
			AwakeInstancesAfterBackupRestoration (31ms)
Platform modules already initialized, skipping
Refreshing native plugins compatible for Editor in 5.51 ms, found 3 plugins.
Preloading 0 native plugins for Editor in 0.00 ms.
Unloading 3377 Unused Serialized files (Serialized files now loaded: 0)
Unloading 20 unused Assets / (79.9 KB). Loaded Objects now: 3868.
Memory consumption went from 132.6 MB to 132.6 MB.
Total: 8.380900 ms (FindLiveObjects: 2.230500 ms CreateObjectMapping: 0.602400 ms MarkObjects: 5.200400 ms  DeleteObjects: 0.342100 ms)

AssetImportParameters requested are different than current active one (requested -> active):
  custom:video-decoder-ogg-theora: a1e56fd34408186e4bbccfd4996cb3dc -> 
  custom:container-muxer-webm: aa71ff27fc2769a1b78a27578f13a17b -> 
  custom:container-demuxer-webm: 4f35f7cbe854078d1ac9338744f61a02 -> 
  custom:video-encoder-webm-vp8: eb34c28f22e8b96e1ab97ce403110664 -> 
  custom:video-codec-MediaFoundation-h265: 746d11721c4dcdbdad8f713fa42b33f4 -> 
  custom:audio-encoder-webm-vorbis: bf7c407c2cedff20999df2af8eb42d56 -> 
  custom:framework-win-MediaFoundation: 216162199b28c13a410421893ffa2e32 -> 
  custom:container-demuxer-ogg: 62fdf1f143b41e24485cea50d1cbac27 -> 
  custom:video-decoder-webm-vp8: 9c59270c3fd7afecdb556c50c9e8de78 -> 
  custom:audio-decoder-ogg-vorbis: bf7c407c2cedff20999df2af8eb42d56 -> 
========================================================================
Received Prepare
Registering precompiled user dll's ...
Registered in 0.011504 seconds.
Begin MonoManager ReloadAssembly
Symbol file LoadedFromMemory doesn't match image C:\Users\yandreev\Documents\GitHub\UnityExercises\FlyBy\Library\PackageCache\com.unity.visualscripting@1.7.8\Editor\VisualScripting.Core\Dependencies\YamlDotNet\Unity.VisualScripting.YamlDotNet.dll
Symbol file LoadedFromMemory doesn't match image C:\Users\yandreev\Documents\GitHub\UnityExercises\FlyBy\Library\PackageCache\com.unity.visualscripting@1.7.8\Editor\VisualScripting.Core\Dependencies\DotNetZip\Unity.VisualScripting.IonicZip.dll
Native extension for WindowsStandalone target not found
Native extension for Android target not found
Native extension for WebGL target not found
Refreshing native plugins compatible for Editor in 3.21 ms, found 3 plugins.
Preloading 0 native plugins for Editor in 0.00 ms.
Mono: successfully reloaded assembly
- Completed reload, in  2.947 seconds
Domain Reload Profiling:
	ReloadAssembly (2949ms)
		BeginReloadAssembly (395ms)
			ExecutionOrderSort (0ms)
			DisableScriptedObjects (17ms)
			BackupInstance (0ms)
			ReleaseScriptingObjects (0ms)
			CreateAndSetChildDomain (116ms)
		EndReloadAssembly (2280ms)
			LoadAssemblies (296ms)
			RebuildTransferFunctionScriptingTraits (0ms)
			SetupTypeCache (760ms)
			ReleaseScriptCaches (2ms)
			RebuildScriptCaches (132ms)
			SetupLoadedEditorAssemblies (989ms)
				LogAssemblyErrors (0ms)
				InitializePlatformSupportModulesInManaged (80ms)
				SetLoadedEditorAssemblies (1ms)
				RefreshPlugins (4ms)
				BeforeProcessingInitializeOnLoad (178ms)
				ProcessInitializeOnLoadAttributes (620ms)
				ProcessInitializeOnLoadMethodAttributes (83ms)
				AfterProcessingInitializeOnLoad (23ms)
				EditorAssembliesLoaded (0ms)
			ExecutionOrderSort2 (0ms)
			AwakeInstancesAfterBackupRestoration (18ms)
Platform modules already initialized, skipping
Refreshing native plugins compatible for Editor in 4.80 ms, found 3 plugins.
Preloading 0 native plugins for Editor in 0.00 ms.
Unloading 3377 Unused Serialized files (Serialized files now loaded: 0)
Unloading 20 unused Assets / (79.9 KB). Loaded Objects now: 3871.
Memory consumption went from 132.6 MB to 132.6 MB.
Total: 7.005600 ms (FindLiveObjects: 0.725800 ms CreateObjectMapping: 0.358600 ms MarkObjects: 5.569300 ms  DeleteObjects: 0.348800 ms)

AssetImportParameters requested are different than current active one (requested -> active):
  custom:video-decoder-ogg-theora: a1e56fd34408186e4bbccfd4996cb3dc -> 
  custom:container-muxer-webm: aa71ff27fc2769a1b78a27578f13a17b -> 
  custom:container-demuxer-webm: 4f35f7cbe854078d1ac9338744f61a02 -> 
  custom:video-encoder-webm-vp8: eb34c28f22e8b96e1ab97ce403110664 -> 
  custom:video-codec-MediaFoundation-h265: 746d11721c4dcdbdad8f713fa42b33f4 -> 
  custom:audio-encoder-webm-vorbis: bf7c407c2cedff20999df2af8eb42d56 -> 
  custom:framework-win-MediaFoundation: 216162199b28c13a410421893ffa2e32 -> 
  custom:container-demuxer-ogg: 62fdf1f143b41e24485cea50d1cbac27 -> 
  custom:video-decoder-webm-vp8: 9c59270c3fd7afecdb556c50c9e8de78 -> 
  custom:audio-decoder-ogg-vorbis: bf7c407c2cedff20999df2af8eb42d56 -> 
========================================================================
Received Import Request.
  Time since last request: 287.454495 seconds.
  path: Assets/Prefabs
  artifactKey: Guid(65aee0102b9183b42a4666dbafedd3cd) Importer(815301076,1909f56bfc062723c751e8b465ee728b)
Start importing Assets/Prefabs using Guid(65aee0102b9183b42a4666dbafedd3cd) Importer(815301076,1909f56bfc062723c751e8b465ee728b)  -> (artifact id: 'deee2d0921c6ecd1b876b3dc5de3e1dc') in 0.039105 seconds 
========================================================================
Received Import Request.
  Time since last request: 0.041976 seconds.
  path: Assets/Prefabs/Ground.prefab
  artifactKey: Guid(1089ad72b1a62844fa2dc29d2f600e6a) Importer(815301076,1909f56bfc062723c751e8b465ee728b)
Start importing Assets/Prefabs/Ground.prefab using Guid(1089ad72b1a62844fa2dc29d2f600e6a) Importer(815301076,1909f56bfc062723c751e8b465ee728b)  -> (artifact id: '3d6cf7cadd8ede0177841a6c1508b341') in 0.392561 seconds 
========================================================================
Received Import Request.
  Time since last request: 0.000033 seconds.
  path: Assets/Prefabs/Rocket.prefab
  artifactKey: Guid(39e8b8699722d524d87c3641faece1b4) Importer(815301076,1909f56bfc062723c751e8b465ee728b)
Start importing Assets/Prefabs/Rocket.prefab using Guid(39e8b8699722d524d87c3641faece1b4) Importer(815301076,1909f56bfc062723c751e8b465ee728b)  -> (artifact id: 'c672b6cc5b86883b4792dc496343239c') in 0.138876 seconds 
========================================================================
Received Import Request.
  Time since last request: 27.134657 seconds.
  path: Assets/Prefabs/Rocket.prefab
  artifactKey: Guid(39e8b8699722d524d87c3641faece1b4) Importer(815301076,1909f56bfc062723c751e8b465ee728b)
Start importing Assets/Prefabs/Rocket.prefab using Guid(39e8b8699722d524d87c3641faece1b4) Importer(815301076,1909f56bfc062723c751e8b465ee728b)  -> (artifact id: 'f70d30971455fee160947b1417df7da0') in 0.020984 seconds 
========================================================================
Received Import Request.
  Time since last request: 2.145510 seconds.
  path: Assets/Prefabs/Rocket.prefab
  artifactKey: Guid(39e8b8699722d524d87c3641faece1b4) Importer(815301076,1909f56bfc062723c751e8b465ee728b)
Start importing Assets/Prefabs/Rocket.prefab using Guid(39e8b8699722d524d87c3641faece1b4) Importer(815301076,1909f56bfc062723c751e8b465ee728b)  -> (artifact id: '95adf7ace568b52632cf6d74e25dbd02') in 0.058387 seconds 
========================================================================
Received Import Request.
  Time since last request: 52.914272 seconds.
  path: Assets/Prefabs/Rocket.prefab
  artifactKey: Guid(39e8b8699722d524d87c3641faece1b4) Importer(815301076,1909f56bfc062723c751e8b465ee728b)
Start importing Assets/Prefabs/Rocket.prefab using Guid(39e8b8699722d524d87c3641faece1b4) Importer(815301076,1909f56bfc062723c751e8b465ee728b)  -> (artifact id: '81722d7f3fdaad314bbd7175faa2581a') in 0.098897 seconds 
========================================================================
Received Import Request.
  Time since last request: 9.473601 seconds.
  path: Assets/Prefabs/Rocket.prefab
  artifactKey: Guid(39e8b8699722d524d87c3641faece1b4) Importer(815301076,1909f56bfc062723c751e8b465ee728b)
Start importing Assets/Prefabs/Rocket.prefab using Guid(39e8b8699722d524d87c3641faece1b4) Importer(815301076,1909f56bfc062723c751e8b465ee728b)  -> (artifact id: 'a73ec40e17c4647e502d10b7ba6877c7') in 0.026041 seconds 
========================================================================
Received Import Request.
  Time since last request: 15.275379 seconds.
  path: Assets/Prefabs/Rocket.prefab
  artifactKey: Guid(39e8b8699722d524d87c3641faece1b4) Importer(815301076,1909f56bfc062723c751e8b465ee728b)
Start importing Assets/Prefabs/Rocket.prefab using Guid(39e8b8699722d524d87c3641faece1b4) Importer(815301076,1909f56bfc062723c751e8b465ee728b)  -> (artifact id: '8ba3195dd698d537495e46f748d1ed60') in 0.071437 seconds 
========================================================================
Received Prepare
Registering precompiled user dll's ...
Registered in 0.011780 seconds.
Begin MonoManager ReloadAssembly
Symbol file LoadedFromMemory doesn't match image C:\Users\yandreev\Documents\GitHub\UnityExercises\FlyBy\Library\PackageCache\com.unity.visualscripting@1.7.8\Editor\VisualScripting.Core\Dependencies\YamlDotNet\Unity.VisualScripting.YamlDotNet.dll
Symbol file LoadedFromMemory doesn't match image C:\Users\yandreev\Documents\GitHub\UnityExercises\FlyBy\Library\PackageCache\com.unity.visualscripting@1.7.8\Editor\VisualScripting.Core\Dependencies\DotNetZip\Unity.VisualScripting.IonicZip.dll
Native extension for WindowsStandalone target not found
Native extension for Android target not found
Native extension for WebGL target not found
Refreshing native plugins compatible for Editor in 2.31 ms, found 3 plugins.
Preloading 0 native plugins for Editor in 0.00 ms.
Mono: successfully reloaded assembly
- Completed reload, in  2.565 seconds
Domain Reload Profiling:
	ReloadAssembly (2566ms)
		BeginReloadAssembly (229ms)
			ExecutionOrderSort (0ms)
			DisableScriptedObjects (7ms)
			BackupInstance (0ms)
			ReleaseScriptingObjects (0ms)
			CreateAndSetChildDomain (62ms)
		EndReloadAssembly (2179ms)
			LoadAssemblies (155ms)
			RebuildTransferFunctionScriptingTraits (0ms)
			SetupTypeCache (650ms)
			ReleaseScriptCaches (2ms)
			RebuildScriptCaches (156ms)
			SetupLoadedEditorAssemblies (1044ms)
				LogAssemblyErrors (0ms)
				InitializePlatformSupportModulesInManaged (77ms)
				SetLoadedEditorAssemblies (2ms)
				RefreshPlugins (2ms)
				BeforeProcessingInitializeOnLoad (179ms)
				ProcessInitializeOnLoadAttributes (674ms)
				ProcessInitializeOnLoadMethodAttributes (86ms)
				AfterProcessingInitializeOnLoad (22ms)
				EditorAssembliesLoaded (0ms)
			ExecutionOrderSort2 (0ms)
			AwakeInstancesAfterBackupRestoration (20ms)
Platform modules already initialized, skipping
Refreshing native plugins compatible for Editor in 5.18 ms, found 3 plugins.
Preloading 0 native plugins for Editor in 0.00 ms.
Unloading 3377 Unused Serialized files (Serialized files now loaded: 0)
Unloading 20 unused Assets / (80.0 KB). Loaded Objects now: 3877.
Memory consumption went from 132.8 MB to 132.7 MB.
Total: 8.435900 ms (FindLiveObjects: 0.497000 ms CreateObjectMapping: 0.324500 ms MarkObjects: 7.333600 ms  DeleteObjects: 0.277600 ms)

AssetImportParameters requested are different than current active one (requested -> active):
  custom:video-decoder-ogg-theora: a1e56fd34408186e4bbccfd4996cb3dc -> 
  custom:container-muxer-webm: aa71ff27fc2769a1b78a27578f13a17b -> 
  custom:container-demuxer-webm: 4f35f7cbe854078d1ac9338744f61a02 -> 
  custom:video-encoder-webm-vp8: eb34c28f22e8b96e1ab97ce403110664 -> 
  custom:video-codec-MediaFoundation-h265: 746d11721c4dcdbdad8f713fa42b33f4 -> 
  custom:audio-encoder-webm-vorbis: bf7c407c2cedff20999df2af8eb42d56 -> 
  custom:framework-win-MediaFoundation: 216162199b28c13a410421893ffa2e32 -> 
  custom:container-demuxer-ogg: 62fdf1f143b41e24485cea50d1cbac27 -> 
  custom:video-decoder-webm-vp8: 9c59270c3fd7afecdb556c50c9e8de78 -> 
  custom:audio-decoder-ogg-vorbis: bf7c407c2cedff20999df2af8eb42d56 -> 
========================================================================
Received Import Request.
  Time since last request: 119.598746 seconds.
  path: Assets/Prefabs/Rocket.prefab
  artifactKey: Guid(39e8b8699722d524d87c3641faece1b4) Importer(815301076,1909f56bfc062723c751e8b465ee728b)
Start importing Assets/Prefabs/Rocket.prefab using Guid(39e8b8699722d524d87c3641faece1b4) Importer(815301076,1909f56bfc062723c751e8b465ee728b)  -> (artifact id: 'd65606b95a600d93abc0db9750b6b7b9') in 0.088945 seconds 
========================================================================
Received Import Request.
  Time since last request: 29.345297 seconds.
  path: Assets/Prefabs/Rocket.prefab
  artifactKey: Guid(39e8b8699722d524d87c3641faece1b4) Importer(815301076,1909f56bfc062723c751e8b465ee728b)
Start importing Assets/Prefabs/Rocket.prefab using Guid(39e8b8699722d524d87c3641faece1b4) Importer(815301076,1909f56bfc062723c751e8b465ee728b)  -> (artifact id: '3f22f053949d5f5286aea5deda23d696') in 0.065846 seconds 
========================================================================
Received Import Request.
  Time since last request: 14.919985 seconds.
  path: Assets/Prefabs/Rocket.prefab
  artifactKey: Guid(39e8b8699722d524d87c3641faece1b4) Importer(815301076,1909f56bfc062723c751e8b465ee728b)
Start importing Assets/Prefabs/Rocket.prefab using Guid(39e8b8699722d524d87c3641faece1b4) Importer(815301076,1909f56bfc062723c751e8b465ee728b)  -> (artifact id: '7130dd3b343b138890e061ed8a1c8b82') in 0.064661 seconds 
========================================================================
Received Import Request.
  Time since last request: 7.812594 seconds.
  path: Assets/Prefabs/Rocket.prefab
  artifactKey: Guid(39e8b8699722d524d87c3641faece1b4) Importer(815301076,1909f56bfc062723c751e8b465ee728b)
Start importing Assets/Prefabs/Rocket.prefab using Guid(39e8b8699722d524d87c3641faece1b4) Importer(815301076,1909f56bfc062723c751e8b465ee728b)  -> (artifact id: 'd6583f092c759e39d6d40f8117f7f08f') in 0.056218 seconds 
========================================================================
Received Import Request.
  Time since last request: 5.624534 seconds.
  path: Assets/Prefabs/Rocket.prefab
  artifactKey: Guid(39e8b8699722d524d87c3641faece1b4) Importer(815301076,1909f56bfc062723c751e8b465ee728b)
Start importing Assets/Prefabs/Rocket.prefab using Guid(39e8b8699722d524d87c3641faece1b4) Importer(815301076,1909f56bfc062723c751e8b465ee728b)  -> (artifact id: '7c33303cbed6dedbc7bd2edf46592e76') in 0.061871 seconds 
========================================================================
Received Import Request.
  Time since last request: 16.028684 seconds.
  path: Assets/Prefabs/Rocket.prefab
  artifactKey: Guid(39e8b8699722d524d87c3641faece1b4) Importer(815301076,1909f56bfc062723c751e8b465ee728b)
Start importing Assets/Prefabs/Rocket.prefab using Guid(39e8b8699722d524d87c3641faece1b4) Importer(815301076,1909f56bfc062723c751e8b465ee728b)  -> (artifact id: '4f3f370743f6bd3dba51aeff18c99f48') in 0.052870 seconds 
========================================================================
Received Import Request.
  Time since last request: 20.830016 seconds.
  path: Assets/Prefabs/Rocket.prefab
  artifactKey: Guid(39e8b8699722d524d87c3641faece1b4) Importer(815301076,1909f56bfc062723c751e8b465ee728b)
Start importing Assets/Prefabs/Rocket.prefab using Guid(39e8b8699722d524d87c3641faece1b4) Importer(815301076,1909f56bfc062723c751e8b465ee728b)  -> (artifact id: 'ccbb0ad87a7aa8fec6669f7ee26f97aa') in 0.065537 seconds 
========================================================================
Received Import Request.
  Time since last request: 1.753696 seconds.
  path: Assets/Prefabs/Rocket.prefab
  artifactKey: Guid(39e8b8699722d524d87c3641faece1b4) Importer(815301076,1909f56bfc062723c751e8b465ee728b)
Start importing Assets/Prefabs/Rocket.prefab using Guid(39e8b8699722d524d87c3641faece1b4) Importer(815301076,1909f56bfc062723c751e8b465ee728b)  -> (artifact id: '0ec5fe09fb42f4e9bb62fcb8dac63be5') in 0.051512 seconds 
========================================================================
Received Import Request.
  Time since last request: 9.246792 seconds.
  path: Assets/Prefabs/Rocket.prefab
  artifactKey: Guid(39e8b8699722d524d87c3641faece1b4) Importer(815301076,1909f56bfc062723c751e8b465ee728b)
Start importing Assets/Prefabs/Rocket.prefab using Guid(39e8b8699722d524d87c3641faece1b4) Importer(815301076,1909f56bfc062723c751e8b465ee728b)  -> (artifact id: '3edb9b78b2e35d28aae5ef60eead235a') in 0.066560 seconds 
========================================================================
Received Import Request.
  Time since last request: 10.487386 seconds.
  path: Assets/Prefabs/Rocket.prefab
  artifactKey: Guid(39e8b8699722d524d87c3641faece1b4) Importer(815301076,1909f56bfc062723c751e8b465ee728b)
Start importing Assets/Prefabs/Rocket.prefab using Guid(39e8b8699722d524d87c3641faece1b4) Importer(815301076,1909f56bfc062723c751e8b465ee728b)  -> (artifact id: 'c4345964728784488216e7e8931171a2') in 0.062233 seconds 
========================================================================
Received Import Request.
  Time since last request: 16.106200 seconds.
  path: Assets/Prefabs/Rocket.prefab
  artifactKey: Guid(39e8b8699722d524d87c3641faece1b4) Importer(815301076,1909f56bfc062723c751e8b465ee728b)
Start importing Assets/Prefabs/Rocket.prefab using Guid(39e8b8699722d524d87c3641faece1b4) Importer(815301076,1909f56bfc062723c751e8b465ee728b)  -> (artifact id: 'd9e878a616a93ee15e2eb293db06f609') in 0.065425 seconds 
========================================================================
Received Import Request.
  Time since last request: 7.522234 seconds.
  path: Assets/Prefabs/Rocket.prefab
  artifactKey: Guid(39e8b8699722d524d87c3641faece1b4) Importer(815301076,1909f56bfc062723c751e8b465ee728b)
Start importing Assets/Prefabs/Rocket.prefab using Guid(39e8b8699722d524d87c3641faece1b4) Importer(815301076,1909f56bfc062723c751e8b465ee728b)  -> (artifact id: '6dcfe59c99cb3628506991abccf4671d') in 0.056537 seconds 
========================================================================
Received Import Request.
  Time since last request: 19.830226 seconds.
  path: Assets/Prefabs/Rocket.prefab
  artifactKey: Guid(39e8b8699722d524d87c3641faece1b4) Importer(815301076,1909f56bfc062723c751e8b465ee728b)
Start importing Assets/Prefabs/Rocket.prefab using Guid(39e8b8699722d524d87c3641faece1b4) Importer(815301076,1909f56bfc062723c751e8b465ee728b)  -> (artifact id: 'ddf6be13b96815fb4f41097e2007e40e') in 0.060361 seconds 
========================================================================
Received Import Request.
  Time since last request: 3.338015 seconds.
  path: Assets/Prefabs/Rocket.prefab
  artifactKey: Guid(39e8b8699722d524d87c3641faece1b4) Importer(815301076,1909f56bfc062723c751e8b465ee728b)
Start importing Assets/Prefabs/Rocket.prefab using Guid(39e8b8699722d524d87c3641faece1b4) Importer(815301076,1909f56bfc062723c751e8b465ee728b)  -> (artifact id: 'd54e85fbff2575951263d3b7e6638b33') in 0.071663 seconds 
========================================================================
Received Import Request.
  Time since last request: 6.954196 seconds.
  path: Assets/Prefabs/Rocket.prefab
  artifactKey: Guid(39e8b8699722d524d87c3641faece1b4) Importer(815301076,1909f56bfc062723c751e8b465ee728b)
Start importing Assets/Prefabs/Rocket.prefab using Guid(39e8b8699722d524d87c3641faece1b4) Importer(815301076,1909f56bfc062723c751e8b465ee728b)  -> (artifact id: 'a727c3ed91daac7381c68a0539824136') in 0.065196 seconds 
========================================================================
Received Import Request.
  Time since last request: 8.799145 seconds.
  path: Assets/Prefabs/Rocket.prefab
  artifactKey: Guid(39e8b8699722d524d87c3641faece1b4) Importer(815301076,1909f56bfc062723c751e8b465ee728b)
Start importing Assets/Prefabs/Rocket.prefab using Guid(39e8b8699722d524d87c3641faece1b4) Importer(815301076,1909f56bfc062723c751e8b465ee728b)  -> (artifact id: '6b75b83d6ba06dd0e14a6b0c50c9dd02') in 0.059758 seconds 
========================================================================
Received Import Request.
  Time since last request: 25.771982 seconds.
  path: Assets/Prefabs/Rocket.prefab
  artifactKey: Guid(39e8b8699722d524d87c3641faece1b4) Importer(815301076,1909f56bfc062723c751e8b465ee728b)
Start importing Assets/Prefabs/Rocket.prefab using Guid(39e8b8699722d524d87c3641faece1b4) Importer(815301076,1909f56bfc062723c751e8b465ee728b)  -> (artifact id: '3fd0d32225b5dc1bf1aad94063a0e19a') in 0.061438 seconds 
========================================================================
Received Import Request.
  Time since last request: 25.447949 seconds.
  path: Assets/Prefabs/Rocket.prefab
  artifactKey: Guid(39e8b8699722d524d87c3641faece1b4) Importer(815301076,1909f56bfc062723c751e8b465ee728b)
Start importing Assets/Prefabs/Rocket.prefab using Guid(39e8b8699722d524d87c3641faece1b4) Importer(815301076,1909f56bfc062723c751e8b465ee728b)  -> (artifact id: '07aed73ac54ed9fdbda03f9155a50b1d') in 0.057748 seconds 
========================================================================
Received Import Request.
  Time since last request: 6.940700 seconds.
  path: Assets/Prefabs/Rocket.prefab
  artifactKey: Guid(39e8b8699722d524d87c3641faece1b4) Importer(815301076,1909f56bfc062723c751e8b465ee728b)
Start importing Assets/Prefabs/Rocket.prefab using Guid(39e8b8699722d524d87c3641faece1b4) Importer(815301076,1909f56bfc062723c751e8b465ee728b)  -> (artifact id: '92a468653601ea9cb2e14c3a7f8c7d20') in 0.071803 seconds 
========================================================================
Received Import Request.
  Time since last request: 7.353183 seconds.
  path: Assets/Prefabs/Rocket.prefab
  artifactKey: Guid(39e8b8699722d524d87c3641faece1b4) Importer(815301076,1909f56bfc062723c751e8b465ee728b)
Start importing Assets/Prefabs/Rocket.prefab using Guid(39e8b8699722d524d87c3641faece1b4) Importer(815301076,1909f56bfc062723c751e8b465ee728b)  -> (artifact id: 'be6aec59a3ab236f2e9fcb6de0b40f62') in 0.071766 seconds 
========================================================================
Received Import Request.
  Time since last request: 9.892240 seconds.
  path: Assets/Prefabs/Rocket.prefab
  artifactKey: Guid(39e8b8699722d524d87c3641faece1b4) Importer(815301076,1909f56bfc062723c751e8b465ee728b)
Start importing Assets/Prefabs/Rocket.prefab using Guid(39e8b8699722d524d87c3641faece1b4) Importer(815301076,1909f56bfc062723c751e8b465ee728b)  -> (artifact id: 'b677ef9bb87d04e79b9767956100e706') in 0.067329 seconds 
========================================================================
Received Import Request.
  Time since last request: 27.574609 seconds.
  path: Assets/Prefabs/Rocket.prefab
  artifactKey: Guid(39e8b8699722d524d87c3641faece1b4) Importer(815301076,1909f56bfc062723c751e8b465ee728b)
Start importing Assets/Prefabs/Rocket.prefab using Guid(39e8b8699722d524d87c3641faece1b4) Importer(815301076,1909f56bfc062723c751e8b465ee728b)  -> (artifact id: '217e119f351d6d1e7a55027944142d84') in 0.067135 seconds 
========================================================================
Received Import Request.
  Time since last request: 54.918603 seconds.
  path: Assets/Prefabs/Rocket.prefab
  artifactKey: Guid(39e8b8699722d524d87c3641faece1b4) Importer(815301076,1909f56bfc062723c751e8b465ee728b)
Start importing Assets/Prefabs/Rocket.prefab using Guid(39e8b8699722d524d87c3641faece1b4) Importer(815301076,1909f56bfc062723c751e8b465ee728b)  -> (artifact id: 'b89199f77aea10a408bcca6018063d3c') in 0.064894 seconds 
========================================================================
Received Import Request.
  Time since last request: 7.659012 seconds.
  path: Assets/Prefabs/Rocket.prefab
  artifactKey: Guid(39e8b8699722d524d87c3641faece1b4) Importer(815301076,1909f56bfc062723c751e8b465ee728b)
Start importing Assets/Prefabs/Rocket.prefab using Guid(39e8b8699722d524d87c3641faece1b4) Importer(815301076,1909f56bfc062723c751e8b465ee728b)  -> (artifact id: '1358b39e9e4f4da388f878dc25cfb60b') in 0.072212 seconds 
========================================================================
Received Import Request.
  Time since last request: 15.292947 seconds.
  path: Assets/Prefabs/Rocket.prefab
  artifactKey: Guid(39e8b8699722d524d87c3641faece1b4) Importer(815301076,1909f56bfc062723c751e8b465ee728b)
Start importing Assets/Prefabs/Rocket.prefab using Guid(39e8b8699722d524d87c3641faece1b4) Importer(815301076,1909f56bfc062723c751e8b465ee728b)  -> (artifact id: '6803817fd975d20272e9105f49c4e2e6') in 0.063639 seconds 
========================================================================
Received Import Request.
  Time since last request: 12.603535 seconds.
  path: Assets/Prefabs/Rocket.prefab
  artifactKey: Guid(39e8b8699722d524d87c3641faece1b4) Importer(815301076,1909f56bfc062723c751e8b465ee728b)
Start importing Assets/Prefabs/Rocket.prefab using Guid(39e8b8699722d524d87c3641faece1b4) Importer(815301076,1909f56bfc062723c751e8b465ee728b)  -> (artifact id: '768b4bd83346158cbbc395bf7e6b3ce1') in 0.071459 seconds 
========================================================================
Received Import Request.
  Time since last request: 5.078691 seconds.
  path: Assets/Prefabs/Rocket.prefab
  artifactKey: Guid(39e8b8699722d524d87c3641faece1b4) Importer(815301076,1909f56bfc062723c751e8b465ee728b)
Start importing Assets/Prefabs/Rocket.prefab using Guid(39e8b8699722d524d87c3641faece1b4) Importer(815301076,1909f56bfc062723c751e8b465ee728b)  -> (artifact id: 'b0d34340133107ba8ca8e89ef3da3f6c') in 0.072608 seconds 
========================================================================
Received Import Request.
  Time since last request: 8.667418 seconds.
  path: Assets/Prefabs/Rocket.prefab
  artifactKey: Guid(39e8b8699722d524d87c3641faece1b4) Importer(815301076,1909f56bfc062723c751e8b465ee728b)
Start importing Assets/Prefabs/Rocket.prefab using Guid(39e8b8699722d524d87c3641faece1b4) Importer(815301076,1909f56bfc062723c751e8b465ee728b)  -> (artifact id: '0bce72a9bd49bbe3e68e68a51ce27573') in 0.067833 seconds 
========================================================================
Received Import Request.
  Time since last request: 5.164986 seconds.
  path: Assets/Prefabs/Rocket.prefab
  artifactKey: Guid(39e8b8699722d524d87c3641faece1b4) Importer(815301076,1909f56bfc062723c751e8b465ee728b)
Start importing Assets/Prefabs/Rocket.prefab using Guid(39e8b8699722d524d87c3641faece1b4) Importer(815301076,1909f56bfc062723c751e8b465ee728b)  -> (artifact id: 'a4a50833444d6fbe9609c971bb98ecc1') in 0.073363 seconds 
========================================================================
Received Import Request.
  Time since last request: 3.379044 seconds.
  path: Assets/Prefabs/Rocket.prefab
  artifactKey: Guid(39e8b8699722d524d87c3641faece1b4) Importer(815301076,1909f56bfc062723c751e8b465ee728b)
Start importing Assets/Prefabs/Rocket.prefab using Guid(39e8b8699722d524d87c3641faece1b4) Importer(815301076,1909f56bfc062723c751e8b465ee728b)  -> (artifact id: '1f99b35f0afbeac20f882a46e2a10734') in 0.059597 seconds 
========================================================================
Received Import Request.
  Time since last request: 3.797690 seconds.
  path: Assets/Prefabs/Rocket.prefab
  artifactKey: Guid(39e8b8699722d524d87c3641faece1b4) Importer(815301076,1909f56bfc062723c751e8b465ee728b)
Start importing Assets/Prefabs/Rocket.prefab using Guid(39e8b8699722d524d87c3641faece1b4) Importer(815301076,1909f56bfc062723c751e8b465ee728b)  -> (artifact id: '0011c687eca218e33b4b93830a0a9c49') in 0.069054 seconds 
========================================================================
Received Import Request.
  Time since last request: 3.157583 seconds.
  path: Assets/Prefabs/Rocket.prefab
  artifactKey: Guid(39e8b8699722d524d87c3641faece1b4) Importer(815301076,1909f56bfc062723c751e8b465ee728b)
Start importing Assets/Prefabs/Rocket.prefab using Guid(39e8b8699722d524d87c3641faece1b4) Importer(815301076,1909f56bfc062723c751e8b465ee728b)  -> (artifact id: 'f1c890e56d7c745c48eea3fbe26b8201') in 0.072915 seconds 
========================================================================
Received Import Request.
  Time since last request: 15.528932 seconds.
  path: Assets/Prefabs/Rocket.prefab
  artifactKey: Guid(39e8b8699722d524d87c3641faece1b4) Importer(815301076,1909f56bfc062723c751e8b465ee728b)
Start importing Assets/Prefabs/Rocket.prefab using Guid(39e8b8699722d524d87c3641faece1b4) Importer(815301076,1909f56bfc062723c751e8b465ee728b)  -> (artifact id: 'ed549cbe43e7ee053e1d639ae8f5e5d2') in 0.065668 seconds 
========================================================================
Received Import Request.
  Time since last request: 6.939978 seconds.
  path: Assets/Prefabs/Rocket.prefab
  artifactKey: Guid(39e8b8699722d524d87c3641faece1b4) Importer(815301076,1909f56bfc062723c751e8b465ee728b)
Start importing Assets/Prefabs/Rocket.prefab using Guid(39e8b8699722d524d87c3641faece1b4) Importer(815301076,1909f56bfc062723c751e8b465ee728b)  -> (artifact id: '46f8dd0997d587d41d9a9eaf9d389909') in 0.097385 seconds 
========================================================================
Received Import Request.
  Time since last request: 10.580644 seconds.
  path: Assets/Prefabs/Rocket.prefab
  artifactKey: Guid(39e8b8699722d524d87c3641faece1b4) Importer(815301076,1909f56bfc062723c751e8b465ee728b)
Start importing Assets/Prefabs/Rocket.prefab using Guid(39e8b8699722d524d87c3641faece1b4) Importer(815301076,1909f56bfc062723c751e8b465ee728b)  -> (artifact id: 'fb71f49e2078f00ee3fdfb7151753491') in 0.035985 seconds 
========================================================================
Received Import Request.
  Time since last request: 11.122575 seconds.
  path: Assets/Prefabs/Rocket.prefab
  artifactKey: Guid(39e8b8699722d524d87c3641faece1b4) Importer(815301076,1909f56bfc062723c751e8b465ee728b)
Start importing Assets/Prefabs/Rocket.prefab using Guid(39e8b8699722d524d87c3641faece1b4) Importer(815301076,1909f56bfc062723c751e8b465ee728b)  -> (artifact id: '65a2d2a164f01c239c6a3ec6b16ce36d') in 0.059288 seconds 
========================================================================
Received Prepare
Registering precompiled user dll's ...
Registered in 0.008082 seconds.
Begin MonoManager ReloadAssembly
Symbol file LoadedFromMemory doesn't match image C:\Users\yandreev\Documents\GitHub\UnityExercises\FlyBy\Library\PackageCache\com.unity.visualscripting@1.7.8\Editor\VisualScripting.Core\Dependencies\YamlDotNet\Unity.VisualScripting.YamlDotNet.dll
Symbol file LoadedFromMemory doesn't match image C:\Users\yandreev\Documents\GitHub\UnityExercises\FlyBy\Library\PackageCache\com.unity.visualscripting@1.7.8\Editor\VisualScripting.Core\Dependencies\DotNetZip\Unity.VisualScripting.IonicZip.dll
Native extension for WindowsStandalone target not found
Native extension for Android target not found
Native extension for WebGL target not found
Refreshing native plugins compatible for Editor in 0.87 ms, found 3 plugins.
Preloading 0 native plugins for Editor in 0.00 ms.
Mono: successfully reloaded assembly
- Completed reload, in  2.626 seconds
Domain Reload Profiling:
	ReloadAssembly (2628ms)
		BeginReloadAssembly (215ms)
			ExecutionOrderSort (0ms)
			DisableScriptedObjects (9ms)
			BackupInstance (0ms)
			ReleaseScriptingObjects (0ms)
			CreateAndSetChildDomain (58ms)
		EndReloadAssembly (2239ms)
			LoadAssemblies (166ms)
			RebuildTransferFunctionScriptingTraits (0ms)
			SetupTypeCache (774ms)
			ReleaseScriptCaches (2ms)
			RebuildScriptCaches (119ms)
			SetupLoadedEditorAssemblies (983ms)
				LogAssemblyErrors (0ms)
				InitializePlatformSupportModulesInManaged (84ms)
				SetLoadedEditorAssemblies (2ms)
				RefreshPlugins (1ms)
				BeforeProcessingInitializeOnLoad (172ms)
				ProcessInitializeOnLoadAttributes (624ms)
				ProcessInitializeOnLoadMethodAttributes (71ms)
				AfterProcessingInitializeOnLoad (27ms)
				EditorAssembliesLoaded (1ms)
			ExecutionOrderSort2 (0ms)
			AwakeInstancesAfterBackupRestoration (14ms)
Platform modules already initialized, skipping
Refreshing native plugins compatible for Editor in 10.60 ms, found 3 plugins.
Preloading 0 native plugins for Editor in 0.00 ms.
Unloading 3377 Unused Serialized files (Serialized files now loaded: 0)
Unloading 20 unused Assets / (80.0 KB). Loaded Objects now: 3881.
Memory consumption went from 132.8 MB to 132.7 MB.
Total: 6.831600 ms (FindLiveObjects: 1.663600 ms CreateObjectMapping: 1.697000 ms MarkObjects: 3.354200 ms  DeleteObjects: 0.113600 ms)

AssetImportParameters requested are different than current active one (requested -> active):
  custom:video-decoder-ogg-theora: a1e56fd34408186e4bbccfd4996cb3dc -> 
  custom:container-muxer-webm: aa71ff27fc2769a1b78a27578f13a17b -> 
  custom:container-demuxer-webm: 4f35f7cbe854078d1ac9338744f61a02 -> 
  custom:video-encoder-webm-vp8: eb34c28f22e8b96e1ab97ce403110664 -> 
  custom:video-codec-MediaFoundation-h265: 746d11721c4dcdbdad8f713fa42b33f4 -> 
  custom:audio-encoder-webm-vorbis: bf7c407c2cedff20999df2af8eb42d56 -> 
  custom:framework-win-MediaFoundation: 216162199b28c13a410421893ffa2e32 -> 
  custom:container-demuxer-ogg: 62fdf1f143b41e24485cea50d1cbac27 -> 
  custom:video-decoder-webm-vp8: 9c59270c3fd7afecdb556c50c9e8de78 -> 
  custom:audio-decoder-ogg-vorbis: bf7c407c2cedff20999df2af8eb42d56 -> 
========================================================================
Received Prepare
Registering precompiled user dll's ...
Registered in 0.011457 seconds.
Begin MonoManager ReloadAssembly
Symbol file LoadedFromMemory doesn't match image C:\Users\yandreev\Documents\GitHub\UnityExercises\FlyBy\Library\PackageCache\com.unity.visualscripting@1.7.8\Editor\VisualScripting.Core\Dependencies\YamlDotNet\Unity.VisualScripting.YamlDotNet.dll
Symbol file LoadedFromMemory doesn't match image C:\Users\yandreev\Documents\GitHub\UnityExercises\FlyBy\Library\PackageCache\com.unity.visualscripting@1.7.8\Editor\VisualScripting.Core\Dependencies\DotNetZip\Unity.VisualScripting.IonicZip.dll
Native extension for WindowsStandalone target not found
Native extension for Android target not found
Native extension for WebGL target not found
Refreshing native plugins compatible for Editor in 1.28 ms, found 3 plugins.
Preloading 0 native plugins for Editor in 0.00 ms.
Mono: successfully reloaded assembly
- Completed reload, in  2.781 seconds
Domain Reload Profiling:
	ReloadAssembly (2782ms)
		BeginReloadAssembly (198ms)
			ExecutionOrderSort (0ms)
			DisableScriptedObjects (9ms)
			BackupInstance (0ms)
			ReleaseScriptingObjects (0ms)
			CreateAndSetChildDomain (52ms)
		EndReloadAssembly (2368ms)
			LoadAssemblies (194ms)
			RebuildTransferFunctionScriptingTraits (0ms)
			SetupTypeCache (753ms)
			ReleaseScriptCaches (5ms)
			RebuildScriptCaches (145ms)
			SetupLoadedEditorAssemblies (1066ms)
				LogAssemblyErrors (0ms)
				InitializePlatformSupportModulesInManaged (78ms)
				SetLoadedEditorAssemblies (3ms)
				RefreshPlugins (1ms)
				BeforeProcessingInitializeOnLoad (212ms)
				ProcessInitializeOnLoadAttributes (653ms)
				ProcessInitializeOnLoadMethodAttributes (86ms)
				AfterProcessingInitializeOnLoad (31ms)
				EditorAssembliesLoaded (1ms)
			ExecutionOrderSort2 (0ms)
			AwakeInstancesAfterBackupRestoration (16ms)
Platform modules already initialized, skipping
Refreshing native plugins compatible for Editor in 10.38 ms, found 3 plugins.
Preloading 0 native plugins for Editor in 0.00 ms.
Unloading 3377 Unused Serialized files (Serialized files now loaded: 0)
Unloading 20 unused Assets / (79.9 KB). Loaded Objects now: 3884.
Memory consumption went from 132.8 MB to 132.7 MB.
Total: 16.742900 ms (FindLiveObjects: 3.472400 ms CreateObjectMapping: 2.252000 ms MarkObjects: 10.845000 ms  DeleteObjects: 0.168900 ms)

AssetImportParameters requested are different than current active one (requested -> active):
  custom:video-decoder-ogg-theora: a1e56fd34408186e4bbccfd4996cb3dc -> 
  custom:container-muxer-webm: aa71ff27fc2769a1b78a27578f13a17b -> 
  custom:container-demuxer-webm: 4f35f7cbe854078d1ac9338744f61a02 -> 
  custom:video-encoder-webm-vp8: eb34c28f22e8b96e1ab97ce403110664 -> 
  custom:video-codec-MediaFoundation-h265: 746d11721c4dcdbdad8f713fa42b33f4 -> 
  custom:audio-encoder-webm-vorbis: bf7c407c2cedff20999df2af8eb42d56 -> 
  custom:framework-win-MediaFoundation: 216162199b28c13a410421893ffa2e32 -> 
  custom:container-demuxer-ogg: 62fdf1f143b41e24485cea50d1cbac27 -> 
  custom:video-decoder-webm-vp8: 9c59270c3fd7afecdb556c50c9e8de78 -> 
  custom:audio-decoder-ogg-vorbis: bf7c407c2cedff20999df2af8eb42d56 -> 
========================================================================
Received Import Request.
  Time since last request: 226.617405 seconds.
  path: Assets/Prefabs/Rocket.prefab
  artifactKey: Guid(39e8b8699722d524d87c3641faece1b4) Importer(815301076,1909f56bfc062723c751e8b465ee728b)
Start importing Assets/Prefabs/Rocket.prefab using Guid(39e8b8699722d524d87c3641faece1b4) Importer(815301076,1909f56bfc062723c751e8b465ee728b)  -> (artifact id: '621c151f46fd8bd5f71a18d28a1e7ffc') in 0.140893 seconds 
========================================================================
Received Import Request.
  Time since last request: 4.567558 seconds.
  path: Assets/Prefabs/Rocket.prefab
  artifactKey: Guid(39e8b8699722d524d87c3641faece1b4) Importer(815301076,1909f56bfc062723c751e8b465ee728b)
Start importing Assets/Prefabs/Rocket.prefab using Guid(39e8b8699722d524d87c3641faece1b4) Importer(815301076,1909f56bfc062723c751e8b465ee728b)  -> (artifact id: 'b72ba4c08d1b3950dd48112e81192e20') in 0.172883 seconds 
========================================================================
Received Import Request.
  Time since last request: 19.578783 seconds.
  path: Assets/Prefabs/Rocket.prefab
  artifactKey: Guid(39e8b8699722d524d87c3641faece1b4) Importer(815301076,1909f56bfc062723c751e8b465ee728b)
Start importing Assets/Prefabs/Rocket.prefab using Guid(39e8b8699722d524d87c3641faece1b4) Importer(815301076,1909f56bfc062723c751e8b465ee728b)  -> (artifact id: '4cba87cd2f663125acc0d8200df355e4') in 0.059902 seconds 
========================================================================
Received Import Request.
  Time since last request: 6.450192 seconds.
  path: Assets/Prefabs/Rocket.prefab
  artifactKey: Guid(39e8b8699722d524d87c3641faece1b4) Importer(815301076,1909f56bfc062723c751e8b465ee728b)
Start importing Assets/Prefabs/Rocket.prefab using Guid(39e8b8699722d524d87c3641faece1b4) Importer(815301076,1909f56bfc062723c751e8b465ee728b)  -> (artifact id: 'bc36454f6dc0936b5e7ea9989942b050') in 0.060855 seconds 
========================================================================
Received Import Request.
  Time since last request: 4.726560 seconds.
  path: Assets/Prefabs/Rocket.prefab
  artifactKey: Guid(39e8b8699722d524d87c3641faece1b4) Importer(815301076,1909f56bfc062723c751e8b465ee728b)
Start importing Assets/Prefabs/Rocket.prefab using Guid(39e8b8699722d524d87c3641faece1b4) Importer(815301076,1909f56bfc062723c751e8b465ee728b)  -> (artifact id: 'eb3e7a859d100fdcb79e76e5f8b4433a') in 0.069835 seconds 
========================================================================
Received Import Request.
  Time since last request: 7.706408 seconds.
  path: Assets/Prefabs/Rocket.prefab
  artifactKey: Guid(39e8b8699722d524d87c3641faece1b4) Importer(815301076,1909f56bfc062723c751e8b465ee728b)
Start importing Assets/Prefabs/Rocket.prefab using Guid(39e8b8699722d524d87c3641faece1b4) Importer(815301076,1909f56bfc062723c751e8b465ee728b)  -> (artifact id: '3272d5ca05c11ec822bd08a69e9caf6a') in 0.063142 seconds 
========================================================================
Received Import Request.
  Time since last request: 9.595925 seconds.
  path: Assets/Prefabs/Rocket.prefab
  artifactKey: Guid(39e8b8699722d524d87c3641faece1b4) Importer(815301076,1909f56bfc062723c751e8b465ee728b)
Start importing Assets/Prefabs/Rocket.prefab using Guid(39e8b8699722d524d87c3641faece1b4) Importer(815301076,1909f56bfc062723c751e8b465ee728b)  -> (artifact id: '4aaed1cba4a5bb7443b82bdc106f80be') in 0.058787 seconds 
========================================================================
Received Import Request.
  Time since last request: 5.251385 seconds.
  path: Assets/Prefabs/Rocket.prefab
  artifactKey: Guid(39e8b8699722d524d87c3641faece1b4) Importer(815301076,1909f56bfc062723c751e8b465ee728b)
Start importing Assets/Prefabs/Rocket.prefab using Guid(39e8b8699722d524d87c3641faece1b4) Importer(815301076,1909f56bfc062723c751e8b465ee728b)  -> (artifact id: '55885553a30c3e9013d55fbbca109448') in 0.069711 seconds 
========================================================================
Received Import Request.
  Time since last request: 10.357421 seconds.
  path: Assets/Prefabs/Rocket.prefab
  artifactKey: Guid(39e8b8699722d524d87c3641faece1b4) Importer(815301076,1909f56bfc062723c751e8b465ee728b)
Start importing Assets/Prefabs/Rocket.prefab using Guid(39e8b8699722d524d87c3641faece1b4) Importer(815301076,1909f56bfc062723c751e8b465ee728b)  -> (artifact id: '75ae9da5dfdfa6cb149053a11e6de399') in 0.085307 seconds 
========================================================================
Received Import Request.
  Time since last request: 8.559832 seconds.
  path: Assets/Prefabs/Rocket.prefab
  artifactKey: Guid(39e8b8699722d524d87c3641faece1b4) Importer(815301076,1909f56bfc062723c751e8b465ee728b)
Start importing Assets/Prefabs/Rocket.prefab using Guid(39e8b8699722d524d87c3641faece1b4) Importer(815301076,1909f56bfc062723c751e8b465ee728b)  -> (artifact id: 'c8bbb538be33b7a04bcc1cbc501b91b4') in 0.071000 seconds 
========================================================================
Received Import Request.
  Time since last request: 8.778135 seconds.
  path: Assets/Prefabs/Rocket.prefab
  artifactKey: Guid(39e8b8699722d524d87c3641faece1b4) Importer(815301076,1909f56bfc062723c751e8b465ee728b)
Start importing Assets/Prefabs/Rocket.prefab using Guid(39e8b8699722d524d87c3641faece1b4) Importer(815301076,1909f56bfc062723c751e8b465ee728b)  -> (artifact id: '7ac2416ce4b608d83d44f283f8664da2') in 0.069905 seconds 
========================================================================
Received Import Request.
  Time since last request: 5.255469 seconds.
  path: Assets/Prefabs/Rocket.prefab
  artifactKey: Guid(39e8b8699722d524d87c3641faece1b4) Importer(815301076,1909f56bfc062723c751e8b465ee728b)
Start importing Assets/Prefabs/Rocket.prefab using Guid(39e8b8699722d524d87c3641faece1b4) Importer(815301076,1909f56bfc062723c751e8b465ee728b)  -> (artifact id: '212508f74d35ac12adbda08c4eb6d0ce') in 0.067877 seconds 
========================================================================
Received Import Request.
  Time since last request: 9.794437 seconds.
  path: Assets/Prefabs/Rocket.prefab
  artifactKey: Guid(39e8b8699722d524d87c3641faece1b4) Importer(815301076,1909f56bfc062723c751e8b465ee728b)
Start importing Assets/Prefabs/Rocket.prefab using Guid(39e8b8699722d524d87c3641faece1b4) Importer(815301076,1909f56bfc062723c751e8b465ee728b)  -> (artifact id: 'f1c01f0f668c4ebd45a6d097f4871f46') in 0.077371 seconds 
========================================================================
Received Import Request.
  Time since last request: 3.669644 seconds.
  path: Assets/Prefabs/Rocket.prefab
  artifactKey: Guid(39e8b8699722d524d87c3641faece1b4) Importer(815301076,1909f56bfc062723c751e8b465ee728b)
Start importing Assets/Prefabs/Rocket.prefab using Guid(39e8b8699722d524d87c3641faece1b4) Importer(815301076,1909f56bfc062723c751e8b465ee728b)  -> (artifact id: '8396ba53531f6c231d8e8bea19dea3dc') in 0.071457 seconds 
========================================================================
Received Import Request.
  Time since last request: 2.727422 seconds.
  path: Assets/Prefabs/Rocket.prefab
  artifactKey: Guid(39e8b8699722d524d87c3641faece1b4) Importer(815301076,1909f56bfc062723c751e8b465ee728b)
Start importing Assets/Prefabs/Rocket.prefab using Guid(39e8b8699722d524d87c3641faece1b4) Importer(815301076,1909f56bfc062723c751e8b465ee728b)  -> (artifact id: '61225459e6601e4f53c3f19f1cbd6fd1') in 0.070160 seconds 
========================================================================
Received Import Request.
  Time since last request: 4.428280 seconds.
  path: Assets/Prefabs/Rocket.prefab
  artifactKey: Guid(39e8b8699722d524d87c3641faece1b4) Importer(815301076,1909f56bfc062723c751e8b465ee728b)
Start importing Assets/Prefabs/Rocket.prefab using Guid(39e8b8699722d524d87c3641faece1b4) Importer(815301076,1909f56bfc062723c751e8b465ee728b)  -> (artifact id: '3e7e4d4acc651b1d77500c5bed44539a') in 0.067784 seconds 
========================================================================
Received Import Request.
  Time since last request: 38.299848 seconds.
  path: Assets/Prefabs/Rocket.prefab
  artifactKey: Guid(39e8b8699722d524d87c3641faece1b4) Importer(815301076,1909f56bfc062723c751e8b465ee728b)
Start importing Assets/Prefabs/Rocket.prefab using Guid(39e8b8699722d524d87c3641faece1b4) Importer(815301076,1909f56bfc062723c751e8b465ee728b)  -> (artifact id: '2865582b869b83592a70185f9b6fd124') in 0.055769 seconds 
========================================================================
Received Import Request.
  Time since last request: 3.608117 seconds.
  path: Assets/Prefabs/Rocket.prefab
  artifactKey: Guid(39e8b8699722d524d87c3641faece1b4) Importer(815301076,1909f56bfc062723c751e8b465ee728b)
Start importing Assets/Prefabs/Rocket.prefab using Guid(39e8b8699722d524d87c3641faece1b4) Importer(815301076,1909f56bfc062723c751e8b465ee728b)  -> (artifact id: 'ab4d1a4aa8c08854501cc6b0d65d184d') in 0.076703 seconds 
========================================================================
Received Import Request.
  Time since last request: 8.553886 seconds.
  path: Assets/Prefabs/Rocket.prefab
  artifactKey: Guid(39e8b8699722d524d87c3641faece1b4) Importer(815301076,1909f56bfc062723c751e8b465ee728b)
Start importing Assets/Prefabs/Rocket.prefab using Guid(39e8b8699722d524d87c3641faece1b4) Importer(815301076,1909f56bfc062723c751e8b465ee728b)  -> (artifact id: 'bd59c6d46a275a8314e63fc669f7a284') in 0.059006 seconds 
========================================================================
Received Import Request.
  Time since last request: 5.931199 seconds.
  path: Assets/Prefabs/Rocket.prefab
  artifactKey: Guid(39e8b8699722d524d87c3641faece1b4) Importer(815301076,1909f56bfc062723c751e8b465ee728b)
Start importing Assets/Prefabs/Rocket.prefab using Guid(39e8b8699722d524d87c3641faece1b4) Importer(815301076,1909f56bfc062723c751e8b465ee728b)  -> (artifact id: '5b96f1cd41358d72a201dcfc5b542281') in 0.147463 seconds 
========================================================================
Received Import Request.
  Time since last request: 8.158283 seconds.
  path: Assets/Prefabs/Rocket.prefab
  artifactKey: Guid(39e8b8699722d524d87c3641faece1b4) Importer(815301076,1909f56bfc062723c751e8b465ee728b)
Start importing Assets/Prefabs/Rocket.prefab using Guid(39e8b8699722d524d87c3641faece1b4) Importer(815301076,1909f56bfc062723c751e8b465ee728b)  -> (artifact id: 'c4395f911afeb45c975856d2c5d767c1') in 0.076871 seconds 
========================================================================
Received Import Request.
  Time since last request: 1.573811 seconds.
  path: Assets/Prefabs/Rocket.prefab
  artifactKey: Guid(39e8b8699722d524d87c3641faece1b4) Importer(815301076,1909f56bfc062723c751e8b465ee728b)
Start importing Assets/Prefabs/Rocket.prefab using Guid(39e8b8699722d524d87c3641faece1b4) Importer(815301076,1909f56bfc062723c751e8b465ee728b)  -> (artifact id: 'fdc65645a675ea9b9d1a5adf323c1f5c') in 0.073386 seconds 
========================================================================
Received Import Request.
  Time since last request: 34.994746 seconds.
  path: Assets/Prefabs/Rocket.prefab
  artifactKey: Guid(39e8b8699722d524d87c3641faece1b4) Importer(815301076,1909f56bfc062723c751e8b465ee728b)
Start importing Assets/Prefabs/Rocket.prefab using Guid(39e8b8699722d524d87c3641faece1b4) Importer(815301076,1909f56bfc062723c751e8b465ee728b)  -> (artifact id: '3c17a94987414fb29505861e51c5ea14') in 0.068950 seconds 
========================================================================
Received Import Request.
  Time since last request: 7.248955 seconds.
  path: Assets/Prefabs/Rocket.prefab
  artifactKey: Guid(39e8b8699722d524d87c3641faece1b4) Importer(815301076,1909f56bfc062723c751e8b465ee728b)
Start importing Assets/Prefabs/Rocket.prefab using Guid(39e8b8699722d524d87c3641faece1b4) Importer(815301076,1909f56bfc062723c751e8b465ee728b)  -> (artifact id: 'da27fb241fb305569e1c67e8bc79cbd2') in 0.071204 seconds 
========================================================================
Received Import Request.
  Time since last request: 9.676435 seconds.
  path: Assets/Prefabs/Rocket.prefab
  artifactKey: Guid(39e8b8699722d524d87c3641faece1b4) Importer(815301076,1909f56bfc062723c751e8b465ee728b)
Start importing Assets/Prefabs/Rocket.prefab using Guid(39e8b8699722d524d87c3641faece1b4) Importer(815301076,1909f56bfc062723c751e8b465ee728b)  -> (artifact id: 'e4af34cb35cf395493391827d1c20d5e') in 0.058688 seconds 
========================================================================
Received Import Request.
  Time since last request: 6.178646 seconds.
  path: Assets/Prefabs/Rocket.prefab
  artifactKey: Guid(39e8b8699722d524d87c3641faece1b4) Importer(815301076,1909f56bfc062723c751e8b465ee728b)
Start importing Assets/Prefabs/Rocket.prefab using Guid(39e8b8699722d524d87c3641faece1b4) Importer(815301076,1909f56bfc062723c751e8b465ee728b)  -> (artifact id: '36fec5140c24fc8915e49f9cf2f3ae9c') in 0.063425 seconds 
========================================================================
Received Import Request.
  Time since last request: 9.593844 seconds.
  path: Assets/Prefabs/Rocket.prefab
  artifactKey: Guid(39e8b8699722d524d87c3641faece1b4) Importer(815301076,1909f56bfc062723c751e8b465ee728b)
Start importing Assets/Prefabs/Rocket.prefab using Guid(39e8b8699722d524d87c3641faece1b4) Importer(815301076,1909f56bfc062723c751e8b465ee728b)  -> (artifact id: 'b680a3eddb4c085aae98c96f6c41a94f') in 0.076273 seconds 
========================================================================
Received Import Request.
  Time since last request: 7.062715 seconds.
  path: Assets/Prefabs/Rocket.prefab
  artifactKey: Guid(39e8b8699722d524d87c3641faece1b4) Importer(815301076,1909f56bfc062723c751e8b465ee728b)
Start importing Assets/Prefabs/Rocket.prefab using Guid(39e8b8699722d524d87c3641faece1b4) Importer(815301076,1909f56bfc062723c751e8b465ee728b)  -> (artifact id: '8685c447c4c08826eb87773b80880e93') in 0.062934 seconds 
========================================================================
Received Import Request.
  Time since last request: 3.991673 seconds.
  path: Assets/Prefabs/Rocket.prefab
  artifactKey: Guid(39e8b8699722d524d87c3641faece1b4) Importer(815301076,1909f56bfc062723c751e8b465ee728b)
Start importing Assets/Prefabs/Rocket.prefab using Guid(39e8b8699722d524d87c3641faece1b4) Importer(815301076,1909f56bfc062723c751e8b465ee728b)  -> (artifact id: '10a96a16244e3acbf3bbd1fdbecd171f') in 0.071784 seconds 
========================================================================
Received Import Request.
  Time since last request: 12.352439 seconds.
  path: Assets/Materials/Finish.mat
  artifactKey: Guid(33985ec043c4585408b4c8ffb602e62a) Importer(815301076,1909f56bfc062723c751e8b465ee728b)
Start importing Assets/Materials/Finish.mat using Guid(33985ec043c4585408b4c8ffb602e62a) Importer(815301076,1909f56bfc062723c751e8b465ee728b)  -> (artifact id: 'e8795876473e9ce2c9b44e1af8f91c06') in 0.155076 seconds 
========================================================================
Received Import Request.
  Time since last request: 0.000037 seconds.
  path: Assets/Materials/Obstacle.mat
  artifactKey: Guid(338a0e20fb0ce6f4dbafbef665cc6ca4) Importer(815301076,1909f56bfc062723c751e8b465ee728b)
Start importing Assets/Materials/Obstacle.mat using Guid(338a0e20fb0ce6f4dbafbef665cc6ca4) Importer(815301076,1909f56bfc062723c751e8b465ee728b)  -> (artifact id: 'a0e8ed0259c1086bc827536e64f784c9') in 0.084975 seconds 
========================================================================
Received Import Request.
  Time since last request: 0.000050 seconds.
  path: Assets/Materials/Start.mat
  artifactKey: Guid(3864e8d4603a49d49ac3df0c7270a39f) Importer(815301076,1909f56bfc062723c751e8b465ee728b)
Start importing Assets/Materials/Start.mat using Guid(3864e8d4603a49d49ac3df0c7270a39f) Importer(815301076,1909f56bfc062723c751e8b465ee728b)  -> (artifact id: 'c72a4650c9eb8b9bc11a1fb12fc43d62') in 0.137771 seconds 
========================================================================
Received Import Request.
  Time since last request: 3.981970 seconds.
  path: Assets/Materials
  artifactKey: Guid(aae68e3a82ca40a4f8d624808d5d45dc) Importer(815301076,1909f56bfc062723c751e8b465ee728b)
Start importing Assets/Materials using Guid(aae68e3a82ca40a4f8d624808d5d45dc) Importer(815301076,1909f56bfc062723c751e8b465ee728b)  -> (artifact id: '58a3b4d3360900d14e4221094fefdfe7') in 0.020151 seconds 
========================================================================
Received Prepare
Registering precompiled user dll's ...
Registered in 0.007812 seconds.
Begin MonoManager ReloadAssembly
Symbol file LoadedFromMemory doesn't match image C:\Users\yandreev\Documents\GitHub\UnityExercises\FlyBy\Library\PackageCache\com.unity.visualscripting@1.7.8\Editor\VisualScripting.Core\Dependencies\YamlDotNet\Unity.VisualScripting.YamlDotNet.dll
Symbol file LoadedFromMemory doesn't match image C:\Users\yandreev\Documents\GitHub\UnityExercises\FlyBy\Library\PackageCache\com.unity.visualscripting@1.7.8\Editor\VisualScripting.Core\Dependencies\DotNetZip\Unity.VisualScripting.IonicZip.dll
Native extension for WindowsStandalone target not found
Native extension for Android target not found
Native extension for WebGL target not found
Refreshing native plugins compatible for Editor in 1.66 ms, found 3 plugins.
Preloading 0 native plugins for Editor in 0.00 ms.
Mono: successfully reloaded assembly
- Completed reload, in  2.639 seconds
Domain Reload Profiling:
	ReloadAssembly (2640ms)
		BeginReloadAssembly (228ms)
			ExecutionOrderSort (0ms)
			DisableScriptedObjects (7ms)
			BackupInstance (0ms)
			ReleaseScriptingObjects (0ms)
			CreateAndSetChildDomain (68ms)
		EndReloadAssembly (2243ms)
			LoadAssemblies (149ms)
			RebuildTransferFunctionScriptingTraits (0ms)
			SetupTypeCache (682ms)
			ReleaseScriptCaches (2ms)
			RebuildScriptCaches (126ms)
			SetupLoadedEditorAssemblies (1089ms)
				LogAssemblyErrors (0ms)
				InitializePlatformSupportModulesInManaged (70ms)
				SetLoadedEditorAssemblies (1ms)
				RefreshPlugins (2ms)
				BeforeProcessingInitializeOnLoad (186ms)
				ProcessInitializeOnLoadAttributes (721ms)
				ProcessInitializeOnLoadMethodAttributes (83ms)
				AfterProcessingInitializeOnLoad (26ms)
				EditorAssembliesLoaded (1ms)
			ExecutionOrderSort2 (0ms)
			AwakeInstancesAfterBackupRestoration (15ms)
Platform modules already initialized, skipping
Refreshing native plugins compatible for Editor in 6.06 ms, found 3 plugins.
Preloading 0 native plugins for Editor in 0.00 ms.
Unloading 3377 Unused Serialized files (Serialized files now loaded: 0)
Unloading 20 unused Assets / (80.1 KB). Loaded Objects now: 3920.
Memory consumption went from 133.2 MB to 133.2 MB.
Total: 9.138100 ms (FindLiveObjects: 2.533000 ms CreateObjectMapping: 0.481700 ms MarkObjects: 5.301100 ms  DeleteObjects: 0.814100 ms)

AssetImportParameters requested are different than current active one (requested -> active):
  custom:video-decoder-ogg-theora: a1e56fd34408186e4bbccfd4996cb3dc -> 
  custom:container-muxer-webm: aa71ff27fc2769a1b78a27578f13a17b -> 
  custom:container-demuxer-webm: 4f35f7cbe854078d1ac9338744f61a02 -> 
  custom:video-encoder-webm-vp8: eb34c28f22e8b96e1ab97ce403110664 -> 
  custom:video-codec-MediaFoundation-h265: 746d11721c4dcdbdad8f713fa42b33f4 -> 
  custom:audio-encoder-webm-vorbis: bf7c407c2cedff20999df2af8eb42d56 -> 
  custom:framework-win-MediaFoundation: 216162199b28c13a410421893ffa2e32 -> 
  custom:container-demuxer-ogg: 62fdf1f143b41e24485cea50d1cbac27 -> 
  custom:video-decoder-webm-vp8: 9c59270c3fd7afecdb556c50c9e8de78 -> 
  custom:audio-decoder-ogg-vorbis: bf7c407c2cedff20999df2af8eb42d56 -> 
========================================================================
Received Import Request.
  Time since last request: 3015.599096 seconds.
  path: Assets/Materials/BoostPipe.mat
  artifactKey: Guid(75c094595b7ee0742b382e48e79007a5) Importer(815301076,1909f56bfc062723c751e8b465ee728b)
Start importing Assets/Materials/BoostPipe.mat using Guid(75c094595b7ee0742b382e48e79007a5) Importer(815301076,1909f56bfc062723c751e8b465ee728b)  -> (artifact id: '6d90254c9e666879dfb3a17429b395c5') in 0.278164 seconds 
========================================================================
Received Import Request.
  Time since last request: 0.000044 seconds.
  path: Assets/Materials/Door.mat
  artifactKey: Guid(fa53f016fe26fbc408d6d9b0206a2bed) Importer(815301076,1909f56bfc062723c751e8b465ee728b)
Start importing Assets/Materials/Door.mat using Guid(fa53f016fe26fbc408d6d9b0206a2bed) Importer(815301076,1909f56bfc062723c751e8b465ee728b)  -> (artifact id: 'fddf04a3f1c5f939a96819c348fe0dad') in 0.047150 seconds 
Editor requested this worker to shutdown with reason: Scaling down because of idle timeout
AssetImportWorker is now disconnected from the server
Process exiting
Exiting without the bug reporter. Application will terminate with return code 0