Using pre-set license
Built from '2021.3/staging' branch; Version is '2021.3.10f1 (1c7d0df0160b) revision 1867021'; Using compiler version '192829333'; Build Type 'Release'
OS: 'Windows 10  (10.0.19044) 64bit ProfessionalWorkstation' Language: 'en' Physical Memory: 32705 MB
BatchMode: 1, IsHumanControllingUs: 0, StartBugReporterOnCrash: 0, Is64bit: 1, IsPro: 1

COMMAND LINE ARGUMENTS:
C:\Program Files\Unity\Hub\Editor\2021.3.10f1\Editor\Unity.exe
-adb2
-batchMode
-noUpm
-name
AssetImportWorker8
-projectPath
C:/Users/Habybbo/Documents/GitHub/UnityExercises/FlyBy
-logFile
Logs/AssetImportWorker8.log
-srvPort
11860
Successfully changed project path to: C:/Users/Habybbo/Documents/GitHub/UnityExercises/FlyBy
C:/Users/Habybbo/Documents/GitHub/UnityExercises/FlyBy
[UnityMemory] Configuration Parameters - Can be set up in boot.config
    "memorysetup-bucket-allocator-granularity=16"
    "memorysetup-bucket-allocator-bucket-count=8"
    "memorysetup-bucket-allocator-block-size=33554432"
    "memorysetup-bucket-allocator-block-count=8"
    "memorysetup-main-allocator-block-size=16777216"
    "memorysetup-thread-allocator-block-size=16777216"
    "memorysetup-gfx-main-allocator-block-size=16777216"
    "memorysetup-gfx-thread-allocator-block-size=16777216"
    "memorysetup-cache-allocator-block-size=4194304"
    "memorysetup-typetree-allocator-block-size=2097152"
    "memorysetup-profiler-bucket-allocator-granularity=16"
    "memorysetup-profiler-bucket-allocator-bucket-count=8"
    "memorysetup-profiler-bucket-allocator-block-size=33554432"
    "memorysetup-profiler-bucket-allocator-block-count=8"
    "memorysetup-profiler-allocator-block-size=16777216"
    "memorysetup-profiler-editor-allocator-block-size=1048576"
    "memorysetup-temp-allocator-size-main=16777216"
    "memorysetup-job-temp-allocator-block-size=2097152"
    "memorysetup-job-temp-allocator-block-size-background=1048576"
    "memorysetup-job-temp-allocator-reduction-small-platforms=262144"
    "memorysetup-temp-allocator-size-background-worker=32768"
    "memorysetup-temp-allocator-size-job-worker=262144"
    "memorysetup-temp-allocator-size-preload-manager=33554432"
    "memorysetup-temp-allocator-size-nav-mesh-worker=65536"
    "memorysetup-temp-allocator-size-audio-worker=65536"
    "memorysetup-temp-allocator-size-cloud-worker=32768"
    "memorysetup-temp-allocator-size-gi-baking-worker=262144"
    "memorysetup-temp-allocator-size-gfx=262144"
Refreshing native plugins compatible for Editor in 175.95 ms, found 3 plugins.
Preloading 0 native plugins for Editor in 0.00 ms.
Initialize engine version: 2021.3.10f1 (1c7d0df0160b)
[Subsystems] Discovering subsystems at path C:/Program Files/Unity/Hub/Editor/2021.3.10f1/Editor/Data/Resources/UnitySubsystems
[Subsystems] Discovering subsystems at path C:/Users/Habybbo/Documents/GitHub/UnityExercises/FlyBy/Assets
GfxDevice: creating device client; threaded=0; jobified=0
Direct3D:
    Version:  Direct3D 11.0 [level 11.1]
    Renderer: AMD Radeon RX 580 2048SP (ID=0x6fdf)
    Vendor:   ATI
    VRAM:     8170 MB
    Driver:   30.0.21023.1015
Initialize mono
Mono path[0] = 'C:/Program Files/Unity/Hub/Editor/2021.3.10f1/Editor/Data/Managed'
Mono path[1] = 'C:/Program Files/Unity/Hub/Editor/2021.3.10f1/Editor/Data/MonoBleedingEdge/lib/mono/unityjit-win32'
Mono config path = 'C:/Program Files/Unity/Hub/Editor/2021.3.10f1/Editor/Data/MonoBleedingEdge/etc'
Using monoOptions --debugger-agent=transport=dt_socket,embedding=1,server=y,suspend=n,address=127.0.0.1:56080
Begin MonoManager ReloadAssembly
Registering precompiled unity dll's ...
Register platform support module: C:/Program Files/Unity/Hub/Editor/2021.3.10f1/Editor/Data/PlaybackEngines/WebGLSupport/UnityEditor.WebGL.Extensions.dll
Register platform support module: C:/Program Files/Unity/Hub/Editor/2021.3.10f1/Editor/Data/PlaybackEngines/AndroidPlayer/UnityEditor.Android.Extensions.dll
Register platform support module: C:/Program Files/Unity/Hub/Editor/2021.3.10f1/Editor/Data/PlaybackEngines/WindowsStandaloneSupport/UnityEditor.WindowsStandalone.Extensions.dll
Registered in 0.018032 seconds.
Native extension for WindowsStandalone target not found
Native extension for Android target not found
Native extension for WebGL target not found
Refreshing native plugins compatible for Editor in 145.20 ms, found 3 plugins.
Preloading 0 native plugins for Editor in 0.00 ms.
Mono: successfully reloaded assembly
- Completed reload, in  1.160 seconds
Domain Reload Profiling:
	ReloadAssembly (1160ms)
		BeginReloadAssembly (129ms)
			ExecutionOrderSort (0ms)
			DisableScriptedObjects (0ms)
			BackupInstance (0ms)
			ReleaseScriptingObjects (0ms)
			CreateAndSetChildDomain (1ms)
		EndReloadAssembly (829ms)
			LoadAssemblies (125ms)
			RebuildTransferFunctionScriptingTraits (0ms)
			SetupTypeCache (181ms)
			ReleaseScriptCaches (0ms)
			RebuildScriptCaches (50ms)
			SetupLoadedEditorAssemblies (508ms)
				LogAssemblyErrors (0ms)
				InitializePlatformSupportModulesInManaged (103ms)
				SetLoadedEditorAssemblies (0ms)
				RefreshPlugins (145ms)
				BeforeProcessingInitializeOnLoad (2ms)
				ProcessInitializeOnLoadAttributes (178ms)
				ProcessInitializeOnLoadMethodAttributes (78ms)
				AfterProcessingInitializeOnLoad (0ms)
				EditorAssembliesLoaded (0ms)
			ExecutionOrderSort2 (0ms)
			AwakeInstancesAfterBackupRestoration (0ms)
Platform modules already initialized, skipping
Registering precompiled user dll's ...
Registered in 0.011630 seconds.
Begin MonoManager ReloadAssembly
Symbol file LoadedFromMemory doesn't match image C:\Users\Habybbo\Documents\GitHub\UnityExercises\FlyBy\Library\PackageCache\com.unity.visualscripting@1.7.8\Editor\VisualScripting.Core\Dependencies\YamlDotNet\Unity.VisualScripting.YamlDotNet.dll
Symbol file LoadedFromMemory doesn't match image C:\Users\Habybbo\Documents\GitHub\UnityExercises\FlyBy\Library\PackageCache\com.unity.visualscripting@1.7.8\Editor\VisualScripting.Core\Dependencies\DotNetZip\Unity.VisualScripting.IonicZip.dll
Native extension for WindowsStandalone target not found
Native extension for Android target not found
Native extension for WebGL target not found
Refreshing native plugins compatible for Editor in 0.79 ms, found 3 plugins.
Preloading 0 native plugins for Editor in 0.00 ms.
Mono: successfully reloaded assembly
- Completed reload, in  2.099 seconds
Domain Reload Profiling:
	ReloadAssembly (2101ms)
		BeginReloadAssembly (301ms)
			ExecutionOrderSort (0ms)
			DisableScriptedObjects (11ms)
			BackupInstance (0ms)
			ReleaseScriptingObjects (0ms)
			CreateAndSetChildDomain (132ms)
		EndReloadAssembly (1590ms)
			LoadAssemblies (151ms)
			RebuildTransferFunctionScriptingTraits (0ms)
			SetupTypeCache (484ms)
			ReleaseScriptCaches (1ms)
			RebuildScriptCaches (137ms)
			SetupLoadedEditorAssemblies (736ms)
				LogAssemblyErrors (0ms)
				InitializePlatformSupportModulesInManaged (30ms)
				SetLoadedEditorAssemblies (1ms)
				RefreshPlugins (1ms)
				BeforeProcessingInitializeOnLoad (171ms)
				ProcessInitializeOnLoadAttributes (464ms)
				ProcessInitializeOnLoadMethodAttributes (52ms)
				AfterProcessingInitializeOnLoad (17ms)
				EditorAssembliesLoaded (0ms)
			ExecutionOrderSort2 (0ms)
			AwakeInstancesAfterBackupRestoration (10ms)
Platform modules already initialized, skipping
========================================================================
Worker process is ready to serve import requests
Launched and connected shader compiler UnityShaderCompiler.exe after 0.06 seconds
Refreshing native plugins compatible for Editor in 0.96 ms, found 3 plugins.
Preloading 0 native plugins for Editor in 0.00 ms.
Unloading 3544 Unused Serialized files (Serialized files now loaded: 0)
Unloading 40 unused Assets / (185.0 KB). Loaded Objects now: 4048.
Memory consumption went from 247.1 MB to 246.9 MB.
Total: 5.198200 ms (FindLiveObjects: 0.395500 ms CreateObjectMapping: 0.243700 ms MarkObjects: 4.361600 ms  DeleteObjects: 0.195700 ms)

AssetImportParameters requested are different than current active one (requested -> active):
  custom:video-decoder-ogg-theora: a1e56fd34408186e4bbccfd4996cb3dc -> 
  custom:container-muxer-webm: aa71ff27fc2769a1b78a27578f13a17b -> 
  custom:container-demuxer-webm: 4f35f7cbe854078d1ac9338744f61a02 -> 
  custom:video-encoder-webm-vp8: eb34c28f22e8b96e1ab97ce403110664 -> 
  custom:audio-encoder-webm-vorbis: bf7c407c2cedff20999df2af8eb42d56 -> 
  custom:framework-win-MediaFoundation: 216162199b28c13a410421893ffa2e32 -> 
  custom:container-demuxer-ogg: 62fdf1f143b41e24485cea50d1cbac27 -> 
  custom:video-decoder-webm-vp8: 9c59270c3fd7afecdb556c50c9e8de78 -> 
  custom:audio-decoder-ogg-vorbis: bf7c407c2cedff20999df2af8eb42d56 -> 
========================================================================
Received Import Request.
  Time since last request: 1121212.137918 seconds.
  path: Assets/Prefabs/GlowingRock.prefab
  artifactKey: Guid(21d7dd31952e1c447a87dc7ad1f07847) Importer(815301076,1909f56bfc062723c751e8b465ee728b)
Start importing Assets/Prefabs/GlowingRock.prefab using Guid(21d7dd31952e1c447a87dc7ad1f07847) Importer(815301076,1909f56bfc062723c751e8b465ee728b)  -> (artifact id: 'cdc5733a4090255b00815c4b15e702f2') in 0.243879 seconds 
========================================================================
Received Import Request.
  Time since last request: 440.805668 seconds.
  path: Assets/Prefabs/Rocket.prefab
  artifactKey: Guid(39e8b8699722d524d87c3641faece1b4) Importer(815301076,1909f56bfc062723c751e8b465ee728b)
Start importing Assets/Prefabs/Rocket.prefab using Guid(39e8b8699722d524d87c3641faece1b4) Importer(815301076,1909f56bfc062723c751e8b465ee728b)  -> (artifact id: '887088c5e617e11e1294ac61a38486c7') in 0.050190 seconds 
========================================================================
Received Import Request.
  Time since last request: 8.796442 seconds.
  path: Assets/Prefabs/Rocket.prefab
  artifactKey: Guid(39e8b8699722d524d87c3641faece1b4) Importer(815301076,1909f56bfc062723c751e8b465ee728b)
Start importing Assets/Prefabs/Rocket.prefab using Guid(39e8b8699722d524d87c3641faece1b4) Importer(815301076,1909f56bfc062723c751e8b465ee728b)  -> (artifact id: 'b99ba9185c7d55bd053d43ec8f058575') in 0.031646 seconds 
========================================================================
Received Import Request.
  Time since last request: 5.875679 seconds.
  path: Assets/Prefabs/Rocket.prefab
  artifactKey: Guid(39e8b8699722d524d87c3641faece1b4) Importer(815301076,1909f56bfc062723c751e8b465ee728b)
Start importing Assets/Prefabs/Rocket.prefab using Guid(39e8b8699722d524d87c3641faece1b4) Importer(815301076,1909f56bfc062723c751e8b465ee728b)  -> (artifact id: 'dc9672f533938791cc0f6c13af457f7e') in 0.031039 seconds 
========================================================================
Received Import Request.
  Time since last request: 11.575786 seconds.
  path: Assets/Prefabs/Rocket.prefab
  artifactKey: Guid(39e8b8699722d524d87c3641faece1b4) Importer(815301076,1909f56bfc062723c751e8b465ee728b)
Start importing Assets/Prefabs/Rocket.prefab using Guid(39e8b8699722d524d87c3641faece1b4) Importer(815301076,1909f56bfc062723c751e8b465ee728b)  -> (artifact id: 'd42ba703e2256c318b58f741458d0631') in 0.031323 seconds 
========================================================================
Received Import Request.
  Time since last request: 1.806060 seconds.
  path: Assets/Prefabs/Rocket.prefab
  artifactKey: Guid(39e8b8699722d524d87c3641faece1b4) Importer(815301076,1909f56bfc062723c751e8b465ee728b)
Start importing Assets/Prefabs/Rocket.prefab using Guid(39e8b8699722d524d87c3641faece1b4) Importer(815301076,1909f56bfc062723c751e8b465ee728b)  -> (artifact id: 'b24ae78fdd652cb3d21130db02674f5d') in 0.031804 seconds 
========================================================================
Received Import Request.
  Time since last request: 2.226702 seconds.
  path: Assets/Prefabs/Rocket.prefab
  artifactKey: Guid(39e8b8699722d524d87c3641faece1b4) Importer(815301076,1909f56bfc062723c751e8b465ee728b)
Start importing Assets/Prefabs/Rocket.prefab using Guid(39e8b8699722d524d87c3641faece1b4) Importer(815301076,1909f56bfc062723c751e8b465ee728b)  -> (artifact id: '458bc96acd971119c789f54a4aa68baf') in 0.031721 seconds 
========================================================================
Received Import Request.
  Time since last request: 4.639806 seconds.
  path: Assets/Prefabs/Rocket.prefab
  artifactKey: Guid(39e8b8699722d524d87c3641faece1b4) Importer(815301076,1909f56bfc062723c751e8b465ee728b)
Start importing Assets/Prefabs/Rocket.prefab using Guid(39e8b8699722d524d87c3641faece1b4) Importer(815301076,1909f56bfc062723c751e8b465ee728b)  -> (artifact id: '402d201e19f515e1224566092b3dd4d6') in 0.030960 seconds 
========================================================================
Received Import Request.
  Time since last request: 6.503024 seconds.
  path: Assets/Prefabs/Rocket.prefab
  artifactKey: Guid(39e8b8699722d524d87c3641faece1b4) Importer(815301076,1909f56bfc062723c751e8b465ee728b)
Start importing Assets/Prefabs/Rocket.prefab using Guid(39e8b8699722d524d87c3641faece1b4) Importer(815301076,1909f56bfc062723c751e8b465ee728b)  -> (artifact id: '5e2bc0d2604b273ddbb74928a3fba9bf') in 0.030839 seconds 
========================================================================
Received Import Request.
  Time since last request: 3.440499 seconds.
  path: Assets/Prefabs/Rocket.prefab
  artifactKey: Guid(39e8b8699722d524d87c3641faece1b4) Importer(815301076,1909f56bfc062723c751e8b465ee728b)
Start importing Assets/Prefabs/Rocket.prefab using Guid(39e8b8699722d524d87c3641faece1b4) Importer(815301076,1909f56bfc062723c751e8b465ee728b)  -> (artifact id: '7dccef7fe12855cd77f6f967514a0719') in 0.031017 seconds 
========================================================================
Received Import Request.
  Time since last request: 5.091500 seconds.
  path: Assets/Prefabs/Rocket.prefab
  artifactKey: Guid(39e8b8699722d524d87c3641faece1b4) Importer(815301076,1909f56bfc062723c751e8b465ee728b)
Start importing Assets/Prefabs/Rocket.prefab using Guid(39e8b8699722d524d87c3641faece1b4) Importer(815301076,1909f56bfc062723c751e8b465ee728b)  -> (artifact id: 'aea7515760f56f2cdb01a70e5382b81f') in 0.033129 seconds 
========================================================================
Received Import Request.
  Time since last request: 16.892175 seconds.
  path: Assets/Prefabs/Rocket.prefab
  artifactKey: Guid(39e8b8699722d524d87c3641faece1b4) Importer(815301076,1909f56bfc062723c751e8b465ee728b)
Start importing Assets/Prefabs/Rocket.prefab using Guid(39e8b8699722d524d87c3641faece1b4) Importer(815301076,1909f56bfc062723c751e8b465ee728b)  -> (artifact id: 'ae35792b0f1a389558d8b39febc18c20') in 0.031145 seconds 
========================================================================
Received Import Request.
  Time since last request: 2.825154 seconds.
  path: Assets/Prefabs/Rocket.prefab
  artifactKey: Guid(39e8b8699722d524d87c3641faece1b4) Importer(815301076,1909f56bfc062723c751e8b465ee728b)
Start importing Assets/Prefabs/Rocket.prefab using Guid(39e8b8699722d524d87c3641faece1b4) Importer(815301076,1909f56bfc062723c751e8b465ee728b)  -> (artifact id: '4c38a442511593e91edb4a6700931c5b') in 0.031704 seconds 
========================================================================
Received Import Request.
  Time since last request: 10.934486 seconds.
  path: Assets/Prefabs/Rocket.prefab
  artifactKey: Guid(39e8b8699722d524d87c3641faece1b4) Importer(815301076,1909f56bfc062723c751e8b465ee728b)
Start importing Assets/Prefabs/Rocket.prefab using Guid(39e8b8699722d524d87c3641faece1b4) Importer(815301076,1909f56bfc062723c751e8b465ee728b)  -> (artifact id: '1a28c00fa8c5312294ad3bf754521a5e') in 0.030998 seconds 
========================================================================
Received Import Request.
  Time since last request: 6.881297 seconds.
  path: Assets/Prefabs/Rocket.prefab
  artifactKey: Guid(39e8b8699722d524d87c3641faece1b4) Importer(815301076,1909f56bfc062723c751e8b465ee728b)
Start importing Assets/Prefabs/Rocket.prefab using Guid(39e8b8699722d524d87c3641faece1b4) Importer(815301076,1909f56bfc062723c751e8b465ee728b)  -> (artifact id: 'c6d9e9f9a1445295f4f3709072f9f476') in 0.029936 seconds 
========================================================================
Received Import Request.
  Time since last request: 2.229761 seconds.
  path: Assets/Prefabs/Rocket.prefab
  artifactKey: Guid(39e8b8699722d524d87c3641faece1b4) Importer(815301076,1909f56bfc062723c751e8b465ee728b)
Start importing Assets/Prefabs/Rocket.prefab using Guid(39e8b8699722d524d87c3641faece1b4) Importer(815301076,1909f56bfc062723c751e8b465ee728b)  -> (artifact id: '60e51b404a8f5a6abd65e8334dfca4e1') in 0.035392 seconds 
========================================================================
Received Import Request.
  Time since last request: 6.664470 seconds.
  path: Assets/Prefabs/Rocket.prefab
  artifactKey: Guid(39e8b8699722d524d87c3641faece1b4) Importer(815301076,1909f56bfc062723c751e8b465ee728b)
Start importing Assets/Prefabs/Rocket.prefab using Guid(39e8b8699722d524d87c3641faece1b4) Importer(815301076,1909f56bfc062723c751e8b465ee728b)  -> (artifact id: '745127338d47cf58e083299a29b81a94') in 0.030781 seconds 
========================================================================
Received Import Request.
  Time since last request: 14.153922 seconds.
  path: Assets/Prefabs/Rocket.prefab
  artifactKey: Guid(39e8b8699722d524d87c3641faece1b4) Importer(815301076,1909f56bfc062723c751e8b465ee728b)
Start importing Assets/Prefabs/Rocket.prefab using Guid(39e8b8699722d524d87c3641faece1b4) Importer(815301076,1909f56bfc062723c751e8b465ee728b)  -> (artifact id: '0f250a66b6e585b4c1c1cbc2c4d9b4ff') in 0.031064 seconds 
========================================================================
Received Import Request.
  Time since last request: 6.696564 seconds.
  path: Assets/Prefabs/Rocket.prefab
  artifactKey: Guid(39e8b8699722d524d87c3641faece1b4) Importer(815301076,1909f56bfc062723c751e8b465ee728b)
Start importing Assets/Prefabs/Rocket.prefab using Guid(39e8b8699722d524d87c3641faece1b4) Importer(815301076,1909f56bfc062723c751e8b465ee728b)  -> (artifact id: '1d0050a5702e238fd7ef041c9ac9e125') in 0.035582 seconds 
========================================================================
Received Import Request.
  Time since last request: 12.289844 seconds.
  path: Assets/Prefabs/Rocket.prefab
  artifactKey: Guid(39e8b8699722d524d87c3641faece1b4) Importer(815301076,1909f56bfc062723c751e8b465ee728b)
Start importing Assets/Prefabs/Rocket.prefab using Guid(39e8b8699722d524d87c3641faece1b4) Importer(815301076,1909f56bfc062723c751e8b465ee728b)  -> (artifact id: '289b0cef9b6a3925253fc6f254cf9b72') in 0.031940 seconds 
========================================================================
Received Prepare
Registering precompiled user dll's ...
Registered in 0.010755 seconds.
Begin MonoManager ReloadAssembly
Symbol file LoadedFromMemory doesn't match image C:\Users\Habybbo\Documents\GitHub\UnityExercises\FlyBy\Library\PackageCache\com.unity.visualscripting@1.7.8\Editor\VisualScripting.Core\Dependencies\YamlDotNet\Unity.VisualScripting.YamlDotNet.dll
Symbol file LoadedFromMemory doesn't match image C:\Users\Habybbo\Documents\GitHub\UnityExercises\FlyBy\Library\PackageCache\com.unity.visualscripting@1.7.8\Editor\VisualScripting.Core\Dependencies\DotNetZip\Unity.VisualScripting.IonicZip.dll
Native extension for WindowsStandalone target not found
Native extension for Android target not found
Native extension for WebGL target not found
Refreshing native plugins compatible for Editor in 0.94 ms, found 3 plugins.
Preloading 0 native plugins for Editor in 0.00 ms.
Mono: successfully reloaded assembly
- Completed reload, in  1.869 seconds
Domain Reload Profiling:
	ReloadAssembly (1870ms)
		BeginReloadAssembly (226ms)
			ExecutionOrderSort (0ms)
			DisableScriptedObjects (9ms)
			BackupInstance (0ms)
			ReleaseScriptingObjects (0ms)
			CreateAndSetChildDomain (55ms)
		EndReloadAssembly (1467ms)
			LoadAssemblies (152ms)
			RebuildTransferFunctionScriptingTraits (0ms)
			SetupTypeCache (467ms)
			ReleaseScriptCaches (2ms)
			RebuildScriptCaches (76ms)
			SetupLoadedEditorAssemblies (691ms)
				LogAssemblyErrors (0ms)
				InitializePlatformSupportModulesInManaged (44ms)
				SetLoadedEditorAssemblies (1ms)
				RefreshPlugins (1ms)
				BeforeProcessingInitializeOnLoad (139ms)
				ProcessInitializeOnLoadAttributes (434ms)
				ProcessInitializeOnLoadMethodAttributes (54ms)
				AfterProcessingInitializeOnLoad (18ms)
				EditorAssembliesLoaded (0ms)
			ExecutionOrderSort2 (0ms)
			AwakeInstancesAfterBackupRestoration (11ms)
Platform modules already initialized, skipping
Refreshing native plugins compatible for Editor in 3.61 ms, found 3 plugins.
Preloading 0 native plugins for Editor in 0.00 ms.
Unloading 3539 Unused Serialized files (Serialized files now loaded: 0)
Unloading 23 unused Assets / (152.4 KB). Loaded Objects now: 4074.
Memory consumption went from 251.6 MB to 251.4 MB.
Total: 5.287600 ms (FindLiveObjects: 0.356200 ms CreateObjectMapping: 0.224300 ms MarkObjects: 4.532800 ms  DeleteObjects: 0.172700 ms)

AssetImportParameters requested are different than current active one (requested -> active):
  custom:video-decoder-ogg-theora: a1e56fd34408186e4bbccfd4996cb3dc -> 
  custom:container-muxer-webm: aa71ff27fc2769a1b78a27578f13a17b -> 
  custom:container-demuxer-webm: 4f35f7cbe854078d1ac9338744f61a02 -> 
  custom:video-encoder-webm-vp8: eb34c28f22e8b96e1ab97ce403110664 -> 
  custom:audio-encoder-webm-vorbis: bf7c407c2cedff20999df2af8eb42d56 -> 
  custom:framework-win-MediaFoundation: 216162199b28c13a410421893ffa2e32 -> 
  custom:container-demuxer-ogg: 62fdf1f143b41e24485cea50d1cbac27 -> 
  custom:video-decoder-webm-vp8: 9c59270c3fd7afecdb556c50c9e8de78 -> 
  custom:audio-decoder-ogg-vorbis: bf7c407c2cedff20999df2af8eb42d56 -> 
========================================================================
Received Import Request.
  Time since last request: 51.096810 seconds.
  path: Assets/Prefabs/Rocket.prefab
  artifactKey: Guid(39e8b8699722d524d87c3641faece1b4) Importer(815301076,1909f56bfc062723c751e8b465ee728b)
Start importing Assets/Prefabs/Rocket.prefab using Guid(39e8b8699722d524d87c3641faece1b4) Importer(815301076,1909f56bfc062723c751e8b465ee728b)  -> (artifact id: '1875db2cf051e6e98e35c2182134631a') in 0.144133 seconds 
========================================================================
Received Import Request.
  Time since last request: 3.539957 seconds.
  path: Assets/Prefabs/Rocket.prefab
  artifactKey: Guid(39e8b8699722d524d87c3641faece1b4) Importer(815301076,1909f56bfc062723c751e8b465ee728b)
Start importing Assets/Prefabs/Rocket.prefab using Guid(39e8b8699722d524d87c3641faece1b4) Importer(815301076,1909f56bfc062723c751e8b465ee728b)  -> (artifact id: 'b417b9eaee0b8626bad27bacfb8480f8') in 0.030407 seconds 
========================================================================
Received Import Request.
  Time since last request: 1.991305 seconds.
  path: Assets/Prefabs/Rocket.prefab
  artifactKey: Guid(39e8b8699722d524d87c3641faece1b4) Importer(815301076,1909f56bfc062723c751e8b465ee728b)
Start importing Assets/Prefabs/Rocket.prefab using Guid(39e8b8699722d524d87c3641faece1b4) Importer(815301076,1909f56bfc062723c751e8b465ee728b)  -> (artifact id: 'dd3dbb12577c3a77f2e05c345faeee9a') in 0.031697 seconds 
========================================================================
Received Prepare
Registering precompiled user dll's ...
Registered in 0.010918 seconds.
Begin MonoManager ReloadAssembly
Symbol file LoadedFromMemory doesn't match image C:\Users\Habybbo\Documents\GitHub\UnityExercises\FlyBy\Library\PackageCache\com.unity.visualscripting@1.7.8\Editor\VisualScripting.Core\Dependencies\YamlDotNet\Unity.VisualScripting.YamlDotNet.dll
Symbol file LoadedFromMemory doesn't match image C:\Users\Habybbo\Documents\GitHub\UnityExercises\FlyBy\Library\PackageCache\com.unity.visualscripting@1.7.8\Editor\VisualScripting.Core\Dependencies\DotNetZip\Unity.VisualScripting.IonicZip.dll
Native extension for WindowsStandalone target not found
Native extension for Android target not found
Native extension for WebGL target not found
Refreshing native plugins compatible for Editor in 0.95 ms, found 3 plugins.
Preloading 0 native plugins for Editor in 0.00 ms.
Mono: successfully reloaded assembly
- Completed reload, in  1.899 seconds
Domain Reload Profiling:
	ReloadAssembly (1900ms)
		BeginReloadAssembly (221ms)
			ExecutionOrderSort (0ms)
			DisableScriptedObjects (8ms)
			BackupInstance (0ms)
			ReleaseScriptingObjects (0ms)
			CreateAndSetChildDomain (55ms)
		EndReloadAssembly (1501ms)
			LoadAssemblies (151ms)
			RebuildTransferFunctionScriptingTraits (0ms)
			SetupTypeCache (487ms)
			ReleaseScriptCaches (2ms)
			RebuildScriptCaches (79ms)
			SetupLoadedEditorAssemblies (702ms)
				LogAssemblyErrors (0ms)
				InitializePlatformSupportModulesInManaged (43ms)
				SetLoadedEditorAssemblies (1ms)
				RefreshPlugins (1ms)
				BeforeProcessingInitializeOnLoad (137ms)
				ProcessInitializeOnLoadAttributes (449ms)
				ProcessInitializeOnLoadMethodAttributes (53ms)
				AfterProcessingInitializeOnLoad (18ms)
				EditorAssembliesLoaded (0ms)
			ExecutionOrderSort2 (0ms)
			AwakeInstancesAfterBackupRestoration (11ms)
Platform modules already initialized, skipping
Refreshing native plugins compatible for Editor in 3.43 ms, found 3 plugins.
Preloading 0 native plugins for Editor in 0.00 ms.
Unloading 3539 Unused Serialized files (Serialized files now loaded: 0)
Unloading 23 unused Assets / (152.5 KB). Loaded Objects now: 4089.
Memory consumption went from 251.6 MB to 251.5 MB.
Total: 5.036100 ms (FindLiveObjects: 0.357300 ms CreateObjectMapping: 0.208100 ms MarkObjects: 4.298500 ms  DeleteObjects: 0.170600 ms)

AssetImportParameters requested are different than current active one (requested -> active):
  custom:video-decoder-ogg-theora: a1e56fd34408186e4bbccfd4996cb3dc -> 
  custom:container-muxer-webm: aa71ff27fc2769a1b78a27578f13a17b -> 
  custom:container-demuxer-webm: 4f35f7cbe854078d1ac9338744f61a02 -> 
  custom:video-encoder-webm-vp8: eb34c28f22e8b96e1ab97ce403110664 -> 
  custom:audio-encoder-webm-vorbis: bf7c407c2cedff20999df2af8eb42d56 -> 
  custom:framework-win-MediaFoundation: 216162199b28c13a410421893ffa2e32 -> 
  custom:container-demuxer-ogg: 62fdf1f143b41e24485cea50d1cbac27 -> 
  custom:video-decoder-webm-vp8: 9c59270c3fd7afecdb556c50c9e8de78 -> 
  custom:audio-decoder-ogg-vorbis: bf7c407c2cedff20999df2af8eb42d56 -> 
========================================================================
Received Import Request.
  Time since last request: 157.656172 seconds.
  path: Assets/Prefabs/LaunchPad.prefab
  artifactKey: Guid(7ef162043585b1b4aad31ebf74288c5b) Importer(815301076,1909f56bfc062723c751e8b465ee728b)
Start importing Assets/Prefabs/LaunchPad.prefab using Guid(7ef162043585b1b4aad31ebf74288c5b) Importer(815301076,1909f56bfc062723c751e8b465ee728b)  -> (artifact id: '731e5bfff47a3ea5361ccd67c5625cac') in 0.128774 seconds 
========================================================================
Received Import Request.
  Time since last request: 2.703773 seconds.
  path: Assets/Prefabs/LaunchPad.prefab
  artifactKey: Guid(7ef162043585b1b4aad31ebf74288c5b) Importer(815301076,1909f56bfc062723c751e8b465ee728b)
Start importing Assets/Prefabs/LaunchPad.prefab using Guid(7ef162043585b1b4aad31ebf74288c5b) Importer(815301076,1909f56bfc062723c751e8b465ee728b)  -> (artifact id: 'bd6ae4ad5351644a203790a51a6436c8') in 0.014751 seconds 
========================================================================
Received Import Request.
  Time since last request: 2.421850 seconds.
  path: Assets/Prefabs/LaunchPad.prefab
  artifactKey: Guid(7ef162043585b1b4aad31ebf74288c5b) Importer(815301076,1909f56bfc062723c751e8b465ee728b)
Start importing Assets/Prefabs/LaunchPad.prefab using Guid(7ef162043585b1b4aad31ebf74288c5b) Importer(815301076,1909f56bfc062723c751e8b465ee728b)  -> (artifact id: '61124562d705a94929c926ee2525f292') in 0.013680 seconds 
========================================================================
Received Import Request.
  Time since last request: 5.439442 seconds.
  path: Assets/Prefabs/LaunchPad.prefab
  artifactKey: Guid(7ef162043585b1b4aad31ebf74288c5b) Importer(815301076,1909f56bfc062723c751e8b465ee728b)
Start importing Assets/Prefabs/LaunchPad.prefab using Guid(7ef162043585b1b4aad31ebf74288c5b) Importer(815301076,1909f56bfc062723c751e8b465ee728b)  -> (artifact id: '91fc26b0f0d4ef645394962f2ac57108') in 0.013545 seconds 
========================================================================
Received Import Request.
  Time since last request: 2.003182 seconds.
  path: Assets/Prefabs/LaunchPad.prefab
  artifactKey: Guid(7ef162043585b1b4aad31ebf74288c5b) Importer(815301076,1909f56bfc062723c751e8b465ee728b)
Start importing Assets/Prefabs/LaunchPad.prefab using Guid(7ef162043585b1b4aad31ebf74288c5b) Importer(815301076,1909f56bfc062723c751e8b465ee728b)  -> (artifact id: '395b146e0fdacd12749a0935b9b0a5d4') in 0.013940 seconds 
========================================================================
Received Import Request.
  Time since last request: 4.692072 seconds.
  path: Assets/Prefabs/LaunchPad.prefab
  artifactKey: Guid(7ef162043585b1b4aad31ebf74288c5b) Importer(815301076,1909f56bfc062723c751e8b465ee728b)
Start importing Assets/Prefabs/LaunchPad.prefab using Guid(7ef162043585b1b4aad31ebf74288c5b) Importer(815301076,1909f56bfc062723c751e8b465ee728b)  -> (artifact id: '0409fa7f5fe3320376f178a3ea09b96a') in 0.014250 seconds 
========================================================================
Received Import Request.
  Time since last request: 9.951610 seconds.
  path: Assets/Prefabs/LaunchPad.prefab
  artifactKey: Guid(7ef162043585b1b4aad31ebf74288c5b) Importer(815301076,1909f56bfc062723c751e8b465ee728b)
Start importing Assets/Prefabs/LaunchPad.prefab using Guid(7ef162043585b1b4aad31ebf74288c5b) Importer(815301076,1909f56bfc062723c751e8b465ee728b)  -> (artifact id: 'f58d5d87c111523698f7d46ac1d4f4e1') in 0.013696 seconds 
========================================================================
Received Import Request.
  Time since last request: 7.297415 seconds.
  path: Assets/Prefabs/LaunchPad.prefab
  artifactKey: Guid(7ef162043585b1b4aad31ebf74288c5b) Importer(815301076,1909f56bfc062723c751e8b465ee728b)
Start importing Assets/Prefabs/LaunchPad.prefab using Guid(7ef162043585b1b4aad31ebf74288c5b) Importer(815301076,1909f56bfc062723c751e8b465ee728b)  -> (artifact id: '69bbf6d8ac72535c8cc8779e9aee54f0') in 0.013979 seconds 
========================================================================
Received Import Request.
  Time since last request: 34.902035 seconds.
  path: Assets/Prefabs/LandingPad.prefab
  artifactKey: Guid(b97c69175d3055c448df330816a4676c) Importer(815301076,1909f56bfc062723c751e8b465ee728b)
Start importing Assets/Prefabs/LandingPad.prefab using Guid(b97c69175d3055c448df330816a4676c) Importer(815301076,1909f56bfc062723c751e8b465ee728b)  -> (artifact id: 'b67689e2d89890fe76261d0edbe7953b') in 0.014238 seconds 
========================================================================
Received Import Request.
  Time since last request: 3.621701 seconds.
  path: Assets/Prefabs/LandingPad.prefab
  artifactKey: Guid(b97c69175d3055c448df330816a4676c) Importer(815301076,1909f56bfc062723c751e8b465ee728b)
Start importing Assets/Prefabs/LandingPad.prefab using Guid(b97c69175d3055c448df330816a4676c) Importer(815301076,1909f56bfc062723c751e8b465ee728b)  -> (artifact id: '32c5119e00aa8fd362baa9adf8974f1d') in 0.013219 seconds 
========================================================================
Received Import Request.
  Time since last request: 2.007230 seconds.
  path: Assets/Prefabs/LandingPad.prefab
  artifactKey: Guid(b97c69175d3055c448df330816a4676c) Importer(815301076,1909f56bfc062723c751e8b465ee728b)
Start importing Assets/Prefabs/LandingPad.prefab using Guid(b97c69175d3055c448df330816a4676c) Importer(815301076,1909f56bfc062723c751e8b465ee728b)  -> (artifact id: 'd2aee402f83eb158269471b2f023e69d') in 0.014082 seconds 
========================================================================
Received Import Request.
  Time since last request: 3.458434 seconds.
  path: Assets/Prefabs/LandingPad.prefab
  artifactKey: Guid(b97c69175d3055c448df330816a4676c) Importer(815301076,1909f56bfc062723c751e8b465ee728b)
Start importing Assets/Prefabs/LandingPad.prefab using Guid(b97c69175d3055c448df330816a4676c) Importer(815301076,1909f56bfc062723c751e8b465ee728b)  -> (artifact id: '19e83bf49e7e645e883d5cf771631bf9') in 0.013920 seconds 
========================================================================
Received Import Request.
  Time since last request: 1.387179 seconds.
  path: Assets/Prefabs/LandingPad.prefab
  artifactKey: Guid(b97c69175d3055c448df330816a4676c) Importer(815301076,1909f56bfc062723c751e8b465ee728b)
Start importing Assets/Prefabs/LandingPad.prefab using Guid(b97c69175d3055c448df330816a4676c) Importer(815301076,1909f56bfc062723c751e8b465ee728b)  -> (artifact id: '85676a8df2732972a74da91607dc8c25') in 0.013783 seconds 
========================================================================
Received Import Request.
  Time since last request: 5.482961 seconds.
  path: Assets/Prefabs/LandingPad.prefab
  artifactKey: Guid(b97c69175d3055c448df330816a4676c) Importer(815301076,1909f56bfc062723c751e8b465ee728b)
Start importing Assets/Prefabs/LandingPad.prefab using Guid(b97c69175d3055c448df330816a4676c) Importer(815301076,1909f56bfc062723c751e8b465ee728b)  -> (artifact id: '4c581d3076bceb3e310aff235c59dbae') in 0.014154 seconds 
========================================================================
Received Prepare
Registering precompiled user dll's ...
Registered in 0.010961 seconds.
Begin MonoManager ReloadAssembly
Symbol file LoadedFromMemory doesn't match image C:\Users\Habybbo\Documents\GitHub\UnityExercises\FlyBy\Library\PackageCache\com.unity.visualscripting@1.7.8\Editor\VisualScripting.Core\Dependencies\YamlDotNet\Unity.VisualScripting.YamlDotNet.dll
Symbol file LoadedFromMemory doesn't match image C:\Users\Habybbo\Documents\GitHub\UnityExercises\FlyBy\Library\PackageCache\com.unity.visualscripting@1.7.8\Editor\VisualScripting.Core\Dependencies\DotNetZip\Unity.VisualScripting.IonicZip.dll
Native extension for WindowsStandalone target not found
Native extension for Android target not found
Native extension for WebGL target not found
Refreshing native plugins compatible for Editor in 0.97 ms, found 3 plugins.
Preloading 0 native plugins for Editor in 0.00 ms.
Mono: successfully reloaded assembly
- Completed reload, in  1.892 seconds
Domain Reload Profiling:
	ReloadAssembly (1893ms)
		BeginReloadAssembly (221ms)
			ExecutionOrderSort (0ms)
			DisableScriptedObjects (9ms)
			BackupInstance (0ms)
			ReleaseScriptingObjects (0ms)
			CreateAndSetChildDomain (53ms)
		EndReloadAssembly (1494ms)
			LoadAssemblies (147ms)
			RebuildTransferFunctionScriptingTraits (0ms)
			SetupTypeCache (454ms)
			ReleaseScriptCaches (2ms)
			RebuildScriptCaches (81ms)
			SetupLoadedEditorAssemblies (723ms)
				LogAssemblyErrors (0ms)
				InitializePlatformSupportModulesInManaged (43ms)
				SetLoadedEditorAssemblies (1ms)
				RefreshPlugins (1ms)
				BeforeProcessingInitializeOnLoad (143ms)
				ProcessInitializeOnLoadAttributes (461ms)
				ProcessInitializeOnLoadMethodAttributes (56ms)
				AfterProcessingInitializeOnLoad (18ms)
				EditorAssembliesLoaded (0ms)
			ExecutionOrderSort2 (0ms)
			AwakeInstancesAfterBackupRestoration (11ms)
Platform modules already initialized, skipping
Refreshing native plugins compatible for Editor in 3.38 ms, found 3 plugins.
Preloading 0 native plugins for Editor in 0.00 ms.
Unloading 3539 Unused Serialized files (Serialized files now loaded: 0)
Unloading 21 unused Assets / (152.3 KB). Loaded Objects now: 4104.
Memory consumption went from 251.6 MB to 251.4 MB.
Total: 4.798400 ms (FindLiveObjects: 0.370500 ms CreateObjectMapping: 0.195100 ms MarkObjects: 4.086300 ms  DeleteObjects: 0.144900 ms)

AssetImportParameters requested are different than current active one (requested -> active):
  custom:video-decoder-ogg-theora: a1e56fd34408186e4bbccfd4996cb3dc -> 
  custom:container-muxer-webm: aa71ff27fc2769a1b78a27578f13a17b -> 
  custom:container-demuxer-webm: 4f35f7cbe854078d1ac9338744f61a02 -> 
  custom:video-encoder-webm-vp8: eb34c28f22e8b96e1ab97ce403110664 -> 
  custom:audio-encoder-webm-vorbis: bf7c407c2cedff20999df2af8eb42d56 -> 
  custom:framework-win-MediaFoundation: 216162199b28c13a410421893ffa2e32 -> 
  custom:container-demuxer-ogg: 62fdf1f143b41e24485cea50d1cbac27 -> 
  custom:video-decoder-webm-vp8: 9c59270c3fd7afecdb556c50c9e8de78 -> 
  custom:audio-decoder-ogg-vorbis: bf7c407c2cedff20999df2af8eb42d56 -> 
========================================================================
Received Import Request.
  Time since last request: 133.766328 seconds.
  path: Assets/Prefabs/GlowingRock.prefab
  artifactKey: Guid(21d7dd31952e1c447a87dc7ad1f07847) Importer(815301076,1909f56bfc062723c751e8b465ee728b)
Start importing Assets/Prefabs/GlowingRock.prefab using Guid(21d7dd31952e1c447a87dc7ad1f07847) Importer(815301076,1909f56bfc062723c751e8b465ee728b)  -> (artifact id: 'd2d144b054c8eada769ef973c238ee00') in 0.304725 seconds 
========================================================================
Received Import Request.
  Time since last request: 19.251937 seconds.
  path: Assets/Scenes/L2.unity
  artifactKey: Guid(b79be0a01ffffa043ac2bad7545f59e3) Importer(815301076,1909f56bfc062723c751e8b465ee728b)
Start importing Assets/Scenes/L2.unity using Guid(b79be0a01ffffa043ac2bad7545f59e3) Importer(815301076,1909f56bfc062723c751e8b465ee728b)  -> (artifact id: 'dfd0fdfd878cb73b6987df48fb5662b5') in 0.003419 seconds 
========================================================================
Received Import Request.
  Time since last request: 1.052727 seconds.
  path: Assets/Scenes/L3.unity
  artifactKey: Guid(9910c75c544332c4d823f712a48f2815) Importer(815301076,1909f56bfc062723c751e8b465ee728b)
Start importing Assets/Scenes/L3.unity using Guid(9910c75c544332c4d823f712a48f2815) Importer(815301076,1909f56bfc062723c751e8b465ee728b)  -> (artifact id: 'f94702ef62aad300469d3cbd71b2817f') in 0.008660 seconds 
========================================================================
Received Import Request.
  Time since last request: 36.786015 seconds.
  path: Assets/Materials/Finish.mat
  artifactKey: Guid(33985ec043c4585408b4c8ffb602e62a) Importer(815301076,1909f56bfc062723c751e8b465ee728b)
Start importing Assets/Materials/Finish.mat using Guid(33985ec043c4585408b4c8ffb602e62a) Importer(815301076,1909f56bfc062723c751e8b465ee728b)  -> (artifact id: 'fafc97fef7a5efab14514b5c161b273f') in 0.056210 seconds 
========================================================================
Received Import Request.
  Time since last request: 0.000036 seconds.
  path: Assets/Materials/Start.mat
  artifactKey: Guid(3864e8d4603a49d49ac3df0c7270a39f) Importer(815301076,1909f56bfc062723c751e8b465ee728b)
Start importing Assets/Materials/Start.mat using Guid(3864e8d4603a49d49ac3df0c7270a39f) Importer(815301076,1909f56bfc062723c751e8b465ee728b)  -> (artifact id: 'c25e67a9be5bc9be03d609baac502e19') in 0.019464 seconds 
========================================================================
Received Import Request.
  Time since last request: 0.000038 seconds.
  path: Assets/Materials/Rocket.mat
  artifactKey: Guid(914a2486e91a2424b8d4d6724a5c6d06) Importer(815301076,1909f56bfc062723c751e8b465ee728b)
Start importing Assets/Materials/Rocket.mat using Guid(914a2486e91a2424b8d4d6724a5c6d06) Importer(815301076,1909f56bfc062723c751e8b465ee728b)  -> (artifact id: '7b877597fc540839e9db88b8e8c5e015') in 0.017114 seconds 
========================================================================
Received Import Request.
  Time since last request: 7.274819 seconds.
  path: Assets/Mars Landscape 3D/Resources/Materials/Crater_Brush.brush
  artifactKey: Guid(60fc75f5c726b458d97fb53592b33cbd) Importer(815301076,1909f56bfc062723c751e8b465ee728b)
Start importing Assets/Mars Landscape 3D/Resources/Materials/Crater_Brush.brush using Guid(60fc75f5c726b458d97fb53592b33cbd) Importer(815301076,1909f56bfc062723c751e8b465ee728b)  -> (artifact id: 'e9ba0b20b5f1c204dc0ad8ab91fd588b') in 0.033916 seconds 
========================================================================
Received Import Request.
  Time since last request: 0.007078 seconds.
  path: Assets/Mars Landscape 3D/Resources/Materials/Ground_03.terrainlayer
  artifactKey: Guid(13f086762e8674530af62b721b1065e3) Importer(815301076,1909f56bfc062723c751e8b465ee728b)
Start importing Assets/Mars Landscape 3D/Resources/Materials/Ground_03.terrainlayer using Guid(13f086762e8674530af62b721b1065e3) Importer(815301076,1909f56bfc062723c751e8b465ee728b)  -> (artifact id: '0d78bcddcd0f412b6a685e7dcba07916') in 0.057612 seconds 
========================================================================
Received Import Request.
  Time since last request: 0.000034 seconds.
  path: Assets/Mars Landscape 3D/Resources/Materials/ML3D_Rocks_02.mat
  artifactKey: Guid(ddbf0e092d7944606a2c5d9bfb10044c) Importer(815301076,1909f56bfc062723c751e8b465ee728b)
Start importing Assets/Mars Landscape 3D/Resources/Materials/ML3D_Rocks_02.mat using Guid(ddbf0e092d7944606a2c5d9bfb10044c) Importer(815301076,1909f56bfc062723c751e8b465ee728b)  -> (artifact id: 'c6eea5dd7c5257299bc8d484b5adf895') in 0.042475 seconds 
========================================================================
Received Import Request.
  Time since last request: 0.000038 seconds.
  path: Assets/Mars Landscape 3D/Resources/Materials/Skybox.mat
  artifactKey: Guid(23916da3af1104b4abeb3b9be53334b1) Importer(815301076,1909f56bfc062723c751e8b465ee728b)
Start importing Assets/Mars Landscape 3D/Resources/Materials/Skybox.mat using Guid(23916da3af1104b4abeb3b9be53334b1) Importer(815301076,1909f56bfc062723c751e8b465ee728b)  -> (artifact id: '539a94621eaea185f65a7aa91699043b') in 0.025045 seconds 
========================================================================
Received Import Request.
  Time since last request: 0.000039 seconds.
  path: Assets/Mars Landscape 3D/Resources/Materials/ML3D_Rocks_00.mat
  artifactKey: Guid(adf33d9b462294ac4bb0b485c9ecedfc) Importer(815301076,1909f56bfc062723c751e8b465ee728b)
Start importing Assets/Mars Landscape 3D/Resources/Materials/ML3D_Rocks_00.mat using Guid(adf33d9b462294ac4bb0b485c9ecedfc) Importer(815301076,1909f56bfc062723c751e8b465ee728b)  -> (artifact id: 'fa534600e9111d11f37cf1d3db0682a7') in 0.036825 seconds 
========================================================================
Received Prepare
Registering precompiled user dll's ...
Registered in 0.013680 seconds.
Begin MonoManager ReloadAssembly
Symbol file LoadedFromMemory doesn't match image C:\Users\Habybbo\Documents\GitHub\UnityExercises\FlyBy\Library\PackageCache\com.unity.visualscripting@1.7.8\Editor\VisualScripting.Core\Dependencies\YamlDotNet\Unity.VisualScripting.YamlDotNet.dll
Symbol file LoadedFromMemory doesn't match image C:\Users\Habybbo\Documents\GitHub\UnityExercises\FlyBy\Library\PackageCache\com.unity.visualscripting@1.7.8\Editor\VisualScripting.Core\Dependencies\DotNetZip\Unity.VisualScripting.IonicZip.dll
Native extension for WindowsStandalone target not found
Native extension for Android target not found
Native extension for WebGL target not found
Refreshing native plugins compatible for Editor in 0.89 ms, found 3 plugins.
Preloading 0 native plugins for Editor in 0.00 ms.
Mono: successfully reloaded assembly
- Completed reload, in  2.075 seconds
Domain Reload Profiling:
	ReloadAssembly (2077ms)
		BeginReloadAssembly (229ms)
			ExecutionOrderSort (0ms)
			DisableScriptedObjects (9ms)
			BackupInstance (0ms)
			ReleaseScriptingObjects (0ms)
			CreateAndSetChildDomain (57ms)
		EndReloadAssembly (1642ms)
			LoadAssemblies (160ms)
			RebuildTransferFunctionScriptingTraits (0ms)
			SetupTypeCache (533ms)
			ReleaseScriptCaches (3ms)
			RebuildScriptCaches (85ms)
			SetupLoadedEditorAssemblies (764ms)
				LogAssemblyErrors (0ms)
				InitializePlatformSupportModulesInManaged (51ms)
				SetLoadedEditorAssemblies (1ms)
				RefreshPlugins (1ms)
				BeforeProcessingInitializeOnLoad (143ms)
				ProcessInitializeOnLoadAttributes (489ms)
				ProcessInitializeOnLoadMethodAttributes (59ms)
				AfterProcessingInitializeOnLoad (19ms)
				EditorAssembliesLoaded (0ms)
			ExecutionOrderSort2 (0ms)
			AwakeInstancesAfterBackupRestoration (11ms)
Platform modules already initialized, skipping
Refreshing native plugins compatible for Editor in 3.37 ms, found 3 plugins.
Preloading 0 native plugins for Editor in 0.00 ms.
Unloading 3539 Unused Serialized files (Serialized files now loaded: 0)
Unloading 21 unused Assets / (152.3 KB). Loaded Objects now: 4159.
Memory consumption went from 251.8 MB to 251.7 MB.
Total: 6.015600 ms (FindLiveObjects: 0.448600 ms CreateObjectMapping: 0.225400 ms MarkObjects: 5.175800 ms  DeleteObjects: 0.163500 ms)

AssetImportParameters requested are different than current active one (requested -> active):
  custom:video-decoder-ogg-theora: a1e56fd34408186e4bbccfd4996cb3dc -> 
  custom:container-muxer-webm: aa71ff27fc2769a1b78a27578f13a17b -> 
  custom:container-demuxer-webm: 4f35f7cbe854078d1ac9338744f61a02 -> 
  custom:video-encoder-webm-vp8: eb34c28f22e8b96e1ab97ce403110664 -> 
  custom:audio-encoder-webm-vorbis: bf7c407c2cedff20999df2af8eb42d56 -> 
  custom:framework-win-MediaFoundation: 216162199b28c13a410421893ffa2e32 -> 
  custom:container-demuxer-ogg: 62fdf1f143b41e24485cea50d1cbac27 -> 
  custom:video-decoder-webm-vp8: 9c59270c3fd7afecdb556c50c9e8de78 -> 
  custom:audio-decoder-ogg-vorbis: bf7c407c2cedff20999df2af8eb42d56 -> 
Editor requested this worker to shutdown with reason: Scaling down because of idle timeout
AssetImportWorker is now disconnected from the server
Process exiting
Exiting without the bug reporter. Application will terminate with return code 0