Using pre-set license
Built from '2021.3/staging' branch; Version is '2021.3.10f1 (1c7d0df0160b) revision 1867021'; Using compiler version '192829333'; Build Type 'Release'
OS: 'Windows 10  (10.0.19044) 64bit Professional' Language: 'en' Physical Memory: 8057 MB
BatchMode: 1, IsHumanControllingUs: 0, StartBugReporterOnCrash: 0, Is64bit: 1, IsPro: 1

COMMAND LINE ARGUMENTS:
C:\Program Files\Unity\Hub\Editor\2021.3.10f1\Editor\Unity.exe
-adb2
-batchMode
-noUpm
-name
AssetImportWorker10
-projectPath
C:/Users/yandreev/Documents/GitHub/UnityExercises/FlyBy
-logFile
Logs/AssetImportWorker10.log
-srvPort
54507
Successfully changed project path to: C:/Users/yandreev/Documents/GitHub/UnityExercises/FlyBy
C:/Users/yandreev/Documents/GitHub/UnityExercises/FlyBy
[UnityMemory] Configuration Parameters - Can be set up in boot.config
    "memorysetup-bucket-allocator-granularity=16"
    "memorysetup-bucket-allocator-bucket-count=8"
    "memorysetup-bucket-allocator-block-size=33554432"
    "memorysetup-bucket-allocator-block-count=8"
    "memorysetup-main-allocator-block-size=16777216"
    "memorysetup-thread-allocator-block-size=16777216"
    "memorysetup-gfx-main-allocator-block-size=16777216"
    "memorysetup-gfx-thread-allocator-block-size=16777216"
    "memorysetup-cache-allocator-block-size=4194304"
    "memorysetup-typetree-allocator-block-size=2097152"
    "memorysetup-profiler-bucket-allocator-granularity=16"
    "memorysetup-profiler-bucket-allocator-bucket-count=8"
    "memorysetup-profiler-bucket-allocator-block-size=33554432"
    "memorysetup-profiler-bucket-allocator-block-count=8"
    "memorysetup-profiler-allocator-block-size=16777216"
    "memorysetup-profiler-editor-allocator-block-size=1048576"
    "memorysetup-temp-allocator-size-main=16777216"
    "memorysetup-job-temp-allocator-block-size=2097152"
    "memorysetup-job-temp-allocator-block-size-background=1048576"
    "memorysetup-job-temp-allocator-reduction-small-platforms=262144"
    "memorysetup-temp-allocator-size-background-worker=32768"
    "memorysetup-temp-allocator-size-job-worker=262144"
    "memorysetup-temp-allocator-size-preload-manager=33554432"
    "memorysetup-temp-allocator-size-nav-mesh-worker=65536"
    "memorysetup-temp-allocator-size-audio-worker=65536"
    "memorysetup-temp-allocator-size-cloud-worker=32768"
    "memorysetup-temp-allocator-size-gi-baking-worker=262144"
    "memorysetup-temp-allocator-size-gfx=262144"
Refreshing native plugins compatible for Editor in 215.29 ms, found 3 plugins.
Preloading 0 native plugins for Editor in 0.00 ms.
Initialize engine version: 2021.3.10f1 (1c7d0df0160b)
[Subsystems] Discovering subsystems at path C:/Program Files/Unity/Hub/Editor/2021.3.10f1/Editor/Data/Resources/UnitySubsystems
[Subsystems] Discovering subsystems at path C:/Users/yandreev/Documents/GitHub/UnityExercises/FlyBy/Assets
GfxDevice: creating device client; threaded=0; jobified=0
Direct3D:
    Version:  Direct3D 11.0 [level 11.1]
    Renderer: Intel(R) HD Graphics 4400 (ID=0x41e)
    Vendor:   Intel
    VRAM:     2048 MB
    Driver:   20.19.15.4835
Initialize mono
Mono path[0] = 'C:/Program Files/Unity/Hub/Editor/2021.3.10f1/Editor/Data/Managed'
Mono path[1] = 'C:/Program Files/Unity/Hub/Editor/2021.3.10f1/Editor/Data/MonoBleedingEdge/lib/mono/unityjit-win32'
Mono config path = 'C:/Program Files/Unity/Hub/Editor/2021.3.10f1/Editor/Data/MonoBleedingEdge/etc'
Using monoOptions --debugger-agent=transport=dt_socket,embedding=1,server=y,suspend=n,address=127.0.0.1:56364
Begin MonoManager ReloadAssembly
Registering precompiled unity dll's ...
Register platform support module: C:/Program Files/Unity/Hub/Editor/2021.3.10f1/Editor/Data/PlaybackEngines/WebGLSupport/UnityEditor.WebGL.Extensions.dll
Register platform support module: C:/Program Files/Unity/Hub/Editor/2021.3.10f1/Editor/Data/PlaybackEngines/AndroidPlayer/UnityEditor.Android.Extensions.dll
Register platform support module: C:/Program Files/Unity/Hub/Editor/2021.3.10f1/Editor/Data/PlaybackEngines/WindowsStandaloneSupport/UnityEditor.WindowsStandalone.Extensions.dll
Registered in 0.010884 seconds.
Native extension for WindowsStandalone target not found
Native extension for Android target not found
Native extension for WebGL target not found
Refreshing native plugins compatible for Editor in 98.92 ms, found 3 plugins.
Preloading 0 native plugins for Editor in 0.00 ms.
Mono: successfully reloaded assembly
- Completed reload, in  0.803 seconds
Domain Reload Profiling:
	ReloadAssembly (803ms)
		BeginReloadAssembly (102ms)
			ExecutionOrderSort (0ms)
			DisableScriptedObjects (0ms)
			BackupInstance (0ms)
			ReleaseScriptingObjects (0ms)
			CreateAndSetChildDomain (1ms)
		EndReloadAssembly (568ms)
			LoadAssemblies (97ms)
			RebuildTransferFunctionScriptingTraits (0ms)
			SetupTypeCache (132ms)
			ReleaseScriptCaches (0ms)
			RebuildScriptCaches (34ms)
			SetupLoadedEditorAssemblies (342ms)
				LogAssemblyErrors (0ms)
				InitializePlatformSupportModulesInManaged (72ms)
				SetLoadedEditorAssemblies (0ms)
				RefreshPlugins (99ms)
				BeforeProcessingInitializeOnLoad (1ms)
				ProcessInitializeOnLoadAttributes (118ms)
				ProcessInitializeOnLoadMethodAttributes (52ms)
				AfterProcessingInitializeOnLoad (0ms)
				EditorAssembliesLoaded (0ms)
			ExecutionOrderSort2 (0ms)
			AwakeInstancesAfterBackupRestoration (0ms)
Platform modules already initialized, skipping
Registering precompiled user dll's ...
Registered in 0.009544 seconds.
Begin MonoManager ReloadAssembly
Symbol file LoadedFromMemory doesn't match image C:\Users\yandreev\Documents\GitHub\UnityExercises\FlyBy\Library\PackageCache\com.unity.visualscripting@1.7.8\Editor\VisualScripting.Core\Dependencies\YamlDotNet\Unity.VisualScripting.YamlDotNet.dll
Symbol file LoadedFromMemory doesn't match image C:\Users\yandreev\Documents\GitHub\UnityExercises\FlyBy\Library\PackageCache\com.unity.visualscripting@1.7.8\Editor\VisualScripting.Core\Dependencies\DotNetZip\Unity.VisualScripting.IonicZip.dll
Native extension for WindowsStandalone target not found
Native extension for Android target not found
Native extension for WebGL target not found
Refreshing native plugins compatible for Editor in 0.71 ms, found 3 plugins.
Preloading 0 native plugins for Editor in 0.00 ms.
Mono: successfully reloaded assembly
- Completed reload, in  1.454 seconds
Domain Reload Profiling:
	ReloadAssembly (1455ms)
		BeginReloadAssembly (279ms)
			ExecutionOrderSort (0ms)
			DisableScriptedObjects (10ms)
			BackupInstance (0ms)
			ReleaseScriptingObjects (0ms)
			CreateAndSetChildDomain (144ms)
		EndReloadAssembly (1034ms)
			LoadAssemblies (104ms)
			RebuildTransferFunctionScriptingTraits (0ms)
			SetupTypeCache (341ms)
			ReleaseScriptCaches (1ms)
			RebuildScriptCaches (68ms)
			SetupLoadedEditorAssemblies (473ms)
				LogAssemblyErrors (0ms)
				InitializePlatformSupportModulesInManaged (18ms)
				SetLoadedEditorAssemblies (1ms)
				RefreshPlugins (1ms)
				BeforeProcessingInitializeOnLoad (109ms)
				ProcessInitializeOnLoadAttributes (302ms)
				ProcessInitializeOnLoadMethodAttributes (32ms)
				AfterProcessingInitializeOnLoad (10ms)
				EditorAssembliesLoaded (0ms)
			ExecutionOrderSort2 (0ms)
			AwakeInstancesAfterBackupRestoration (7ms)
Platform modules already initialized, skipping
========================================================================
Worker process is ready to serve import requests
Launched and connected shader compiler UnityShaderCompiler.exe after 0.05 seconds
Refreshing native plugins compatible for Editor in 0.96 ms, found 3 plugins.
Preloading 0 native plugins for Editor in 0.00 ms.
Unloading 3543 Unused Serialized files (Serialized files now loaded: 0)
Unloading 40 unused Assets / (184.7 KB). Loaded Objects now: 4040.
Memory consumption went from 239.1 MB to 239.0 MB.
Total: 3.717400 ms (FindLiveObjects: 0.352400 ms CreateObjectMapping: 0.352100 ms MarkObjects: 2.868500 ms  DeleteObjects: 0.143500 ms)

AssetImportParameters requested are different than current active one (requested -> active):
  custom:video-decoder-ogg-theora: a1e56fd34408186e4bbccfd4996cb3dc -> 
  custom:container-muxer-webm: aa71ff27fc2769a1b78a27578f13a17b -> 
  custom:container-demuxer-webm: 4f35f7cbe854078d1ac9338744f61a02 -> 
  custom:video-encoder-webm-vp8: eb34c28f22e8b96e1ab97ce403110664 -> 
  custom:video-codec-MediaFoundation-h265: 746d11721c4dcdbdad8f713fa42b33f4 -> 
  custom:audio-encoder-webm-vorbis: bf7c407c2cedff20999df2af8eb42d56 -> 
  custom:framework-win-MediaFoundation: 216162199b28c13a410421893ffa2e32 -> 
  custom:container-demuxer-ogg: 62fdf1f143b41e24485cea50d1cbac27 -> 
  custom:video-decoder-webm-vp8: 9c59270c3fd7afecdb556c50c9e8de78 -> 
  custom:audio-decoder-ogg-vorbis: bf7c407c2cedff20999df2af8eb42d56 -> 
========================================================================
Received Import Request.
  Time since last request: 26042.971943 seconds.
  path: Assets/Prefabs/Wall.prefab
  artifactKey: Guid(27de9b46810b6cb43a42d88e0fc16a93) Importer(815301076,1909f56bfc062723c751e8b465ee728b)
Start importing Assets/Prefabs/Wall.prefab using Guid(27de9b46810b6cb43a42d88e0fc16a93) Importer(815301076,1909f56bfc062723c751e8b465ee728b)  -> (artifact id: '67dab39d709fda86e95497ce4167085d') in 0.174559 seconds 
========================================================================
Received Import Request.
  Time since last request: 69.240556 seconds.
  path: Assets/Prefabs/Ground.prefab
  artifactKey: Guid(1089ad72b1a62844fa2dc29d2f600e6a) Importer(815301076,1909f56bfc062723c751e8b465ee728b)
Start importing Assets/Prefabs/Ground.prefab using Guid(1089ad72b1a62844fa2dc29d2f600e6a) Importer(815301076,1909f56bfc062723c751e8b465ee728b)  -> (artifact id: '4bd79a24784b489be8765e184497b052') in 0.047619 seconds 
========================================================================
Received Import Request.
  Time since last request: 170.813465 seconds.
  path: Assets/Prefabs/Virtual Follow Camera.prefab
  artifactKey: Guid(a691a95adbd3b4d4197689d92dc457b7) Importer(815301076,1909f56bfc062723c751e8b465ee728b)
Start importing Assets/Prefabs/Virtual Follow Camera.prefab using Guid(a691a95adbd3b4d4197689d92dc457b7) Importer(815301076,1909f56bfc062723c751e8b465ee728b)  -> (artifact id: 'b08aa74177cbceaeb57145dd9198e8b4') in 0.019485 seconds 
========================================================================
Received Import Request.
  Time since last request: 4.077144 seconds.
  path: Assets/Mars Landscape 3D/Prefabs/ML3D_Rocks_01_00.prefab
  artifactKey: Guid(7de0b1ba75ead40c9ba800f7046b9cb0) Importer(815301076,1909f56bfc062723c751e8b465ee728b)
Start importing Assets/Mars Landscape 3D/Prefabs/ML3D_Rocks_01_00.prefab using Guid(7de0b1ba75ead40c9ba800f7046b9cb0) Importer(815301076,1909f56bfc062723c751e8b465ee728b)  -> (artifact id: '5c37e7673441e4ada92891c9cf842ee7') in 0.092734 seconds 
========================================================================
Received Import Request.
  Time since last request: 0.000030 seconds.
  path: Assets/Mars Landscape 3D/Prefabs/ML3D_Rocks_01_02.prefab
  artifactKey: Guid(668d533b4cc604279955870abf757506) Importer(815301076,1909f56bfc062723c751e8b465ee728b)
Start importing Assets/Mars Landscape 3D/Prefabs/ML3D_Rocks_01_02.prefab using Guid(668d533b4cc604279955870abf757506) Importer(815301076,1909f56bfc062723c751e8b465ee728b)  -> (artifact id: '50129fa49bd378dbbd65bd36528ba4a0') in 0.117715 seconds 
========================================================================
Received Import Request.
  Time since last request: 128.639267 seconds.
  path: Assets/Prefabs/RockObstacle.prefab
  artifactKey: Guid(1c66a78aaa519cc4484c0995e96b9dc3) Importer(815301076,1909f56bfc062723c751e8b465ee728b)
Start importing Assets/Prefabs/RockObstacle.prefab using Guid(1c66a78aaa519cc4484c0995e96b9dc3) Importer(815301076,1909f56bfc062723c751e8b465ee728b)  -> (artifact id: '1af11bc6ffa934fb8cfc47c6b3fcd2ca') in 0.117123 seconds 
========================================================================
Received Import Request.
  Time since last request: 13.449462 seconds.
  path: Assets/Mars Landscape 3D/Scenes/Mars Landscape 3D Overview_Profiles/MarsLandscape3DPost-ProcessingVolumeProfile.asset
  artifactKey: Guid(c30811e6a75df4309b68ce71c0eb88b4) Importer(815301076,1909f56bfc062723c751e8b465ee728b)
Start importing Assets/Mars Landscape 3D/Scenes/Mars Landscape 3D Overview_Profiles/MarsLandscape3DPost-ProcessingVolumeProfile.asset using Guid(c30811e6a75df4309b68ce71c0eb88b4) Importer(815301076,1909f56bfc062723c751e8b465ee728b)  -> (artifact id: 'a74f3b2dcc96bf65fee5976dfac61e17') in 0.010287 seconds 
========================================================================
Received Import Request.
  Time since last request: 19.925951 seconds.
  path: Assets/Scenes/L2.unity
  artifactKey: Guid(f47406e5599a8824785d7dfcf37319a3) Importer(815301076,1909f56bfc062723c751e8b465ee728b)
Start importing Assets/Scenes/L2.unity using Guid(f47406e5599a8824785d7dfcf37319a3) Importer(815301076,1909f56bfc062723c751e8b465ee728b)  -> (artifact id: '44700f02b5cb729c33a1c0e8e683aebe') in 0.006438 seconds 
========================================================================
Received Import Request.
  Time since last request: 6.879691 seconds.
  path: Assets/Scenes/L3.unity
  artifactKey: Guid(ccfbc970b4b06db4e85bd8ccbcb6abbb) Importer(815301076,1909f56bfc062723c751e8b465ee728b)
Start importing Assets/Scenes/L3.unity using Guid(ccfbc970b4b06db4e85bd8ccbcb6abbb) Importer(815301076,1909f56bfc062723c751e8b465ee728b)  -> (artifact id: 'a140e9e87f5ebc93da9be83da4ad1afd') in 0.024337 seconds 
========================================================================
Received Import Request.
  Time since last request: 9.035048 seconds.
  path: Assets/Scenes/L1.unity
  artifactKey: Guid(9fc0d4010bbf28b4594072e72b8655ab) Importer(815301076,1909f56bfc062723c751e8b465ee728b)
Start importing Assets/Scenes/L1.unity using Guid(9fc0d4010bbf28b4594072e72b8655ab) Importer(815301076,1909f56bfc062723c751e8b465ee728b)  -> (artifact id: 'a828fd555f44bc479f39b687e63d7432') in 0.012314 seconds 
========================================================================
Received Import Request.
  Time since last request: 165.830681 seconds.
  path: Assets/Mars Landscape 3D/Prefabs/ML3D_Rocks_00_00.prefab
  artifactKey: Guid(719667f2035d442a8b6fc78d6a10a7fa) Importer(815301076,1909f56bfc062723c751e8b465ee728b)
Start importing Assets/Mars Landscape 3D/Prefabs/ML3D_Rocks_00_00.prefab using Guid(719667f2035d442a8b6fc78d6a10a7fa) Importer(815301076,1909f56bfc062723c751e8b465ee728b)  -> (artifact id: 'd843bd47eea20c5f498432f69c43791b') in 0.258554 seconds 
========================================================================
Received Import Request.
  Time since last request: 0.000044 seconds.
  path: Assets/Mars Landscape 3D/Prefabs/ML3D_Rocks_01_03.prefab
  artifactKey: Guid(a9d47e8a5c98f498a84556b79162a1cf) Importer(815301076,1909f56bfc062723c751e8b465ee728b)
Start importing Assets/Mars Landscape 3D/Prefabs/ML3D_Rocks_01_03.prefab using Guid(a9d47e8a5c98f498a84556b79162a1cf) Importer(815301076,1909f56bfc062723c751e8b465ee728b)  -> (artifact id: '2776841e0082b757bea8f32cad8a5bbe') in 0.178423 seconds 
========================================================================
Received Import Request.
  Time since last request: 0.000141 seconds.
  path: Assets/Mars Landscape 3D/Prefabs/ML3D_Rocks_00_03.prefab
  artifactKey: Guid(47020d386b9454617bc9f694b04dc18d) Importer(815301076,1909f56bfc062723c751e8b465ee728b)
Start importing Assets/Mars Landscape 3D/Prefabs/ML3D_Rocks_00_03.prefab using Guid(47020d386b9454617bc9f694b04dc18d) Importer(815301076,1909f56bfc062723c751e8b465ee728b)  -> (artifact id: '031af72a53b424872540c447cf1af851') in 0.127592 seconds 
========================================================================
Received Import Request.
  Time since last request: 0.000075 seconds.
  path: Assets/Mars Landscape 3D/Prefabs/ML3D_Rocks_00_02.prefab
  artifactKey: Guid(692d26f9515e849e6bf8a16deaab7230) Importer(815301076,1909f56bfc062723c751e8b465ee728b)
Start importing Assets/Mars Landscape 3D/Prefabs/ML3D_Rocks_00_02.prefab using Guid(692d26f9515e849e6bf8a16deaab7230) Importer(815301076,1909f56bfc062723c751e8b465ee728b)  -> (artifact id: 'c8bc1e6b86c14c87344f45a9fe7b8f88') in 0.119842 seconds 
Editor requested this worker to shutdown with reason: Scaling down because of idle timeout
AssetImportWorker is now disconnected from the server
Process exiting
Exiting without the bug reporter. Application will terminate with return code 0